0 verbose cli /data/data/com.termux/files/usr/bin/node /data/data/com.termux/files/usr/bin/npm
1 info using npm@10.9.3
2 info using node@v22.19.0
3 silly config load:file:/data/data/com.termux/files/usr/lib/node_modules/npm/npmrc
4 silly config load:file:/data/data/com.termux/files/home/.npmrc
5 silly config load:file:/data/data/com.termux/files/usr/etc/npmrc
6 verbose title npm install
7 verbose argv "install"
8 verbose logfile logs-max:10 dir:/data/data/com.termux/files/home/.npm/_logs/2025-09-11T11_31_00_169Z-
9 verbose logfile /data/data/com.termux/files/home/.npm/_logs/2025-09-11T11_31_00_169Z-debug-0.log
10 silly logfile start cleaning logs, removing 1 files
11 silly packumentCache heap:752877568 maxSize:188219392 maxEntrySize:94109696
12 silly logfile done cleaning log files
13 silly idealTree buildDeps
14 silly fetch manifest @hapi/boom@^10.0.1
15 silly packumentCache full:https://registry.npmjs.org/@hapi%2fboom cache-miss
16 http fetch GET 200 https://registry.npmjs.org/@hapi%2fboom 2977ms (cache revalidated)
17 silly packumentCache full:https://registry.npmjs.org/@hapi%2fboom set size:55554 disposed:false
18 silly fetch manifest @whiskeysockets/baileys@^7.0.0-rc.2
19 silly packumentCache full:https://registry.npmjs.org/@whiskeysockets%2fbaileys cache-miss
20 http fetch GET 200 https://registry.npmjs.org/@whiskeysockets%2fbaileys 2000ms (cache revalidated)
21 silly packumentCache full:https://registry.npmjs.org/@whiskeysockets%2fbaileys set size:168923 disposed:false
22 silly fetch manifest audio-decode@^2.1.3
23 silly packumentCache full:https://registry.npmjs.org/audio-decode cache-miss
24 http fetch GET 200 https://registry.npmjs.org/audio-decode 334ms (cache revalidated)
25 silly packumentCache full:https://registry.npmjs.org/audio-decode set size:68555 disposed:false
26 silly fetch manifest jimp@^1.6.0
27 silly packumentCache full:https://registry.npmjs.org/jimp cache-miss
28 http fetch GET 200 https://registry.npmjs.org/jimp 337ms (cache revalidated)
29 silly packumentCache full:https://registry.npmjs.org/jimp set size:1192935 disposed:false
30 silly fetch manifest link-preview-js@^3.0.0
31 silly packumentCache full:https://registry.npmjs.org/link-preview-js cache-miss
32 http fetch GET 200 https://registry.npmjs.org/link-preview-js 353ms (cache revalidated)
33 silly packumentCache full:https://registry.npmjs.org/link-preview-js set size:140735 disposed:false
34 silly fetch manifest sharp@*
35 silly packumentCache full:https://registry.npmjs.org/sharp cache-miss
36 http fetch GET 200 https://registry.npmjs.org/sharp 370ms (cache revalidated)
37 silly packumentCache full:https://registry.npmjs.org/sharp set size:972854 disposed:false
38 silly fetch manifest qrcode-terminal@^0.12.0
39 silly packumentCache full:https://registry.npmjs.org/qrcode-terminal cache-miss
40 http fetch GET 200 https://registry.npmjs.org/qrcode-terminal 396ms (cache revalidated)
41 silly packumentCache full:https://registry.npmjs.org/qrcode-terminal set size:29799 disposed:false
42 silly placeDep ROOT @hapi/boom@10.0.1 OK for: home@1.0.0 want: ^10.0.1
43 silly placeDep ROOT @whiskeysockets/baileys@7.0.0-rc.2 OK for: home@1.0.0 want: ^7.0.0-rc.2
44 silly placeDep ROOT sharp@0.34.3 OK for: @whiskeysockets/baileys@7.0.0-rc.2 want: *
45 silly placeDep ROOT qrcode-terminal@0.12.0 OK for: home@1.0.0 want: ^0.12.0
46 silly fetch manifest @hapi/hoek@^11.0.2
47 silly packumentCache full:https://registry.npmjs.org/@hapi%2fhoek cache-miss
48 silly fetch manifest @cacheable/node-cache@^1.4.0
49 silly packumentCache full:https://registry.npmjs.org/@cacheable%2fnode-cache cache-miss
50 silly fetch manifest @hapi/boom@^9.1.3
51 silly packumentCache full:https://registry.npmjs.org/@hapi%2fboom cache-hit
52 silly fetch manifest async-mutex@^0.5.0
53 silly packumentCache full:https://registry.npmjs.org/async-mutex cache-miss
54 silly fetch manifest axios@^1.6.0
55 silly packumentCache full:https://registry.npmjs.org/axios cache-miss
56 silly fetch manifest libsignal@git+https://github.com/whiskeysockets/libsignal-node.git
57 silly fetch manifest lru-cache@^11.1.0
58 silly packumentCache full:https://registry.npmjs.org/lru-cache cache-miss
59 silly fetch manifest music-metadata@^11.7.0
60 silly packumentCache full:https://registry.npmjs.org/music-metadata cache-miss
61 http fetch GET 200 https://registry.npmjs.org/@hapi%2fhoek 583ms (cache revalidated)
62 silly packumentCache full:https://registry.npmjs.org/@hapi%2fhoek set size:121527 disposed:false
63 silly fetch manifest pino@^9.6
64 silly packumentCache full:https://registry.npmjs.org/pino cache-miss
65 http fetch GET 200 https://registry.npmjs.org/pino 395ms (cache revalidated)
66 silly packumentCache full:https://registry.npmjs.org/pino set size:1208836 disposed:false
67 silly fetch manifest protobufjs@^7.2.4
68 silly packumentCache full:https://registry.npmjs.org/protobufjs cache-miss
69 http fetch GET 200 https://registry.npmjs.org/protobufjs 412ms (cache revalidated)
70 silly packumentCache full:https://registry.npmjs.org/protobufjs set size:630901 disposed:false
71 silly fetch manifest ws@^8.13.0
72 silly packumentCache full:https://registry.npmjs.org/ws cache-miss
73 http fetch GET 200 https://registry.npmjs.org/axios 1704ms (cache revalidated)
74 silly packumentCache full:https://registry.npmjs.org/axios set size:612921 disposed:false
75 silly fetch manifest color@^4.2.3
76 silly packumentCache full:https://registry.npmjs.org/color cache-miss
77 http fetch GET 200 https://registry.npmjs.org/lru-cache 1773ms (cache revalidated)
78 silly packumentCache full:https://registry.npmjs.org/lru-cache set size:397286 disposed:false
79 silly fetch manifest detect-libc@^2.0.4
80 silly packumentCache full:https://registry.npmjs.org/detect-libc cache-miss
81 http fetch GET 200 https://registry.npmjs.org/async-mutex 1859ms (cache revalidated)
82 silly packumentCache full:https://registry.npmjs.org/async-mutex set size:76106 disposed:false
83 silly fetch manifest semver@^7.7.2
84 silly packumentCache full:https://registry.npmjs.org/semver cache-miss
85 http fetch GET 200 https://registry.npmjs.org/ws 394ms (cache revalidated)
86 silly packumentCache full:https://registry.npmjs.org/ws set size:410885 disposed:false
87 silly fetch manifest @img/sharp-darwin-arm64@0.34.3
88 silly packumentCache full:https://registry.npmjs.org/@img%2fsharp-darwin-arm64 cache-miss
89 http fetch GET 200 https://registry.npmjs.org/color 407ms (cache revalidated)
90 silly packumentCache full:https://registry.npmjs.org/color set size:86166 disposed:false
91 silly fetch manifest @img/sharp-darwin-x64@0.34.3
92 silly packumentCache full:https://registry.npmjs.org/@img%2fsharp-darwin-x64 cache-miss
93 http fetch GET 200 https://registry.npmjs.org/detect-libc 433ms (cache revalidated)
94 silly packumentCache full:https://registry.npmjs.org/detect-libc set size:38400 disposed:false
95 silly fetch manifest @img/sharp-libvips-darwin-arm64@1.2.0
96 silly packumentCache full:https://registry.npmjs.org/@img%2fsharp-libvips-darwin-arm64 cache-miss
97 http fetch GET 200 https://registry.npmjs.org/semver 421ms (cache revalidated)
98 silly packumentCache full:https://registry.npmjs.org/semver set size:224186 disposed:false
99 silly fetch manifest @img/sharp-libvips-darwin-x64@1.2.0
100 silly packumentCache full:https://registry.npmjs.org/@img%2fsharp-libvips-darwin-x64 cache-miss
101 http fetch GET 200 https://registry.npmjs.org/@img%2fsharp-darwin-arm64 401ms (cache revalidated)
102 silly packumentCache full:https://registry.npmjs.org/@img%2fsharp-darwin-arm64 set size:52294 disposed:false
103 silly fetch manifest @img/sharp-libvips-linux-arm@1.2.0
104 silly packumentCache full:https://registry.npmjs.org/@img%2fsharp-libvips-linux-arm cache-miss
105 http fetch GET 200 https://registry.npmjs.org/@img%2fsharp-darwin-x64 382ms (cache revalidated)
106 silly packumentCache full:https://registry.npmjs.org/@img%2fsharp-darwin-x64 set size:51571 disposed:false
107 silly fetch manifest @img/sharp-libvips-linux-arm64@1.2.0
108 silly packumentCache full:https://registry.npmjs.org/@img%2fsharp-libvips-linux-arm64 cache-miss
109 http fetch GET 200 https://registry.npmjs.org/@img%2fsharp-libvips-linux-arm 418ms (cache revalidated)
110 silly packumentCache full:https://registry.npmjs.org/@img%2fsharp-libvips-linux-arm set size:44014 disposed:false
111 silly fetch manifest @img/sharp-libvips-linux-ppc64@1.2.0
112 silly packumentCache full:https://registry.npmjs.org/@img%2fsharp-libvips-linux-ppc64 cache-miss
113 http fetch GET 200 https://registry.npmjs.org/@img%2fsharp-libvips-darwin-x64 509ms (cache revalidated)
114 silly packumentCache full:https://registry.npmjs.org/@img%2fsharp-libvips-darwin-x64 set size:37671 disposed:false
115 silly fetch manifest @img/sharp-libvips-linux-s390x@1.2.0
116 silly packumentCache full:https://registry.npmjs.org/@img%2fsharp-libvips-linux-s390x cache-miss
117 http fetch GET 200 https://registry.npmjs.org/@img%2fsharp-libvips-darwin-arm64 729ms (cache revalidated)
118 silly packumentCache full:https://registry.npmjs.org/@img%2fsharp-libvips-darwin-arm64 set size:38106 disposed:false
119 silly fetch manifest @img/sharp-libvips-linux-x64@1.2.0
120 silly packumentCache full:https://registry.npmjs.org/@img%2fsharp-libvips-linux-x64 cache-miss
121 http fetch GET 200 https://registry.npmjs.org/@img%2fsharp-libvips-linux-arm64 579ms (cache revalidated)
122 silly packumentCache full:https://registry.npmjs.org/@img%2fsharp-libvips-linux-arm64 set size:40766 disposed:false
123 silly fetch manifest @img/sharp-libvips-linuxmusl-arm64@1.2.0
124 silly packumentCache full:https://registry.npmjs.org/@img%2fsharp-libvips-linuxmusl-arm64 cache-miss
125 http fetch GET 200 https://registry.npmjs.org/@img%2fsharp-libvips-linux-ppc64 402ms (cache revalidated)
126 silly packumentCache full:https://registry.npmjs.org/@img%2fsharp-libvips-linux-ppc64 set size:28008 disposed:false
127 silly fetch manifest @img/sharp-libvips-linuxmusl-x64@1.2.0
128 silly packumentCache full:https://registry.npmjs.org/@img%2fsharp-libvips-linuxmusl-x64 cache-miss
129 http fetch GET 200 https://registry.npmjs.org/@img%2fsharp-libvips-linux-s390x 420ms (cache revalidated)
130 silly packumentCache full:https://registry.npmjs.org/@img%2fsharp-libvips-linux-s390x set size:37005 disposed:false
131 silly fetch manifest @img/sharp-linux-arm@0.34.3
132 silly packumentCache full:https://registry.npmjs.org/@img%2fsharp-linux-arm cache-miss
133 http fetch GET 200 https://registry.npmjs.org/music-metadata 3229ms (cache revalidated)
134 silly packumentCache full:https://registry.npmjs.org/music-metadata set size:1216951 disposed:false
135 silly fetch manifest @img/sharp-linux-arm64@0.34.3
136 silly packumentCache full:https://registry.npmjs.org/@img%2fsharp-linux-arm64 cache-miss
137 http fetch GET 200 https://registry.npmjs.org/@cacheable%2fnode-cache 3458ms (cache revalidated)
138 silly packumentCache full:https://registry.npmjs.org/@cacheable%2fnode-cache set size:67573 disposed:false
139 silly fetch manifest @img/sharp-linux-ppc64@0.34.3
140 silly packumentCache full:https://registry.npmjs.org/@img%2fsharp-linux-ppc64 cache-miss
141 http fetch GET 200 https://registry.npmjs.org/@img%2fsharp-libvips-linuxmusl-arm64 427ms (cache revalidated)
142 silly packumentCache full:https://registry.npmjs.org/@img%2fsharp-libvips-linuxmusl-arm64 set size:39407 disposed:false
143 silly fetch manifest @img/sharp-linux-s390x@0.34.3
144 silly packumentCache full:https://registry.npmjs.org/@img%2fsharp-linux-s390x cache-miss
145 http fetch GET 200 https://registry.npmjs.org/@img%2fsharp-libvips-linux-x64 613ms (cache revalidated)
146 silly packumentCache full:https://registry.npmjs.org/@img%2fsharp-libvips-linux-x64 set size:42118 disposed:false
147 silly fetch manifest @img/sharp-linux-x64@0.34.3
148 silly packumentCache full:https://registry.npmjs.org/@img%2fsharp-linux-x64 cache-miss
149 http fetch GET 200 https://registry.npmjs.org/@img%2fsharp-libvips-linuxmusl-x64 523ms (cache revalidated)
150 silly packumentCache full:https://registry.npmjs.org/@img%2fsharp-libvips-linuxmusl-x64 set size:38938 disposed:false
151 silly fetch manifest @img/sharp-linuxmusl-arm64@0.34.3
152 silly packumentCache full:https://registry.npmjs.org/@img%2fsharp-linuxmusl-arm64 cache-miss
153 http fetch GET 200 https://registry.npmjs.org/@img%2fsharp-linux-arm 500ms (cache revalidated)
154 silly packumentCache full:https://registry.npmjs.org/@img%2fsharp-linux-arm set size:52646 disposed:false
155 silly fetch manifest @img/sharp-linuxmusl-x64@0.34.3
156 silly packumentCache full:https://registry.npmjs.org/@img%2fsharp-linuxmusl-x64 cache-miss
157 http fetch GET 200 https://registry.npmjs.org/@img%2fsharp-linux-arm64 497ms (cache revalidated)
158 silly packumentCache full:https://registry.npmjs.org/@img%2fsharp-linux-arm64 set size:53085 disposed:false
159 silly fetch manifest @img/sharp-wasm32@0.34.3
160 silly packumentCache full:https://registry.npmjs.org/@img%2fsharp-wasm32 cache-miss
161 http fetch GET 200 https://registry.npmjs.org/@img%2fsharp-linux-s390x 404ms (cache revalidated)
162 silly packumentCache full:https://registry.npmjs.org/@img%2fsharp-linux-s390x set size:51081 disposed:false
163 silly fetch manifest @img/sharp-win32-arm64@0.34.3
164 silly packumentCache full:https://registry.npmjs.org/@img%2fsharp-win32-arm64 cache-miss
165 http fetch GET 200 https://registry.npmjs.org/@img%2fsharp-linux-x64 403ms (cache revalidated)
166 silly packumentCache full:https://registry.npmjs.org/@img%2fsharp-linux-x64 set size:52371 disposed:false
167 silly fetch manifest @img/sharp-win32-ia32@0.34.3
168 silly packumentCache full:https://registry.npmjs.org/@img%2fsharp-win32-ia32 cache-miss
169 http fetch GET 200 https://registry.npmjs.org/@img%2fsharp-linux-ppc64 604ms (cache revalidated)
170 silly packumentCache full:https://registry.npmjs.org/@img%2fsharp-linux-ppc64 set size:17820 disposed:false
171 silly fetch manifest @img/sharp-win32-x64@0.34.3
172 silly packumentCache full:https://registry.npmjs.org/@img%2fsharp-win32-x64 cache-miss
173 http fetch GET 200 https://registry.npmjs.org/@img%2fsharp-linuxmusl-arm64 428ms (cache revalidated)
174 silly packumentCache full:https://registry.npmjs.org/@img%2fsharp-linuxmusl-arm64 set size:53947 disposed:false
175 http fetch GET 200 https://registry.npmjs.org/@img%2fsharp-linuxmusl-x64 413ms (cache revalidated)
176 silly packumentCache full:https://registry.npmjs.org/@img%2fsharp-linuxmusl-x64 set size:53227 disposed:false
177 http fetch GET 200 https://registry.npmjs.org/@img%2fsharp-wasm32 400ms (cache revalidated)
178 silly packumentCache full:https://registry.npmjs.org/@img%2fsharp-wasm32 set size:50688 disposed:false
179 http fetch GET 200 https://registry.npmjs.org/@img%2fsharp-win32-ia32 418ms (cache revalidated)
180 silly packumentCache full:https://registry.npmjs.org/@img%2fsharp-win32-ia32 set size:55612 disposed:false
181 http fetch GET 200 https://registry.npmjs.org/@img%2fsharp-win32-arm64 474ms (cache revalidated)
182 silly packumentCache full:https://registry.npmjs.org/@img%2fsharp-win32-arm64 set size:14503 disposed:false
183 http fetch GET 200 https://registry.npmjs.org/@img%2fsharp-win32-x64 452ms (cache revalidated)
184 silly packumentCache full:https://registry.npmjs.org/@img%2fsharp-win32-x64 set size:55114 disposed:false
185 silly placeDep ROOT @hapi/hoek@11.0.7 OK for: @hapi/boom@10.0.1 want: ^11.0.2
186 silly fetch manifest bufferutil@^4.0.1
187 silly packumentCache full:https://registry.npmjs.org/bufferutil cache-miss
188 http fetch GET 200 https://registry.npmjs.org/bufferutil 376ms (cache revalidated)
189 silly packumentCache full:https://registry.npmjs.org/bufferutil set size:51033 disposed:false
190 silly fetch manifest utf-8-validate@>=5.0.2
191 silly packumentCache full:https://registry.npmjs.org/utf-8-validate cache-miss
192 http fetch GET 200 https://registry.npmjs.org/utf-8-validate 375ms (cache revalidated)
193 silly packumentCache full:https://registry.npmjs.org/utf-8-validate set size:75205 disposed:false
194 silly placeDep ROOT @cacheable/node-cache@1.7.0 OK for: @whiskeysockets/baileys@7.0.0-rc.2 want: ^1.4.0
195 silly placeDep node_modules/@whiskeysockets/baileys @hapi/boom@9.1.4 OK for: @whiskeysockets/baileys@7.0.0-rc.2 want: ^9.1.3
196 silly placeDep ROOT async-mutex@0.5.0 OK for: @whiskeysockets/baileys@7.0.0-rc.2 want: ^0.5.0
197 silly placeDep ROOT axios@1.11.0 OK for: @whiskeysockets/baileys@7.0.0-rc.2 want: ^1.6.0
198 silly placeDep ROOT libsignal@2.0.1 OK for: @whiskeysockets/baileys@7.0.0-rc.2 want: git+https://github.com/whiskeysockets/libsignal-node.git
199 silly placeDep ROOT lru-cache@11.2.1 OK for: @whiskeysockets/baileys@7.0.0-rc.2 want: ^11.1.0
200 silly placeDep ROOT music-metadata@11.8.3 OK for: @whiskeysockets/baileys@7.0.0-rc.2 want: ^11.7.0
201 silly placeDep ROOT pino@9.9.5 OK for: @whiskeysockets/baileys@7.0.0-rc.2 want: ^9.6
202 silly placeDep ROOT protobufjs@7.5.4 OK for: @whiskeysockets/baileys@7.0.0-rc.2 want: ^7.2.4
203 silly placeDep ROOT ws@8.18.3 OK for: @whiskeysockets/baileys@7.0.0-rc.2 want: ^8.13.0
204 silly fetch manifest hookified@^1.11.0
205 silly packumentCache full:https://registry.npmjs.org/hookified cache-miss
206 silly fetch manifest keyv@^5.5.0
207 silly packumentCache full:https://registry.npmjs.org/keyv cache-miss
208 silly fetch manifest cacheable@^1.10.4
209 silly packumentCache full:https://registry.npmjs.org/cacheable cache-miss
210 silly fetch manifest @hapi/hoek@9.x.x
211 silly packumentCache full:https://registry.npmjs.org/@hapi%2fhoek cache-hit
212 silly fetch manifest tslib@^2.4.0
213 silly packumentCache full:https://registry.npmjs.org/tslib cache-miss
214 silly fetch manifest form-data@^4.0.4
215 silly packumentCache full:https://registry.npmjs.org/form-data cache-miss
216 silly fetch manifest proxy-from-env@^1.1.0
217 silly packumentCache full:https://registry.npmjs.org/proxy-from-env cache-miss
218 silly fetch manifest follow-redirects@^1.15.6
219 silly packumentCache full:https://registry.npmjs.org/follow-redirects cache-miss
220 http fetch GET 200 https://registry.npmjs.org/hookified 445ms (cache revalidated)
221 silly packumentCache full:https://registry.npmjs.org/hookified set size:81587 disposed:false
222 silly fetch manifest curve25519-js@^0.0.4
223 silly packumentCache full:https://registry.npmjs.org/curve25519-js cache-miss
224 http fetch GET 200 https://registry.npmjs.org/cacheable 535ms (cache revalidated)
225 silly packumentCache full:https://registry.npmjs.org/cacheable set size:111922 disposed:false
226 silly fetch manifest protobufjs@6.8.8
227 silly packumentCache full:https://registry.npmjs.org/protobufjs cache-hit
228 silly fetch manifest debug@^4.4.1
229 silly packumentCache full:https://registry.npmjs.org/debug cache-miss
230 http fetch GET 200 https://registry.npmjs.org/keyv 570ms (cache revalidated)
231 silly packumentCache full:https://registry.npmjs.org/keyv set size:216699 disposed:false
232 silly fetch manifest strtok3@^10.3.4
233 silly packumentCache full:https://registry.npmjs.org/strtok3 cache-miss
234 http fetch GET 200 https://registry.npmjs.org/proxy-from-env 574ms (cache revalidated)
235 silly packumentCache full:https://registry.npmjs.org/proxy-from-env set size:15831 disposed:false
236 silly fetch manifest file-type@^21.0.0
237 silly packumentCache full:https://registry.npmjs.org/file-type cache-miss
238 http fetch GET 200 https://registry.npmjs.org/tslib 601ms (cache revalidated)
239 silly packumentCache full:https://registry.npmjs.org/tslib set size:108820 disposed:false
240 silly fetch manifest media-typer@^1.1.0
241 silly packumentCache full:https://registry.npmjs.org/media-typer cache-miss
242 http fetch GET 200 https://registry.npmjs.org/form-data 628ms (cache revalidated)
243 silly packumentCache full:https://registry.npmjs.org/form-data set size:137336 disposed:false
244 silly fetch manifest token-types@^6.1.1
245 silly packumentCache full:https://registry.npmjs.org/token-types cache-miss
246 http fetch GET 200 https://registry.npmjs.org/debug 584ms (cache revalidated)
247 silly packumentCache full:https://registry.npmjs.org/debug set size:170512 disposed:false
248 silly fetch manifest content-type@^1.0.5
249 silly packumentCache full:https://registry.npmjs.org/content-type cache-miss
250 http fetch GET 200 https://registry.npmjs.org/curve25519-js 724ms (cache revalidated)
251 silly packumentCache full:https://registry.npmjs.org/curve25519-js set size:15295 disposed:false
252 silly fetch manifest @tokenizer/token@^0.3.0
253 silly packumentCache full:https://registry.npmjs.org/@tokenizer%2ftoken cache-miss
254 http fetch GET 200 https://registry.npmjs.org/media-typer 620ms (cache revalidated)
255 silly packumentCache full:https://registry.npmjs.org/media-typer set size:20873 disposed:false
256 silly fetch manifest uint8array-extras@^1.4.1
257 silly packumentCache full:https://registry.npmjs.org/uint8array-extras cache-miss
258 http fetch GET 200 https://registry.npmjs.org/file-type 674ms (cache revalidated)
259 silly packumentCache full:https://registry.npmjs.org/file-type set size:521077 disposed:false
260 silly fetch manifest @borewit/text-codec@^0.2.0
261 silly packumentCache full:https://registry.npmjs.org/@borewit%2ftext-codec cache-miss
262 http fetch GET 200 https://registry.npmjs.org/strtok3 741ms (cache revalidated)
263 silly packumentCache full:https://registry.npmjs.org/strtok3 set size:409207 disposed:false
264 silly fetch manifest atomic-sleep@^1.0.0
265 silly packumentCache full:https://registry.npmjs.org/atomic-sleep cache-miss
266 http fetch GET 200 https://registry.npmjs.org/token-types 695ms (cache revalidated)
267 silly packumentCache full:https://registry.npmjs.org/token-types set size:152171 disposed:false
268 silly fetch manifest fast-redact@^3.1.1
269 silly packumentCache full:https://registry.npmjs.org/fast-redact cache-miss
270 http fetch GET 200 https://registry.npmjs.org/content-type 626ms (cache revalidated)
271 silly packumentCache full:https://registry.npmjs.org/content-type set size:17311 disposed:false
272 silly fetch manifest on-exit-leak-free@^2.1.0
273 silly packumentCache full:https://registry.npmjs.org/on-exit-leak-free cache-miss
274 http fetch GET 200 https://registry.npmjs.org/@tokenizer%2ftoken 644ms (cache revalidated)
275 silly packumentCache full:https://registry.npmjs.org/@tokenizer%2ftoken set size:11833 disposed:false
276 silly fetch manifest pino-abstract-transport@^2.0.0
277 silly packumentCache full:https://registry.npmjs.org/pino-abstract-transport cache-miss
278 http fetch GET 200 https://registry.npmjs.org/fast-redact 455ms (cache revalidated)
279 silly packumentCache full:https://registry.npmjs.org/fast-redact set size:114752 disposed:false
280 silly fetch manifest pino-std-serializers@^7.0.0
281 silly packumentCache full:https://registry.npmjs.org/pino-std-serializers cache-miss
282 http fetch GET 200 https://registry.npmjs.org/atomic-sleep 536ms (cache revalidated)
283 silly packumentCache full:https://registry.npmjs.org/atomic-sleep set size:5192 disposed:false
284 silly fetch manifest process-warning@^5.0.0
285 silly packumentCache full:https://registry.npmjs.org/process-warning cache-miss
286 http fetch GET 200 https://registry.npmjs.org/uint8array-extras 725ms (cache revalidated)
287 silly packumentCache full:https://registry.npmjs.org/uint8array-extras set size:36606 disposed:false
288 silly fetch manifest quick-format-unescaped@^4.0.3
289 silly packumentCache full:https://registry.npmjs.org/quick-format-unescaped cache-miss
290 http fetch GET 200 https://registry.npmjs.org/@borewit%2ftext-codec 689ms (cache revalidated)
291 silly packumentCache full:https://registry.npmjs.org/@borewit%2ftext-codec set size:11680 disposed:false
292 silly fetch manifest real-require@^0.2.0
293 silly packumentCache full:https://registry.npmjs.org/real-require cache-miss
294 http fetch GET 200 https://registry.npmjs.org/pino-abstract-transport 452ms (cache revalidated)
295 silly packumentCache full:https://registry.npmjs.org/pino-abstract-transport set size:26790 disposed:false
296 silly fetch manifest safe-stable-stringify@^2.3.1
297 silly packumentCache full:https://registry.npmjs.org/safe-stable-stringify cache-miss
298 http fetch GET 200 https://registry.npmjs.org/on-exit-leak-free 505ms (cache revalidated)
299 silly packumentCache full:https://registry.npmjs.org/on-exit-leak-free set size:18719 disposed:false
300 silly fetch manifest sonic-boom@^4.0.1
301 silly packumentCache full:https://registry.npmjs.org/sonic-boom cache-miss
302 http fetch GET 200 https://registry.npmjs.org/process-warning 440ms (cache revalidated)
303 silly packumentCache full:https://registry.npmjs.org/process-warning set size:32480 disposed:false
304 silly fetch manifest thread-stream@^3.0.0
305 silly packumentCache full:https://registry.npmjs.org/thread-stream cache-miss
306 http fetch GET 200 https://registry.npmjs.org/pino-std-serializers 488ms (cache revalidated)
307 silly packumentCache full:https://registry.npmjs.org/pino-std-serializers set size:94156 disposed:false
308 silly fetch manifest @protobufjs/aspromise@^1.1.2
309 silly packumentCache full:https://registry.npmjs.org/@protobufjs%2faspromise cache-miss
310 http fetch GET 200 https://registry.npmjs.org/quick-format-unescaped 428ms (cache revalidated)
311 silly packumentCache full:https://registry.npmjs.org/quick-format-unescaped set size:36121 disposed:false
312 silly fetch manifest @protobufjs/base64@^1.1.2
313 silly packumentCache full:https://registry.npmjs.org/@protobufjs%2fbase64 cache-miss
314 http fetch GET 200 https://registry.npmjs.org/sonic-boom 415ms (cache revalidated)
315 silly packumentCache full:https://registry.npmjs.org/sonic-boom set size:166846 disposed:false
316 silly fetch manifest @protobufjs/codegen@^2.0.4
317 silly packumentCache full:https://registry.npmjs.org/@protobufjs%2fcodegen cache-miss
318 http fetch GET 200 https://registry.npmjs.org/safe-stable-stringify 491ms (cache revalidated)
319 silly packumentCache full:https://registry.npmjs.org/safe-stable-stringify set size:45091 disposed:false
320 silly fetch manifest @protobufjs/eventemitter@^1.1.0
321 silly packumentCache full:https://registry.npmjs.org/@protobufjs%2feventemitter cache-miss
322 http fetch GET 200 https://registry.npmjs.org/thread-stream 462ms (cache revalidated)
323 silly packumentCache full:https://registry.npmjs.org/thread-stream set size:125389 disposed:false
324 silly fetch manifest @protobufjs/fetch@^1.1.0
325 silly packumentCache full:https://registry.npmjs.org/@protobufjs%2ffetch cache-miss
326 http fetch GET 200 https://registry.npmjs.org/real-require 852ms (cache revalidated)
327 silly packumentCache full:https://registry.npmjs.org/real-require set size:9152 disposed:false
328 silly fetch manifest @protobufjs/float@^1.0.2
329 silly packumentCache full:https://registry.npmjs.org/@protobufjs%2ffloat cache-miss
330 http fetch GET 200 https://registry.npmjs.org/@protobufjs%2faspromise 814ms (cache revalidated)
331 silly packumentCache full:https://registry.npmjs.org/@protobufjs%2faspromise set size:11438 disposed:false
332 silly fetch manifest @protobufjs/inquire@^1.1.0
333 silly packumentCache full:https://registry.npmjs.org/@protobufjs%2finquire cache-miss
334 http fetch GET 200 https://registry.npmjs.org/@protobufjs%2fbase64 781ms (cache revalidated)
335 silly packumentCache full:https://registry.npmjs.org/@protobufjs%2fbase64 set size:14176 disposed:false
336 silly fetch manifest @protobufjs/path@^1.1.2
337 silly packumentCache full:https://registry.npmjs.org/@protobufjs%2fpath cache-miss
338 http fetch GET 200 https://registry.npmjs.org/@protobufjs%2fcodegen 748ms (cache revalidated)
339 silly packumentCache full:https://registry.npmjs.org/@protobufjs%2fcodegen set size:22005 disposed:false
340 silly fetch manifest @protobufjs/pool@^1.1.0
341 silly packumentCache full:https://registry.npmjs.org/@protobufjs%2fpool cache-miss
342 http fetch GET 200 https://registry.npmjs.org/@protobufjs%2ffetch 801ms (cache revalidated)
343 silly packumentCache full:https://registry.npmjs.org/@protobufjs%2ffetch set size:10099 disposed:false
344 silly fetch manifest @protobufjs/utf8@^1.1.0
345 silly packumentCache full:https://registry.npmjs.org/@protobufjs%2futf8 cache-miss
346 http fetch GET 200 https://registry.npmjs.org/@protobufjs%2feventemitter 847ms (cache revalidated)
347 silly packumentCache full:https://registry.npmjs.org/@protobufjs%2feventemitter set size:11306 disposed:false
348 silly fetch manifest @types/node@>=13.7.0
349 silly packumentCache full:https://registry.npmjs.org/@types%2fnode cache-miss
350 http fetch GET 200 https://registry.npmjs.org/@protobufjs%2finquire 475ms (cache revalidated)
351 silly packumentCache full:https://registry.npmjs.org/@protobufjs%2finquire set size:6983 disposed:false
352 silly fetch manifest long@^5.0.0
353 silly packumentCache full:https://registry.npmjs.org/long cache-miss
354 http fetch GET 200 https://registry.npmjs.org/@protobufjs%2ffloat 814ms (cache revalidated)
355 silly packumentCache full:https://registry.npmjs.org/@protobufjs%2ffloat set size:9957 disposed:false
356 http fetch GET 200 https://registry.npmjs.org/long 334ms (cache revalidated)
357 silly packumentCache full:https://registry.npmjs.org/long set size:80704 disposed:false
358 http fetch GET 200 https://registry.npmjs.org/@types%2fnode 582ms (cache revalidated)
359 silly packumentCache full:https://registry.npmjs.org/@types%2fnode set size:10512316 disposed:false
360 http fetch GET 200 https://registry.npmjs.org/@protobufjs%2futf8 1851ms (cache revalidated)
361 silly packumentCache full:https://registry.npmjs.org/@protobufjs%2futf8 set size:13750 disposed:false
362 http fetch GET 200 https://registry.npmjs.org/@protobufjs%2fpool 1996ms (cache revalidated)
363 silly packumentCache full:https://registry.npmjs.org/@protobufjs%2fpool set size:10727 disposed:false
364 http fetch GET 200 https://registry.npmjs.org/@protobufjs%2fpath 2296ms (cache revalidated)
365 silly packumentCache full:https://registry.npmjs.org/@protobufjs%2fpath set size:10241 disposed:false
366 http fetch GET 200 https://registry.npmjs.org/follow-redirects 5492ms (cache revalidated)
367 silly packumentCache full:https://registry.npmjs.org/follow-redirects set size:186700 disposed:false
368 silly placeDep ROOT cacheable@1.10.4 OK for: @cacheable/node-cache@1.7.0 want: ^1.10.4
369 silly placeDep ROOT hookified@1.12.0 OK for: @cacheable/node-cache@1.7.0 want: ^1.11.0
370 silly placeDep ROOT keyv@5.5.1 OK for: @cacheable/node-cache@1.7.0 want: ^5.5.0
371 silly fetch manifest @keyv/serialize@^1.1.1
372 silly packumentCache full:https://registry.npmjs.org/@keyv%2fserialize cache-miss
373 http fetch GET 200 https://registry.npmjs.org/@keyv%2fserialize 568ms (cache revalidated)
374 silly packumentCache full:https://registry.npmjs.org/@keyv%2fserialize set size:19441 disposed:false
375 silly placeDep ROOT tslib@2.8.1 OK for: async-mutex@0.5.0 want: ^2.4.0
376 silly placeDep ROOT follow-redirects@1.15.11 OK for: axios@1.11.0 want: ^1.15.6
377 silly placeDep ROOT form-data@4.0.4 OK for: axios@1.11.0 want: ^4.0.4
378 silly placeDep ROOT proxy-from-env@1.1.0 OK for: axios@1.11.0 want: ^1.1.0
379 silly fetch manifest hasown@^2.0.2
380 silly packumentCache full:https://registry.npmjs.org/hasown cache-miss
381 silly fetch manifest asynckit@^0.4.0
382 silly packumentCache full:https://registry.npmjs.org/asynckit cache-miss
383 silly fetch manifest mime-types@^2.1.12
384 silly packumentCache full:https://registry.npmjs.org/mime-types cache-miss
385 silly fetch manifest combined-stream@^1.0.8
386 silly packumentCache full:https://registry.npmjs.org/combined-stream cache-miss
387 silly fetch manifest es-set-tostringtag@^2.1.0
388 silly packumentCache full:https://registry.npmjs.org/es-set-tostringtag cache-miss
389 http fetch GET 200 https://registry.npmjs.org/mime-types 595ms (cache revalidated)
390 silly packumentCache full:https://registry.npmjs.org/mime-types set size:136716 disposed:false
391 http fetch GET 200 https://registry.npmjs.org/asynckit 660ms (cache revalidated)
392 silly packumentCache full:https://registry.npmjs.org/asynckit set size:17357 disposed:false
393 http fetch GET 200 https://registry.npmjs.org/combined-stream 655ms (cache revalidated)
394 silly packumentCache full:https://registry.npmjs.org/combined-stream set size:40337 disposed:false
395 http fetch GET 200 https://registry.npmjs.org/hasown 679ms (cache revalidated)
396 silly packumentCache full:https://registry.npmjs.org/hasown set size:12476 disposed:false
397 http fetch GET 200 https://registry.npmjs.org/es-set-tostringtag 670ms (cache revalidated)
398 silly packumentCache full:https://registry.npmjs.org/es-set-tostringtag set size:22094 disposed:false
399 silly placeDep ROOT asynckit@0.4.0 OK for: form-data@4.0.4 want: ^0.4.0
400 silly placeDep ROOT combined-stream@1.0.8 OK for: form-data@4.0.4 want: ^1.0.8
401 silly placeDep ROOT es-set-tostringtag@2.1.0 OK for: form-data@4.0.4 want: ^2.1.0
402 silly placeDep ROOT hasown@2.0.2 OK for: form-data@4.0.4 want: ^2.0.2
403 silly placeDep ROOT mime-types@2.1.35 OK for: form-data@4.0.4 want: ^2.1.12
404 silly fetch manifest delayed-stream@~1.0.0
405 silly packumentCache full:https://registry.npmjs.org/delayed-stream cache-miss
406 silly fetch manifest es-errors@^1.3.0
407 silly packumentCache full:https://registry.npmjs.org/es-errors cache-miss
408 silly fetch manifest get-intrinsic@^1.2.6
409 silly packumentCache full:https://registry.npmjs.org/get-intrinsic cache-miss
410 silly fetch manifest has-tostringtag@^1.0.2
411 silly packumentCache full:https://registry.npmjs.org/has-tostringtag cache-miss
412 silly fetch manifest function-bind@^1.1.2
413 silly packumentCache full:https://registry.npmjs.org/function-bind cache-miss
414 silly fetch manifest mime-db@1.52.0
415 silly packumentCache full:https://registry.npmjs.org/mime-db cache-miss
416 http fetch GET 200 https://registry.npmjs.org/has-tostringtag 434ms (cache revalidated)
417 silly packumentCache full:https://registry.npmjs.org/has-tostringtag set size:13945 disposed:false
418 http fetch GET 200 https://registry.npmjs.org/es-errors 457ms (cache revalidated)
419 silly packumentCache full:https://registry.npmjs.org/es-errors set size:16918 disposed:false
420 http fetch GET 200 https://registry.npmjs.org/delayed-stream 470ms (cache revalidated)
421 silly packumentCache full:https://registry.npmjs.org/delayed-stream set size:15820 disposed:false
422 http fetch GET 200 https://registry.npmjs.org/function-bind 478ms (cache revalidated)
423 silly packumentCache full:https://registry.npmjs.org/function-bind set size:15733 disposed:false
424 http fetch GET 200 https://registry.npmjs.org/get-intrinsic 494ms (cache revalidated)
425 silly packumentCache full:https://registry.npmjs.org/get-intrinsic set size:57687 disposed:false
426 http fetch GET 200 https://registry.npmjs.org/mime-db 890ms (cache revalidated)
427 silly packumentCache full:https://registry.npmjs.org/mime-db set size:164953 disposed:false
428 silly placeDep ROOT delayed-stream@1.0.0 OK for: combined-stream@1.0.8 want: ~1.0.0
429 silly placeDep ROOT es-errors@1.3.0 OK for: es-set-tostringtag@2.1.0 want: ^1.3.0
430 silly placeDep ROOT get-intrinsic@1.3.0 OK for: es-set-tostringtag@2.1.0 want: ^1.2.6
431 silly placeDep ROOT has-tostringtag@1.0.2 OK for: es-set-tostringtag@2.1.0 want: ^1.0.2
432 silly fetch manifest call-bind-apply-helpers@^1.0.2
433 silly packumentCache full:https://registry.npmjs.org/call-bind-apply-helpers cache-miss
434 silly fetch manifest es-define-property@^1.0.1
435 silly packumentCache full:https://registry.npmjs.org/es-define-property cache-miss
436 silly fetch manifest es-object-atoms@^1.1.1
437 silly packumentCache full:https://registry.npmjs.org/es-object-atoms cache-miss
438 silly fetch manifest get-proto@^1.0.1
439 silly packumentCache full:https://registry.npmjs.org/get-proto cache-miss
440 silly fetch manifest gopd@^1.2.0
441 silly packumentCache full:https://registry.npmjs.org/gopd cache-miss
442 silly fetch manifest has-symbols@^1.1.0
443 silly packumentCache full:https://registry.npmjs.org/has-symbols cache-miss
444 silly fetch manifest math-intrinsics@^1.1.0
445 silly packumentCache full:https://registry.npmjs.org/math-intrinsics cache-miss
446 http fetch GET 200 https://registry.npmjs.org/es-object-atoms 493ms (cache revalidated)
447 silly packumentCache full:https://registry.npmjs.org/es-object-atoms set size:15304 disposed:false
448 silly fetch manifest has-symbols@^1.0.3
449 silly packumentCache full:https://registry.npmjs.org/has-symbols cache-miss
450 http fetch GET 200 https://registry.npmjs.org/get-proto 526ms (cache revalidated)
451 silly packumentCache full:https://registry.npmjs.org/get-proto set size:8300 disposed:false
452 http fetch GET 200 https://registry.npmjs.org/es-define-property 566ms (cache revalidated)
453 silly packumentCache full:https://registry.npmjs.org/es-define-property set size:8542 disposed:false
454 http fetch GET 200 https://registry.npmjs.org/call-bind-apply-helpers 581ms (cache revalidated)
455 silly packumentCache full:https://registry.npmjs.org/call-bind-apply-helpers set size:12744 disposed:false
456 http fetch GET 200 https://registry.npmjs.org/gopd 581ms (cache revalidated)
457 silly packumentCache full:https://registry.npmjs.org/gopd set size:11458 disposed:false
458 http fetch GET 200 https://registry.npmjs.org/has-symbols 634ms (cache revalidated)
459 silly packumentCache full:https://registry.npmjs.org/has-symbols set size:21550 disposed:false
460 http fetch GET 200 https://registry.npmjs.org/math-intrinsics 630ms (cache revalidated)
461 silly packumentCache full:https://registry.npmjs.org/math-intrinsics set size:9265 disposed:false
462 http fetch GET 200 https://registry.npmjs.org/has-symbols 402ms (cache revalidated)
463 silly packumentCache full:https://registry.npmjs.org/has-symbols set size:21550 disposed:false
464 silly packumentCache full:https://registry.npmjs.org/has-symbols dispose
465 silly placeDep ROOT call-bind-apply-helpers@1.0.2 OK for: get-intrinsic@1.3.0 want: ^1.0.2
466 silly placeDep ROOT es-define-property@1.0.1 OK for: get-intrinsic@1.3.0 want: ^1.0.1
467 silly placeDep ROOT es-object-atoms@1.1.1 OK for: get-intrinsic@1.3.0 want: ^1.1.1
468 silly placeDep ROOT function-bind@1.1.2 OK for: get-intrinsic@1.3.0 want: ^1.1.2
469 silly placeDep ROOT get-proto@1.0.1 OK for: get-intrinsic@1.3.0 want: ^1.0.1
470 silly placeDep ROOT gopd@1.2.0 OK for: get-intrinsic@1.3.0 want: ^1.2.0
471 silly placeDep ROOT has-symbols@1.1.0 OK for: get-intrinsic@1.3.0 want: ^1.1.0
472 silly placeDep ROOT math-intrinsics@1.1.0 OK for: get-intrinsic@1.3.0 want: ^1.1.0
473 silly fetch manifest dunder-proto@^1.0.1
474 silly packumentCache full:https://registry.npmjs.org/dunder-proto cache-miss
475 http fetch GET 200 https://registry.npmjs.org/dunder-proto 371ms (cache revalidated)
476 silly packumentCache full:https://registry.npmjs.org/dunder-proto set size:8256 disposed:false
477 silly placeDep ROOT dunder-proto@1.0.1 OK for: get-proto@1.0.1 want: ^1.0.1
478 silly placeDep ROOT @keyv/serialize@1.1.1 OK for: keyv@5.5.1 want: ^1.1.1
479 silly placeDep ROOT curve25519-js@0.0.4 OK for: @whiskeysockets/libsignal-node@2.0.1 want: ^0.0.4
480 silly placeDep node_modules/libsignal protobufjs@6.8.8 OK for: @whiskeysockets/libsignal-node@2.0.1 want: 6.8.8
481 silly fetch manifest long@^4.0.0
482 silly packumentCache full:https://registry.npmjs.org/long cache-hit
483 silly fetch manifest @types/long@^4.0.0
484 silly packumentCache full:https://registry.npmjs.org/@types%2flong cache-miss
485 silly fetch manifest @types/node@^10.1.0
486 silly packumentCache full:https://registry.npmjs.org/@types%2fnode cache-miss
487 http cache https://registry.npmjs.org/@types%2fnode 151ms (cache hit)
488 silly packumentCache full:https://registry.npmjs.org/@types%2fnode set size:10512316 disposed:false
489 http fetch GET 200 https://registry.npmjs.org/@types%2flong 1611ms (cache revalidated)
490 silly packumentCache full:https://registry.npmjs.org/@types%2flong set size:28711 disposed:false
491 silly placeDep ROOT mime-db@1.52.0 OK for: mime-types@2.1.35 want: 1.52.0
492 silly placeDep ROOT @borewit/text-codec@0.2.0 OK for: music-metadata@11.8.3 want: ^0.2.0
493 silly placeDep ROOT @tokenizer/token@0.3.0 OK for: music-metadata@11.8.3 want: ^0.3.0
494 silly placeDep ROOT content-type@1.0.5 OK for: music-metadata@11.8.3 want: ^1.0.5
495 silly placeDep ROOT debug@4.4.1 OK for: music-metadata@11.8.3 want: ^4.4.1
496 silly placeDep ROOT file-type@21.0.0 OK for: music-metadata@11.8.3 want: ^21.0.0
497 silly placeDep ROOT media-typer@1.1.0 OK for: music-metadata@11.8.3 want: ^1.1.0
498 silly placeDep ROOT strtok3@10.3.4 OK for: music-metadata@11.8.3 want: ^10.3.4
499 silly placeDep ROOT token-types@6.1.1 OK for: music-metadata@11.8.3 want: ^6.1.1
500 silly placeDep ROOT uint8array-extras@1.5.0 OK for: music-metadata@11.8.3 want: ^1.4.1
501 silly fetch manifest ms@^2.1.3
502 silly packumentCache full:https://registry.npmjs.org/ms cache-miss
503 silly fetch manifest @tokenizer/inflate@^0.2.7
504 silly packumentCache full:https://registry.npmjs.org/@tokenizer%2finflate cache-miss
505 silly fetch manifest strtok3@^10.2.2
506 silly packumentCache full:https://registry.npmjs.org/strtok3 cache-hit
507 silly fetch manifest token-types@^6.0.0
508 silly packumentCache full:https://registry.npmjs.org/token-types cache-hit
509 silly fetch manifest uint8array-extras@^1.4.0
510 silly packumentCache full:https://registry.npmjs.org/uint8array-extras cache-hit
511 silly fetch manifest @borewit/text-codec@^0.1.0
512 silly packumentCache full:https://registry.npmjs.org/@borewit%2ftext-codec cache-hit
513 silly fetch manifest ieee754@^1.2.1
514 silly packumentCache full:https://registry.npmjs.org/ieee754 cache-miss
515 http fetch GET 200 https://registry.npmjs.org/ms 441ms (cache revalidated)
516 silly packumentCache full:https://registry.npmjs.org/ms set size:92208 disposed:false
517 http fetch GET 200 https://registry.npmjs.org/ieee754 444ms (cache revalidated)
518 silly packumentCache full:https://registry.npmjs.org/ieee754 set size:34910 disposed:false
519 http fetch GET 200 https://registry.npmjs.org/@tokenizer%2finflate 965ms (cache revalidated)
520 silly packumentCache full:https://registry.npmjs.org/@tokenizer%2finflate set size:27439 disposed:false
521 silly placeDep ROOT ms@2.1.3 OK for: debug@4.4.1 want: ^2.1.3
522 silly placeDep ROOT @tokenizer/inflate@0.2.7 OK for: file-type@21.0.0 want: ^0.2.7
523 silly fetch manifest fflate@^0.8.2
524 silly packumentCache full:https://registry.npmjs.org/fflate cache-miss
525 http fetch GET 200 https://registry.npmjs.org/fflate 582ms (cache revalidated)
526 silly packumentCache full:https://registry.npmjs.org/fflate set size:230492 disposed:false
527 silly placeDep ROOT fflate@0.8.2 OK for: @tokenizer/inflate@0.2.7 want: ^0.8.2
528 silly placeDep ROOT atomic-sleep@1.0.0 OK for: pino@9.9.5 want: ^1.0.0
529 silly placeDep ROOT fast-redact@3.5.0 OK for: pino@9.9.5 want: ^3.1.1
530 silly placeDep ROOT on-exit-leak-free@2.1.2 OK for: pino@9.9.5 want: ^2.1.0
531 silly placeDep ROOT pino-abstract-transport@2.0.0 OK for: pino@9.9.5 want: ^2.0.0
532 silly placeDep ROOT pino-std-serializers@7.0.0 OK for: pino@9.9.5 want: ^7.0.0
533 silly placeDep ROOT process-warning@5.0.0 OK for: pino@9.9.5 want: ^5.0.0
534 silly placeDep ROOT quick-format-unescaped@4.0.4 OK for: pino@9.9.5 want: ^4.0.3
535 silly placeDep ROOT real-require@0.2.0 OK for: pino@9.9.5 want: ^0.2.0
536 silly placeDep ROOT safe-stable-stringify@2.5.0 OK for: pino@9.9.5 want: ^2.3.1
537 silly placeDep ROOT sonic-boom@4.2.0 OK for: pino@9.9.5 want: ^4.0.1
538 silly placeDep ROOT thread-stream@3.1.0 OK for: pino@9.9.5 want: ^3.0.0
539 silly fetch manifest split2@^4.0.0
540 silly packumentCache full:https://registry.npmjs.org/split2 cache-miss
541 http fetch GET 200 https://registry.npmjs.org/split2 396ms (cache revalidated)
542 silly packumentCache full:https://registry.npmjs.org/split2 set size:47438 disposed:false
543 silly placeDep ROOT split2@4.2.0 OK for: pino-abstract-transport@2.0.0 want: ^4.0.0
544 silly placeDep ROOT @protobufjs/aspromise@1.1.2 OK for: protobufjs@7.5.4 want: ^1.1.2
545 silly placeDep ROOT @protobufjs/base64@1.1.2 OK for: protobufjs@7.5.4 want: ^1.1.2
546 silly placeDep ROOT @protobufjs/codegen@2.0.4 OK for: protobufjs@7.5.4 want: ^2.0.4
547 silly placeDep ROOT @protobufjs/eventemitter@1.1.0 OK for: protobufjs@7.5.4 want: ^1.1.0
548 silly placeDep ROOT @protobufjs/fetch@1.1.0 OK for: protobufjs@7.5.4 want: ^1.1.0
549 silly placeDep ROOT @protobufjs/float@1.0.2 OK for: protobufjs@7.5.4 want: ^1.0.2
550 silly placeDep ROOT @protobufjs/inquire@1.1.0 OK for: protobufjs@7.5.4 want: ^1.1.0
551 silly placeDep ROOT @protobufjs/path@1.1.2 OK for: protobufjs@7.5.4 want: ^1.1.2
552 silly placeDep ROOT @protobufjs/pool@1.1.0 OK for: protobufjs@7.5.4 want: ^1.1.0
553 silly placeDep ROOT @protobufjs/utf8@1.1.0 OK for: protobufjs@7.5.4 want: ^1.1.0
554 silly placeDep ROOT @types/node@24.3.1 OK for: protobufjs@7.5.4 want: >=13.7.0
555 silly placeDep ROOT long@5.3.2 OK for: protobufjs@7.5.4 want: ^5.0.0
556 silly fetch manifest undici-types@~7.10.0
557 silly packumentCache full:https://registry.npmjs.org/undici-types cache-miss
558 http fetch GET 200 https://registry.npmjs.org/undici-types 343ms (cache revalidated)
559 silly packumentCache full:https://registry.npmjs.org/undici-types set size:148959 disposed:false
560 silly placeDep ROOT undici-types@7.10.0 OK for: @types/node@24.3.1 want: ~7.10.0
561 silly placeDep ROOT @img/sharp-darwin-arm64@0.34.3 OK for: sharp@0.34.3 want: 0.34.3
562 silly placeDep ROOT @img/sharp-darwin-x64@0.34.3 OK for: sharp@0.34.3 want: 0.34.3
563 silly placeDep ROOT @img/sharp-libvips-darwin-arm64@1.2.0 OK for: sharp@0.34.3 want: 1.2.0
564 silly placeDep ROOT @img/sharp-libvips-darwin-x64@1.2.0 OK for: sharp@0.34.3 want: 1.2.0
565 silly placeDep ROOT @img/sharp-libvips-linux-arm@1.2.0 OK for: sharp@0.34.3 want: 1.2.0
566 silly placeDep ROOT @img/sharp-libvips-linux-arm64@1.2.0 OK for: sharp@0.34.3 want: 1.2.0
567 silly placeDep ROOT @img/sharp-libvips-linux-ppc64@1.2.0 OK for: sharp@0.34.3 want: 1.2.0
568 silly placeDep ROOT @img/sharp-libvips-linux-s390x@1.2.0 OK for: sharp@0.34.3 want: 1.2.0
569 silly placeDep ROOT @img/sharp-libvips-linux-x64@1.2.0 OK for: sharp@0.34.3 want: 1.2.0
570 silly placeDep ROOT @img/sharp-libvips-linuxmusl-arm64@1.2.0 OK for: sharp@0.34.3 want: 1.2.0
571 silly placeDep ROOT @img/sharp-libvips-linuxmusl-x64@1.2.0 OK for: sharp@0.34.3 want: 1.2.0
572 silly placeDep ROOT @img/sharp-linux-arm@0.34.3 OK for: sharp@0.34.3 want: 0.34.3
573 silly placeDep ROOT @img/sharp-linux-arm64@0.34.3 OK for: sharp@0.34.3 want: 0.34.3
574 silly placeDep ROOT @img/sharp-linux-ppc64@0.34.3 OK for: sharp@0.34.3 want: 0.34.3
575 silly placeDep ROOT @img/sharp-linux-s390x@0.34.3 OK for: sharp@0.34.3 want: 0.34.3
576 silly placeDep ROOT @img/sharp-linux-x64@0.34.3 OK for: sharp@0.34.3 want: 0.34.3
577 silly placeDep ROOT @img/sharp-linuxmusl-arm64@0.34.3 OK for: sharp@0.34.3 want: 0.34.3
578 silly placeDep ROOT @img/sharp-linuxmusl-x64@0.34.3 OK for: sharp@0.34.3 want: 0.34.3
579 silly placeDep ROOT @img/sharp-wasm32@0.34.3 OK for: sharp@0.34.3 want: 0.34.3
580 silly placeDep ROOT @img/sharp-win32-arm64@0.34.3 OK for: sharp@0.34.3 want: 0.34.3
581 silly placeDep ROOT @img/sharp-win32-ia32@0.34.3 OK for: sharp@0.34.3 want: 0.34.3
582 silly placeDep ROOT @img/sharp-win32-x64@0.34.3 OK for: sharp@0.34.3 want: 0.34.3
583 silly placeDep ROOT color@4.2.3 OK for: sharp@0.34.3 want: ^4.2.3
584 silly placeDep ROOT detect-libc@2.0.4 OK for: sharp@0.34.3 want: ^2.0.4
585 silly placeDep ROOT semver@7.7.2 OK for: sharp@0.34.3 want: ^7.7.2
586 silly fetch manifest @emnapi/runtime@^1.4.4
587 silly packumentCache full:https://registry.npmjs.org/@emnapi%2fruntime cache-miss
588 silly fetch manifest color-string@^1.9.0
589 silly packumentCache full:https://registry.npmjs.org/color-string cache-miss
590 silly fetch manifest color-convert@^2.0.1
591 silly packumentCache full:https://registry.npmjs.org/color-convert cache-miss
592 http fetch GET 200 https://registry.npmjs.org/color-convert 409ms (cache revalidated)
593 silly packumentCache full:https://registry.npmjs.org/color-convert set size:64701 disposed:false
594 http fetch GET 200 https://registry.npmjs.org/@emnapi%2fruntime 449ms (cache revalidated)
595 silly packumentCache full:https://registry.npmjs.org/@emnapi%2fruntime set size:88620 disposed:false
596 http fetch GET 200 https://registry.npmjs.org/color-string 586ms (cache revalidated)
597 silly packumentCache full:https://registry.npmjs.org/color-string set size:76309 disposed:false
598 silly placeDep ROOT @emnapi/runtime@1.5.0 OK for: @img/sharp-wasm32@0.34.3 want: ^1.4.4
599 silly placeDep ROOT color-convert@2.0.1 OK for: color@4.2.3 want: ^2.0.1
600 silly placeDep ROOT color-string@1.9.1 OK for: color@4.2.3 want: ^1.9.0
601 silly fetch manifest color-name@~1.1.4
602 silly packumentCache full:https://registry.npmjs.org/color-name cache-miss
603 silly fetch manifest color-name@^1.0.0
604 silly packumentCache full:https://registry.npmjs.org/color-name cache-miss
605 silly fetch manifest simple-swizzle@^0.2.2
606 silly packumentCache full:https://registry.npmjs.org/simple-swizzle cache-miss
607 http fetch GET 200 https://registry.npmjs.org/simple-swizzle 364ms (cache revalidated)
608 silly packumentCache full:https://registry.npmjs.org/simple-swizzle set size:7196 disposed:false
609 http fetch GET 200 https://registry.npmjs.org/color-name 373ms (cache revalidated)
610 silly packumentCache full:https://registry.npmjs.org/color-name set size:15968 disposed:false
611 http fetch GET 200 https://registry.npmjs.org/color-name 383ms (cache revalidated)
612 silly packumentCache full:https://registry.npmjs.org/color-name set size:15968 disposed:false
613 silly packumentCache full:https://registry.npmjs.org/color-name dispose
614 silly placeDep ROOT color-name@1.1.4 OK for: color-convert@2.0.1 want: ~1.1.4
615 silly placeDep ROOT simple-swizzle@0.2.2 OK for: color-string@1.9.1 want: ^0.2.2
616 silly fetch manifest is-arrayish@^0.3.1
617 silly packumentCache full:https://registry.npmjs.org/is-arrayish cache-miss
618 http fetch GET 200 https://registry.npmjs.org/is-arrayish 346ms (cache revalidated)
619 silly packumentCache full:https://registry.npmjs.org/is-arrayish set size:12727 disposed:false
620 silly placeDep ROOT is-arrayish@0.3.2 OK for: simple-swizzle@0.2.2 want: ^0.3.1
621 silly placeDep node_modules/token-types @borewit/text-codec@0.1.1 OK for: token-types@6.1.1 want: ^0.1.0
622 silly placeDep ROOT ieee754@1.2.1 OK for: token-types@6.1.1 want: ^1.2.1
623 silly placeDep node_modules/@whiskeysockets/baileys @hapi/hoek@9.3.0 OK for: @hapi/boom@9.1.4 want: 9.x.x
624 silly placeDep ROOT @types/long@4.0.2 OK for: protobufjs@6.8.8 want: ^4.0.0
625 silly placeDep node_modules/libsignal @types/node@10.17.60 OK for: protobufjs@6.8.8 want: ^10.1.0
626 silly placeDep node_modules/libsignal long@4.0.0 OK for: protobufjs@6.8.8 want: ^4.0.0
627 silly reify moves {}
628 silly audit bulk request {
628 silly audit   '@hapi/boom': [ '10.0.1', '9.1.4' ],
628 silly audit   '@whiskeysockets/baileys': [ '7.0.0-rc.2' ],
628 silly audit   sharp: [ '0.34.3' ],
628 silly audit   'qrcode-terminal': [ '0.12.0' ],
628 silly audit   '@hapi/hoek': [ '11.0.7', '9.3.0' ],
628 silly audit   '@cacheable/node-cache': [ '1.7.0' ],
628 silly audit   'async-mutex': [ '0.5.0' ],
628 silly audit   axios: [ '1.11.0' ],
628 silly audit   '@whiskeysockets/libsignal-node': [ '2.0.1' ],
628 silly audit   'lru-cache': [ '11.2.1' ],
628 silly audit   'music-metadata': [ '11.8.3' ],
628 silly audit   pino: [ '9.9.5' ],
628 silly audit   protobufjs: [ '7.5.4', '6.8.8' ],
628 silly audit   ws: [ '8.18.3' ],
628 silly audit   cacheable: [ '1.10.4' ],
628 silly audit   hookified: [ '1.12.0' ],
628 silly audit   keyv: [ '5.5.1' ],
628 silly audit   tslib: [ '2.8.1' ],
628 silly audit   'follow-redirects': [ '1.15.11' ],
628 silly audit   'form-data': [ '4.0.4' ],
628 silly audit   'proxy-from-env': [ '1.1.0' ],
628 silly audit   asynckit: [ '0.4.0' ],
628 silly audit   'combined-stream': [ '1.0.8' ],
628 silly audit   'es-set-tostringtag': [ '2.1.0' ],
628 silly audit   hasown: [ '2.0.2' ],
628 silly audit   'mime-types': [ '2.1.35' ],
628 silly audit   'delayed-stream': [ '1.0.0' ],
628 silly audit   'es-errors': [ '1.3.0' ],
628 silly audit   'get-intrinsic': [ '1.3.0' ],
628 silly audit   'has-tostringtag': [ '1.0.2' ],
628 silly audit   'call-bind-apply-helpers': [ '1.0.2' ],
628 silly audit   'es-define-property': [ '1.0.1' ],
628 silly audit   'es-object-atoms': [ '1.1.1' ],
628 silly audit   'function-bind': [ '1.1.2' ],
628 silly audit   'get-proto': [ '1.0.1' ],
628 silly audit   gopd: [ '1.2.0' ],
628 silly audit   'has-symbols': [ '1.1.0' ],
628 silly audit   'math-intrinsics': [ '1.1.0' ],
628 silly audit   'dunder-proto': [ '1.0.1' ],
628 silly audit   '@keyv/serialize': [ '1.1.1' ],
628 silly audit   'curve25519-js': [ '0.0.4' ],
628 silly audit   'mime-db': [ '1.52.0' ],
628 silly audit   '@borewit/text-codec': [ '0.2.0', '0.1.1' ],
628 silly audit   '@tokenizer/token': [ '0.3.0' ],
628 silly audit   'content-type': [ '1.0.5' ],
628 silly audit   debug: [ '4.4.1' ],
628 silly audit   'file-type': [ '21.0.0' ],
628 silly audit   'media-typer': [ '1.1.0' ],
628 silly audit   strtok3: [ '10.3.4' ],
628 silly audit   'token-types': [ '6.1.1' ],
628 silly audit   'uint8array-extras': [ '1.5.0' ],
628 silly audit   ms: [ '2.1.3' ],
628 silly audit   '@tokenizer/inflate': [ '0.2.7' ],
628 silly audit   fflate: [ '0.8.2' ],
628 silly audit   'atomic-sleep': [ '1.0.0' ],
628 silly audit   'fast-redact': [ '3.5.0' ],
628 silly audit   'on-exit-leak-free': [ '2.1.2' ],
628 silly audit   'pino-abstract-transport': [ '2.0.0' ],
628 silly audit   'pino-std-serializers': [ '7.0.0' ],
628 silly audit   'process-warning': [ '5.0.0' ],
628 silly audit   'quick-format-unescaped': [ '4.0.4' ],
628 silly audit   'real-require': [ '0.2.0' ],
628 silly audit   'safe-stable-stringify': [ '2.5.0' ],
628 silly audit   'sonic-boom': [ '4.2.0' ],
628 silly audit   'thread-stream': [ '3.1.0' ],
628 silly audit   split2: [ '4.2.0' ],
628 silly audit   '@protobufjs/aspromise': [ '1.1.2' ],
628 silly audit   '@protobufjs/base64': [ '1.1.2' ],
628 silly audit   '@protobufjs/codegen': [ '2.0.4' ],
628 silly audit   '@protobufjs/eventemitter': [ '1.1.0' ],
628 silly audit   '@protobufjs/fetch': [ '1.1.0' ],
628 silly audit   '@protobufjs/float': [ '1.0.2' ],
628 silly audit   '@protobufjs/inquire': [ '1.1.0' ],
628 silly audit   '@protobufjs/path': [ '1.1.2' ],
628 silly audit   '@protobufjs/pool': [ '1.1.0' ],
628 silly audit   '@protobufjs/utf8': [ '1.1.0' ],
628 silly audit   '@types/node': [ '24.3.1', '10.17.60' ],
628 silly audit   long: [ '5.3.2', '4.0.0' ],
628 silly audit   'undici-types': [ '7.10.0' ],
628 silly audit   '@img/sharp-darwin-arm64': [ '0.34.3' ],
628 silly audit   '@img/sharp-darwin-x64': [ '0.34.3' ],
628 silly audit   '@img/sharp-libvips-darwin-arm64': [ '1.2.0' ],
628 silly audit   '@img/sharp-libvips-darwin-x64': [ '1.2.0' ],
628 silly audit   '@img/sharp-libvips-linux-arm': [ '1.2.0' ],
628 silly audit   '@img/sharp-libvips-linux-arm64': [ '1.2.0' ],
628 silly audit   '@img/sharp-libvips-linux-ppc64': [ '1.2.0' ],
628 silly audit   '@img/sharp-libvips-linux-s390x': [ '1.2.0' ],
628 silly audit   '@img/sharp-libvips-linux-x64': [ '1.2.0' ],
628 silly audit   '@img/sharp-libvips-linuxmusl-arm64': [ '1.2.0' ],
628 silly audit   '@img/sharp-libvips-linuxmusl-x64': [ '1.2.0' ],
628 silly audit   '@img/sharp-linux-arm': [ '0.34.3' ],
628 silly audit   '@img/sharp-linux-arm64': [ '0.34.3' ],
628 silly audit   '@img/sharp-linux-ppc64': [ '0.34.3' ],
628 silly audit   '@img/sharp-linux-s390x': [ '0.34.3' ],
628 silly audit   '@img/sharp-linux-x64': [ '0.34.3' ],
628 silly audit   '@img/sharp-linuxmusl-arm64': [ '0.34.3' ],
628 silly audit   '@img/sharp-linuxmusl-x64': [ '0.34.3' ],
628 silly audit   '@img/sharp-wasm32': [ '0.34.3' ],
628 silly audit   '@img/sharp-win32-arm64': [ '0.34.3' ],
628 silly audit   '@img/sharp-win32-ia32': [ '0.34.3' ],
628 silly audit   '@img/sharp-win32-x64': [ '0.34.3' ],
628 silly audit   color: [ '4.2.3' ],
628 silly audit   'detect-libc': [ '2.0.4' ],
628 silly audit   semver: [ '7.7.2' ],
628 silly audit   '@emnapi/runtime': [ '1.5.0' ],
628 silly audit   'color-convert': [ '2.0.1' ],
628 silly audit   'color-string': [ '1.9.1' ],
628 silly audit   'color-name': [ '1.1.4' ],
628 silly audit   'simple-swizzle': [ '0.2.2' ],
628 silly audit   'is-arrayish': [ '0.3.2' ],
628 silly audit   ieee754: [ '1.2.1' ],
628 silly audit   '@types/long': [ '4.0.2' ]
628 silly audit }
629 verbose reify failed optional dependency /data/data/com.termux/files/home/node_modules/@img/sharp-win32-x64
630 silly reify mark deleted [
630 silly reify   '/data/data/com.termux/files/home/node_modules/@img/sharp-win32-x64'
630 silly reify ]
631 verbose reify failed optional dependency /data/data/com.termux/files/home/node_modules/@img/sharp-win32-ia32
632 silly reify mark deleted [
632 silly reify   '/data/data/com.termux/files/home/node_modules/@img/sharp-win32-ia32'
632 silly reify ]
633 verbose reify failed optional dependency /data/data/com.termux/files/home/node_modules/@img/sharp-win32-arm64
634 silly reify mark deleted [
634 silly reify   '/data/data/com.termux/files/home/node_modules/@img/sharp-win32-arm64'
634 silly reify ]
635 verbose reify failed optional dependency /data/data/com.termux/files/home/node_modules/@img/sharp-wasm32
636 silly reify mark deleted [ '/data/data/com.termux/files/home/node_modules/@img/sharp-wasm32' ]
637 verbose reify failed optional dependency /data/data/com.termux/files/home/node_modules/@emnapi/runtime
638 silly reify mark deleted [ '/data/data/com.termux/files/home/node_modules/@emnapi/runtime' ]
639 verbose reify failed optional dependency /data/data/com.termux/files/home/node_modules/@img/sharp-linuxmusl-x64
640 silly reify mark deleted [
640 silly reify   '/data/data/com.termux/files/home/node_modules/@img/sharp-linuxmusl-x64'
640 silly reify ]
641 verbose reify failed optional dependency /data/data/com.termux/files/home/node_modules/@img/sharp-linuxmusl-arm64
642 silly reify mark deleted [
642 silly reify   '/data/data/com.termux/files/home/node_modules/@img/sharp-linuxmusl-arm64'
642 silly reify ]
643 verbose reify failed optional dependency /data/data/com.termux/files/home/node_modules/@img/sharp-linux-x64
644 silly reify mark deleted [
644 silly reify   '/data/data/com.termux/files/home/node_modules/@img/sharp-linux-x64'
644 silly reify ]
645 verbose reify failed optional dependency /data/data/com.termux/files/home/node_modules/@img/sharp-linux-s390x
646 silly reify mark deleted [
646 silly reify   '/data/data/com.termux/files/home/node_modules/@img/sharp-linux-s390x'
646 silly reify ]
647 verbose reify failed optional dependency /data/data/com.termux/files/home/node_modules/@img/sharp-linux-ppc64
648 silly reify mark deleted [
648 silly reify   '/data/data/com.termux/files/home/node_modules/@img/sharp-linux-ppc64'
648 silly reify ]
649 verbose reify failed optional dependency /data/data/com.termux/files/home/node_modules/@img/sharp-linux-arm64
650 silly reify mark deleted [
650 silly reify   '/data/data/com.termux/files/home/node_modules/@img/sharp-linux-arm64'
650 silly reify ]
651 verbose reify failed optional dependency /data/data/com.termux/files/home/node_modules/@img/sharp-linux-arm
652 silly reify mark deleted [
652 silly reify   '/data/data/com.termux/files/home/node_modules/@img/sharp-linux-arm'
652 silly reify ]
653 verbose reify failed optional dependency /data/data/com.termux/files/home/node_modules/@img/sharp-libvips-linuxmusl-x64
654 silly reify mark deleted [
654 silly reify   '/data/data/com.termux/files/home/node_modules/@img/sharp-libvips-linuxmusl-x64'
654 silly reify ]
655 verbose reify failed optional dependency /data/data/com.termux/files/home/node_modules/@img/sharp-libvips-linuxmusl-arm64
656 silly reify mark deleted [
656 silly reify   '/data/data/com.termux/files/home/node_modules/@img/sharp-libvips-linuxmusl-arm64'
656 silly reify ]
657 verbose reify failed optional dependency /data/data/com.termux/files/home/node_modules/@img/sharp-libvips-linux-x64
658 silly reify mark deleted [
658 silly reify   '/data/data/com.termux/files/home/node_modules/@img/sharp-libvips-linux-x64'
658 silly reify ]
659 verbose reify failed optional dependency /data/data/com.termux/files/home/node_modules/@img/sharp-libvips-linux-s390x
660 silly reify mark deleted [
660 silly reify   '/data/data/com.termux/files/home/node_modules/@img/sharp-libvips-linux-s390x'
660 silly reify ]
661 verbose reify failed optional dependency /data/data/com.termux/files/home/node_modules/@img/sharp-libvips-linux-ppc64
662 silly reify mark deleted [
662 silly reify   '/data/data/com.termux/files/home/node_modules/@img/sharp-libvips-linux-ppc64'
662 silly reify ]
663 verbose reify failed optional dependency /data/data/com.termux/files/home/node_modules/@img/sharp-libvips-linux-arm64
664 silly reify mark deleted [
664 silly reify   '/data/data/com.termux/files/home/node_modules/@img/sharp-libvips-linux-arm64'
664 silly reify ]
665 verbose reify failed optional dependency /data/data/com.termux/files/home/node_modules/@img/sharp-libvips-linux-arm
666 silly reify mark deleted [
666 silly reify   '/data/data/com.termux/files/home/node_modules/@img/sharp-libvips-linux-arm'
666 silly reify ]
667 verbose reify failed optional dependency /data/data/com.termux/files/home/node_modules/@img/sharp-libvips-darwin-x64
668 silly reify mark deleted [
668 silly reify   '/data/data/com.termux/files/home/node_modules/@img/sharp-libvips-darwin-x64'
668 silly reify ]
669 verbose reify failed optional dependency /data/data/com.termux/files/home/node_modules/@img/sharp-libvips-darwin-arm64
670 silly reify mark deleted [
670 silly reify   '/data/data/com.termux/files/home/node_modules/@img/sharp-libvips-darwin-arm64'
670 silly reify ]
671 verbose reify failed optional dependency /data/data/com.termux/files/home/node_modules/@img/sharp-darwin-x64
672 silly reify mark deleted [
672 silly reify   '/data/data/com.termux/files/home/node_modules/@img/sharp-darwin-x64'
672 silly reify ]
673 verbose reify failed optional dependency /data/data/com.termux/files/home/node_modules/@img/sharp-darwin-arm64
674 silly reify mark deleted [
674 silly reify   '/data/data/com.termux/files/home/node_modules/@img/sharp-darwin-arm64'
674 silly reify ]
675 http cache ieee754@https://registry.npmjs.org/ieee754/-/ieee754-1.2.1.tgz 0ms (cache hit)
676 http cache @types/long@https://registry.npmjs.org/@types/long/-/long-4.0.2.tgz 0ms (cache hit)
677 http cache is-arrayish@https://registry.npmjs.org/is-arrayish/-/is-arrayish-0.3.2.tgz 0ms (cache hit)
678 http cache color-string@https://registry.npmjs.org/color-string/-/color-string-1.9.1.tgz 0ms (cache hit)
679 http cache simple-swizzle@https://registry.npmjs.org/simple-swizzle/-/simple-swizzle-0.2.2.tgz 0ms (cache hit)
680 http cache color-name@https://registry.npmjs.org/color-name/-/color-name-1.1.4.tgz 0ms (cache hit)
681 http cache color-convert@https://registry.npmjs.org/color-convert/-/color-convert-2.0.1.tgz 0ms (cache hit)
682 http cache detect-libc@https://registry.npmjs.org/detect-libc/-/detect-libc-2.0.4.tgz 0ms (cache hit)
683 http cache semver@https://registry.npmjs.org/semver/-/semver-7.7.2.tgz 0ms (cache hit)
684 http cache @emnapi/runtime@https://registry.npmjs.org/@emnapi/runtime/-/runtime-1.5.0.tgz 0ms (cache hit)
685 http cache long@https://registry.npmjs.org/long/-/long-5.3.2.tgz 0ms (cache hit)
686 http cache undici-types@https://registry.npmjs.org/undici-types/-/undici-types-7.10.0.tgz 0ms (cache hit)
687 http cache @types/node@https://registry.npmjs.org/@types/node/-/node-24.3.1.tgz 0ms (cache hit)
688 http cache @protobufjs/utf8@https://registry.npmjs.org/@protobufjs/utf8/-/utf8-1.1.0.tgz 0ms (cache hit)
689 http cache color@https://registry.npmjs.org/color/-/color-4.2.3.tgz 0ms (cache hit)
690 http cache @protobufjs/inquire@https://registry.npmjs.org/@protobufjs/inquire/-/inquire-1.1.0.tgz 1ms (cache hit)
691 http cache @protobufjs/pool@https://registry.npmjs.org/@protobufjs/pool/-/pool-1.1.0.tgz 0ms (cache hit)
692 http cache @protobufjs/path@https://registry.npmjs.org/@protobufjs/path/-/path-1.1.2.tgz 0ms (cache hit)
693 http cache @protobufjs/float@https://registry.npmjs.org/@protobufjs/float/-/float-1.0.2.tgz 0ms (cache hit)
694 http cache @protobufjs/fetch@https://registry.npmjs.org/@protobufjs/fetch/-/fetch-1.1.0.tgz 0ms (cache hit)
695 http cache @protobufjs/eventemitter@https://registry.npmjs.org/@protobufjs/eventemitter/-/eventemitter-1.1.0.tgz 0ms (cache hit)
696 http cache @protobufjs/codegen@https://registry.npmjs.org/@protobufjs/codegen/-/codegen-2.0.4.tgz 0ms (cache hit)
697 http cache @protobufjs/base64@https://registry.npmjs.org/@protobufjs/base64/-/base64-1.1.2.tgz 1ms (cache hit)
698 http cache split2@https://registry.npmjs.org/split2/-/split2-4.2.0.tgz 0ms (cache hit)
699 http cache @protobufjs/aspromise@https://registry.npmjs.org/@protobufjs/aspromise/-/aspromise-1.1.2.tgz 0ms (cache hit)
700 http cache sonic-boom@https://registry.npmjs.org/sonic-boom/-/sonic-boom-4.2.0.tgz 1ms (cache hit)
701 http cache thread-stream@https://registry.npmjs.org/thread-stream/-/thread-stream-3.1.0.tgz 0ms (cache hit)
702 http cache real-require@https://registry.npmjs.org/real-require/-/real-require-0.2.0.tgz 0ms (cache hit)
703 http cache safe-stable-stringify@https://registry.npmjs.org/safe-stable-stringify/-/safe-stable-stringify-2.5.0.tgz 1ms (cache hit)
704 http cache pino-std-serializers@https://registry.npmjs.org/pino-std-serializers/-/pino-std-serializers-7.0.0.tgz 0ms (cache hit)
705 http cache quick-format-unescaped@https://registry.npmjs.org/quick-format-unescaped/-/quick-format-unescaped-4.0.4.tgz 0ms (cache hit)
706 http cache process-warning@https://registry.npmjs.org/process-warning/-/process-warning-5.0.0.tgz 0ms (cache hit)
707 http cache pino-abstract-transport@https://registry.npmjs.org/pino-abstract-transport/-/pino-abstract-transport-2.0.0.tgz 0ms (cache hit)
708 http cache on-exit-leak-free@https://registry.npmjs.org/on-exit-leak-free/-/on-exit-leak-free-2.1.2.tgz 0ms (cache hit)
709 http cache atomic-sleep@https://registry.npmjs.org/atomic-sleep/-/atomic-sleep-1.0.0.tgz 0ms (cache hit)
710 http cache fast-redact@https://registry.npmjs.org/fast-redact/-/fast-redact-3.5.0.tgz 0ms (cache hit)
711 http cache ms@https://registry.npmjs.org/ms/-/ms-2.1.3.tgz 0ms (cache hit)
712 http cache fflate@https://registry.npmjs.org/fflate/-/fflate-0.8.2.tgz 0ms (cache hit)
713 http cache uint8array-extras@https://registry.npmjs.org/uint8array-extras/-/uint8array-extras-1.5.0.tgz 0ms (cache hit)
714 http cache @tokenizer/inflate@https://registry.npmjs.org/@tokenizer/inflate/-/inflate-0.2.7.tgz 1ms (cache hit)
715 http cache strtok3@https://registry.npmjs.org/strtok3/-/strtok3-10.3.4.tgz 0ms (cache hit)
716 http cache token-types@https://registry.npmjs.org/token-types/-/token-types-6.1.1.tgz 0ms (cache hit)
717 http cache media-typer@https://registry.npmjs.org/media-typer/-/media-typer-1.1.0.tgz 0ms (cache hit)
718 http cache debug@https://registry.npmjs.org/debug/-/debug-4.4.1.tgz 0ms (cache hit)
719 http cache file-type@https://registry.npmjs.org/file-type/-/file-type-21.0.0.tgz 0ms (cache hit)
720 http cache @tokenizer/token@https://registry.npmjs.org/@tokenizer/token/-/token-0.3.0.tgz 0ms (cache hit)
721 http cache content-type@https://registry.npmjs.org/content-type/-/content-type-1.0.5.tgz 0ms (cache hit)
722 http cache @borewit/text-codec@https://registry.npmjs.org/@borewit/text-codec/-/text-codec-0.2.0.tgz 0ms (cache hit)
723 http cache mime-db@https://registry.npmjs.org/mime-db/-/mime-db-1.52.0.tgz 0ms (cache hit)
724 http cache curve25519-js@https://registry.npmjs.org/curve25519-js/-/curve25519-js-0.0.4.tgz 0ms (cache hit)
725 http cache @keyv/serialize@https://registry.npmjs.org/@keyv/serialize/-/serialize-1.1.1.tgz 0ms (cache hit)
726 http cache dunder-proto@https://registry.npmjs.org/dunder-proto/-/dunder-proto-1.0.1.tgz 0ms (cache hit)
727 http cache math-intrinsics@https://registry.npmjs.org/math-intrinsics/-/math-intrinsics-1.1.0.tgz 0ms (cache hit)
728 http cache has-symbols@https://registry.npmjs.org/has-symbols/-/has-symbols-1.1.0.tgz 1ms (cache hit)
729 http cache get-proto@https://registry.npmjs.org/get-proto/-/get-proto-1.0.1.tgz 1ms (cache hit)
730 http cache gopd@https://registry.npmjs.org/gopd/-/gopd-1.2.0.tgz 0ms (cache hit)
731 http cache es-object-atoms@https://registry.npmjs.org/es-object-atoms/-/es-object-atoms-1.1.1.tgz 1ms (cache hit)
732 http cache function-bind@https://registry.npmjs.org/function-bind/-/function-bind-1.1.2.tgz 0ms (cache hit)
733 http cache call-bind-apply-helpers@https://registry.npmjs.org/call-bind-apply-helpers/-/call-bind-apply-helpers-1.0.2.tgz 0ms (cache hit)
734 http cache es-define-property@https://registry.npmjs.org/es-define-property/-/es-define-property-1.0.1.tgz 0ms (cache hit)
735 http cache has-tostringtag@https://registry.npmjs.org/has-tostringtag/-/has-tostringtag-1.0.2.tgz 0ms (cache hit)
736 http cache get-intrinsic@https://registry.npmjs.org/get-intrinsic/-/get-intrinsic-1.3.0.tgz 0ms (cache hit)
737 http cache es-errors@https://registry.npmjs.org/es-errors/-/es-errors-1.3.0.tgz 0ms (cache hit)
738 http cache mime-types@https://registry.npmjs.org/mime-types/-/mime-types-2.1.35.tgz 1ms (cache hit)
739 http cache delayed-stream@https://registry.npmjs.org/delayed-stream/-/delayed-stream-1.0.0.tgz 0ms (cache hit)
740 http cache hasown@https://registry.npmjs.org/hasown/-/hasown-2.0.2.tgz 1ms (cache hit)
741 http cache es-set-tostringtag@https://registry.npmjs.org/es-set-tostringtag/-/es-set-tostringtag-2.1.0.tgz 0ms (cache hit)
742 http cache asynckit@https://registry.npmjs.org/asynckit/-/asynckit-0.4.0.tgz 0ms (cache hit)
743 http cache combined-stream@https://registry.npmjs.org/combined-stream/-/combined-stream-1.0.8.tgz 1ms (cache hit)
744 http cache proxy-from-env@https://registry.npmjs.org/proxy-from-env/-/proxy-from-env-1.1.0.tgz 0ms (cache hit)
745 http cache follow-redirects@https://registry.npmjs.org/follow-redirects/-/follow-redirects-1.15.11.tgz 0ms (cache hit)
746 http cache form-data@https://registry.npmjs.org/form-data/-/form-data-4.0.4.tgz 0ms (cache hit)
747 http cache tslib@https://registry.npmjs.org/tslib/-/tslib-2.8.1.tgz 0ms (cache hit)
748 http cache keyv@https://registry.npmjs.org/keyv/-/keyv-5.5.1.tgz 0ms (cache hit)
749 http cache hookified@https://registry.npmjs.org/hookified/-/hookified-1.12.0.tgz 0ms (cache hit)
750 http cache cacheable@https://registry.npmjs.org/cacheable/-/cacheable-1.10.4.tgz 0ms (cache hit)
751 http cache ws@https://registry.npmjs.org/ws/-/ws-8.18.3.tgz 0ms (cache hit)
752 http cache protobufjs@https://registry.npmjs.org/protobufjs/-/protobufjs-7.5.4.tgz 1ms (cache hit)
753 http cache pino@https://registry.npmjs.org/pino/-/pino-9.9.5.tgz 0ms (cache hit)
754 http cache lru-cache@https://registry.npmjs.org/lru-cache/-/lru-cache-11.2.1.tgz 0ms (cache hit)
755 http cache music-metadata@https://registry.npmjs.org/music-metadata/-/music-metadata-11.8.3.tgz 0ms (cache hit)
756 http cache axios@https://registry.npmjs.org/axios/-/axios-1.11.0.tgz 0ms (cache hit)
757 http cache @hapi/hoek@https://registry.npmjs.org/@hapi/hoek/-/hoek-11.0.7.tgz 0ms (cache hit)
758 http cache async-mutex@https://registry.npmjs.org/async-mutex/-/async-mutex-0.5.0.tgz 0ms (cache hit)
759 http cache @cacheable/node-cache@https://registry.npmjs.org/@cacheable/node-cache/-/node-cache-1.7.0.tgz 0ms (cache hit)
760 http cache qrcode-terminal@https://registry.npmjs.org/qrcode-terminal/-/qrcode-terminal-0.12.0.tgz 0ms (cache hit)
761 http cache sharp@https://registry.npmjs.org/sharp/-/sharp-0.34.3.tgz 0ms (cache hit)
762 http cache @hapi/boom@https://registry.npmjs.org/@hapi/boom/-/boom-10.0.1.tgz 1ms (cache hit)
763 http cache @whiskeysockets/baileys@https://registry.npmjs.org/@whiskeysockets/baileys/-/baileys-7.0.0-rc.2.tgz 0ms (cache hit)
764 http cache @borewit/text-codec@https://registry.npmjs.org/@borewit/text-codec/-/text-codec-0.1.1.tgz 1ms (cache hit)
765 http cache long@https://registry.npmjs.org/long/-/long-4.0.0.tgz 1ms (cache hit)
766 http cache protobufjs@https://registry.npmjs.org/protobufjs/-/protobufjs-6.8.8.tgz 0ms (cache hit)
767 http cache @types/node@https://registry.npmjs.org/@types/node/-/node-10.17.60.tgz 1ms (cache hit)
768 http cache @hapi/hoek@https://registry.npmjs.org/@hapi/hoek/-/hoek-9.3.0.tgz 0ms (cache hit)
769 http cache @hapi/boom@https://registry.npmjs.org/@hapi/boom/-/boom-9.1.4.tgz 1ms (cache hit)
770 http fetch POST 200 https://registry.npmjs.org/-/npm/v1/security/advisories/bulk 1992ms
771 silly audit report {}
772 http fetch GET 200 https://codeload.github.com/whiskeysockets/libsignal-node/tar.gz/4d08331a833727c338c1a90041d17b870210dfae 3211ms (cache revalidated)
773 silly packumentCache heap:752877568 maxSize:188219392 maxEntrySize:94109696
774 info run @whiskeysockets/baileys@7.0.0-rc.2 preinstall node_modules/@whiskeysockets/baileys node ./engine-requirements.js
775 info run @whiskeysockets/baileys@7.0.0-rc.2 preinstall { code: 0, signal: null }
776 info run sharp@0.34.3 install node_modules/sharp node install/check.js
777 info run sharp@0.34.3 install { code: 0, signal: null }
778 info run protobufjs@7.5.4 postinstall node_modules/protobufjs node scripts/postinstall
779 info run protobufjs@7.5.4 postinstall { code: 0, signal: null }
780 info run protobufjs@6.8.8 postinstall node_modules/libsignal/node_modules/protobufjs node scripts/postinstall
781 info run protobufjs@6.8.8 postinstall { code: 0, signal: null }
782 silly ADD node_modules/@types/long
783 silly ADD node_modules/ieee754
784 silly ADD node_modules/is-arrayish
785 silly ADD node_modules/simple-swizzle
786 silly ADD node_modules/color-name
787 silly ADD node_modules/color-string
788 silly ADD node_modules/color-convert
789 silly ADD
790 silly ADD node_modules/semver
791 silly ADD node_modules/detect-libc
792 silly ADD node_modules/color
793 silly ADD
794 silly ADD
795 silly ADD
796 silly ADD
797 silly ADD
798 silly ADD
799 silly ADD
800 silly ADD
801 silly ADD
802 silly ADD
803 silly ADD
804 silly ADD
805 silly ADD
806 silly ADD
807 silly ADD
808 silly ADD
809 silly ADD
810 silly ADD
811 silly ADD
812 silly ADD
813 silly ADD
814 silly ADD
815 silly ADD node_modules/undici-types
816 silly ADD node_modules/long
817 silly ADD node_modules/@types/node
818 silly ADD node_modules/@protobufjs/utf8
819 silly ADD node_modules/@protobufjs/pool
820 silly ADD node_modules/@protobufjs/path
821 silly ADD node_modules/@protobufjs/inquire
822 silly ADD node_modules/@protobufjs/float
823 silly ADD node_modules/@protobufjs/fetch
824 silly ADD node_modules/@protobufjs/eventemitter
825 silly ADD node_modules/@protobufjs/codegen
826 silly ADD node_modules/@protobufjs/base64
827 silly ADD node_modules/@protobufjs/aspromise
828 silly ADD node_modules/split2
829 silly ADD node_modules/thread-stream
830 silly ADD node_modules/sonic-boom
831 silly ADD node_modules/safe-stable-stringify
832 silly ADD node_modules/real-require
833 silly ADD node_modules/quick-format-unescaped
834 silly ADD node_modules/process-warning
835 silly ADD node_modules/pino-std-serializers
836 silly ADD node_modules/pino-abstract-transport
837 silly ADD node_modules/on-exit-leak-free
838 silly ADD node_modules/fast-redact
839 silly ADD node_modules/atomic-sleep
840 silly ADD node_modules/fflate
841 silly ADD node_modules/@tokenizer/inflate
842 silly ADD node_modules/ms
843 silly ADD node_modules/uint8array-extras
844 silly ADD node_modules/token-types
845 silly ADD node_modules/token-types/node_modules/@borewit/text-codec
846 silly ADD node_modules/strtok3
847 silly ADD node_modules/media-typer
848 silly ADD node_modules/file-type
849 silly ADD node_modules/debug
850 silly ADD node_modules/content-type
851 silly ADD node_modules/@tokenizer/token
852 silly ADD node_modules/@borewit/text-codec
853 silly ADD node_modules/mime-db
854 silly ADD node_modules/curve25519-js
855 silly ADD node_modules/@keyv/serialize
856 silly ADD node_modules/dunder-proto
857 silly ADD node_modules/math-intrinsics
858 silly ADD node_modules/has-symbols
859 silly ADD node_modules/gopd
860 silly ADD node_modules/get-proto
861 silly ADD node_modules/function-bind
862 silly ADD node_modules/es-object-atoms
863 silly ADD node_modules/es-define-property
864 silly ADD node_modules/call-bind-apply-helpers
865 silly ADD node_modules/has-tostringtag
866 silly ADD node_modules/get-intrinsic
867 silly ADD node_modules/es-errors
868 silly ADD node_modules/delayed-stream
869 silly ADD node_modules/mime-types
870 silly ADD node_modules/hasown
871 silly ADD node_modules/es-set-tostringtag
872 silly ADD node_modules/combined-stream
873 silly ADD node_modules/asynckit
874 silly ADD node_modules/proxy-from-env
875 silly ADD node_modules/form-data
876 silly ADD node_modules/follow-redirects
877 silly ADD node_modules/tslib
878 silly ADD node_modules/keyv
879 silly ADD node_modules/hookified
880 silly ADD node_modules/cacheable
881 silly ADD node_modules/ws
882 silly ADD node_modules/protobufjs
883 silly ADD node_modules/pino
884 silly ADD node_modules/music-metadata
885 silly ADD node_modules/lru-cache
886 silly ADD node_modules/libsignal
887 silly ADD node_modules/libsignal/node_modules/long
888 silly ADD node_modules/libsignal/node_modules/@types/node
889 silly ADD node_modules/libsignal/node_modules/protobufjs
890 silly ADD node_modules/axios
891 silly ADD node_modules/async-mutex
892 silly ADD node_modules/@cacheable/node-cache
893 silly ADD node_modules/@hapi/hoek
894 silly ADD node_modules/qrcode-terminal
895 silly ADD node_modules/sharp
896 silly ADD node_modules/@whiskeysockets/baileys
897 silly ADD node_modules/@whiskeysockets/baileys/node_modules/@hapi/hoek
898 silly ADD node_modules/@whiskeysockets/baileys/node_modules/@hapi/boom
899 silly ADD node_modules/@hapi/boom
900 verbose cwd /data/data/com.termux/files/home
901 verbose os Linux 4.19.191-25991128-abA042FXXS6CWL1
902 verbose node v22.19.0
903 verbose npm  v10.9.3
904 verbose exit 0
905 info ok
