0 verbose cli /data/data/com.termux/files/usr/bin/node /data/data/com.termux/files/usr/bin/npm
1 info using npm@11.5.1
2 info using node@v24.7.0
3 silly config load:file:/data/data/com.termux/files/usr/lib/node_modules/npm/npmrc
4 warn config production Use `--omit=dev` instead.
5 silly config load:file:/data/data/com.termux/files/home/.npmrc
6 silly config load:file:/data/data/com.termux/files/usr/etc/npmrc
7 verbose title npm install
8 verbose argv "install" "--production"
9 verbose logfile logs-max:10 dir:/data/data/com.termux/files/home/.npm/_logs/2025-09-11T11_21_18_172Z-
10 verbose logfile /data/data/com.termux/files/home/.npm/_logs/2025-09-11T11_21_18_172Z-debug-0.log
11 silly logfile start cleaning logs, removing 1 files
12 silly packumentCache heap:828375040 maxSize:207093760 maxEntrySize:103546880
13 silly logfile done cleaning log files
14 silly idealTree buildDeps
15 silly fetch manifest @hapi/boom@^10.0.1
16 silly packumentCache full:https://registry.npmjs.org/@hapi%2fboom cache-miss
17 http fetch GET 200 https://registry.npmjs.org/@hapi%2fboom 2867ms (cache revalidated)
18 silly packumentCache full:https://registry.npmjs.org/@hapi%2fboom set size:55554 disposed:false
19 silly fetch manifest @whiskeysockets/baileys@^7.0.0-rc.2
20 silly packumentCache full:https://registry.npmjs.org/@whiskeysockets%2fbaileys cache-miss
21 http fetch GET 200 https://registry.npmjs.org/@whiskeysockets%2fbaileys 1022ms (cache revalidated)
22 silly packumentCache full:https://registry.npmjs.org/@whiskeysockets%2fbaileys set size:168923 disposed:false
23 silly fetch manifest audio-decode@^2.1.3
24 silly packumentCache full:https://registry.npmjs.org/audio-decode cache-miss
25 http fetch GET 200 https://registry.npmjs.org/audio-decode 379ms (cache revalidated)
26 silly packumentCache full:https://registry.npmjs.org/audio-decode set size:68555 disposed:false
27 silly fetch manifest jimp@^1.6.0
28 silly packumentCache full:https://registry.npmjs.org/jimp cache-miss
29 http fetch GET 200 https://registry.npmjs.org/jimp 401ms (cache revalidated)
30 silly packumentCache full:https://registry.npmjs.org/jimp set size:1192935 disposed:false
31 silly fetch manifest link-preview-js@^3.0.0
32 silly packumentCache full:https://registry.npmjs.org/link-preview-js cache-miss
33 http fetch GET 200 https://registry.npmjs.org/link-preview-js 384ms (cache revalidated)
34 silly packumentCache full:https://registry.npmjs.org/link-preview-js set size:140735 disposed:false
35 silly fetch manifest sharp@*
36 silly packumentCache full:https://registry.npmjs.org/sharp cache-miss
37 http fetch GET 200 https://registry.npmjs.org/sharp 360ms (cache revalidated)
38 silly packumentCache full:https://registry.npmjs.org/sharp set size:972854 disposed:false
39 silly fetch manifest qrcode-terminal@^0.12.0
40 silly packumentCache full:https://registry.npmjs.org/qrcode-terminal cache-miss
41 http fetch GET 200 https://registry.npmjs.org/qrcode-terminal 381ms (cache revalidated)
42 silly packumentCache full:https://registry.npmjs.org/qrcode-terminal set size:29799 disposed:false
43 silly placeDep ROOT @hapi/boom@10.0.1 OK for: home@1.0.0 want: ^10.0.1
44 silly placeDep ROOT @whiskeysockets/baileys@7.0.0-rc.2 OK for: home@1.0.0 want: ^7.0.0-rc.2
45 silly placeDep ROOT sharp@0.34.3 OK for: @whiskeysockets/baileys@7.0.0-rc.2 want: *
46 silly placeDep ROOT qrcode-terminal@0.12.0 OK for: home@1.0.0 want: ^0.12.0
47 silly fetch manifest @hapi/hoek@^11.0.2
48 silly packumentCache full:https://registry.npmjs.org/@hapi%2fhoek cache-miss
49 silly fetch manifest @cacheable/node-cache@^1.4.0
50 silly packumentCache full:https://registry.npmjs.org/@cacheable%2fnode-cache cache-miss
51 silly fetch manifest @hapi/boom@^9.1.3
52 silly packumentCache full:https://registry.npmjs.org/@hapi%2fboom cache-hit
53 silly fetch manifest async-mutex@^0.5.0
54 silly packumentCache full:https://registry.npmjs.org/async-mutex cache-miss
55 silly fetch manifest axios@^1.6.0
56 silly packumentCache full:https://registry.npmjs.org/axios cache-miss
57 silly fetch manifest libsignal@git+https://github.com/whiskeysockets/libsignal-node.git
58 silly fetch manifest lru-cache@^11.1.0
59 silly packumentCache full:https://registry.npmjs.org/lru-cache cache-miss
60 silly fetch manifest music-metadata@^11.7.0
61 silly packumentCache full:https://registry.npmjs.org/music-metadata cache-miss
62 http fetch GET 200 https://registry.npmjs.org/@cacheable%2fnode-cache 713ms (cache revalidated)
63 silly packumentCache full:https://registry.npmjs.org/@cacheable%2fnode-cache set size:67573 disposed:false
64 silly fetch manifest pino@^9.6
65 silly packumentCache full:https://registry.npmjs.org/pino cache-miss
66 http fetch GET 200 https://registry.npmjs.org/pino 428ms (cache revalidated)
67 silly packumentCache full:https://registry.npmjs.org/pino set size:1208836 disposed:false
68 silly fetch manifest protobufjs@^7.2.4
69 silly packumentCache full:https://registry.npmjs.org/protobufjs cache-miss
70 http fetch GET 200 https://registry.npmjs.org/protobufjs 406ms (cache revalidated)
71 silly packumentCache full:https://registry.npmjs.org/protobufjs set size:630901 disposed:false
72 silly fetch manifest ws@^8.13.0
73 silly packumentCache full:https://registry.npmjs.org/ws cache-miss
74 http fetch GET 200 https://registry.npmjs.org/axios 1729ms (cache revalidated)
75 silly packumentCache full:https://registry.npmjs.org/axios set size:612921 disposed:false
76 silly fetch manifest color@^4.2.3
77 silly packumentCache full:https://registry.npmjs.org/color cache-miss
78 http fetch GET 200 https://registry.npmjs.org/@hapi%2fhoek 1833ms (cache revalidated)
79 silly packumentCache full:https://registry.npmjs.org/@hapi%2fhoek set size:121527 disposed:false
80 silly fetch manifest detect-libc@^2.0.4
81 silly packumentCache full:https://registry.npmjs.org/detect-libc cache-miss
82 http fetch GET 200 https://registry.npmjs.org/detect-libc 350ms (cache revalidated)
83 silly packumentCache full:https://registry.npmjs.org/detect-libc set size:38400 disposed:false
84 silly fetch manifest semver@^7.7.2
85 silly packumentCache full:https://registry.npmjs.org/semver cache-miss
86 http fetch GET 200 https://registry.npmjs.org/color 432ms (cache revalidated)
87 silly packumentCache full:https://registry.npmjs.org/color set size:86166 disposed:false
88 silly fetch manifest @img/sharp-darwin-arm64@0.34.3
89 silly packumentCache full:https://registry.npmjs.org/@img%2fsharp-darwin-arm64 cache-miss
90 http fetch GET 200 https://registry.npmjs.org/ws 541ms (cache revalidated)
91 silly packumentCache full:https://registry.npmjs.org/ws set size:410885 disposed:false
92 silly fetch manifest @img/sharp-darwin-x64@0.34.3
93 silly packumentCache full:https://registry.npmjs.org/@img%2fsharp-darwin-x64 cache-miss
94 http fetch GET 200 https://registry.npmjs.org/semver 550ms (cache revalidated)
95 silly packumentCache full:https://registry.npmjs.org/semver set size:224186 disposed:false
96 silly fetch manifest @img/sharp-libvips-darwin-arm64@1.2.0
97 silly packumentCache full:https://registry.npmjs.org/@img%2fsharp-libvips-darwin-arm64 cache-miss
98 http fetch GET 200 https://registry.npmjs.org/@img%2fsharp-darwin-x64 501ms (cache revalidated)
99 silly packumentCache full:https://registry.npmjs.org/@img%2fsharp-darwin-x64 set size:51571 disposed:false
100 silly fetch manifest @img/sharp-libvips-darwin-x64@1.2.0
101 silly packumentCache full:https://registry.npmjs.org/@img%2fsharp-libvips-darwin-x64 cache-miss
102 http fetch GET 200 https://registry.npmjs.org/@img%2fsharp-darwin-arm64 566ms (cache revalidated)
103 silly packumentCache full:https://registry.npmjs.org/@img%2fsharp-darwin-arm64 set size:52294 disposed:false
104 silly fetch manifest @img/sharp-libvips-linux-arm@1.2.0
105 silly packumentCache full:https://registry.npmjs.org/@img%2fsharp-libvips-linux-arm cache-miss
106 http fetch GET 200 https://registry.npmjs.org/async-mutex 2902ms (cache revalidated)
107 silly packumentCache full:https://registry.npmjs.org/async-mutex set size:76106 disposed:false
108 silly fetch manifest @img/sharp-libvips-linux-arm64@1.2.0
109 silly packumentCache full:https://registry.npmjs.org/@img%2fsharp-libvips-linux-arm64 cache-miss
110 http fetch GET 200 https://registry.npmjs.org/music-metadata 2907ms (cache revalidated)
111 silly packumentCache full:https://registry.npmjs.org/music-metadata set size:1216951 disposed:false
112 silly fetch manifest @img/sharp-libvips-linux-ppc64@1.2.0
113 silly packumentCache full:https://registry.npmjs.org/@img%2fsharp-libvips-linux-ppc64 cache-miss
114 http fetch GET 200 https://registry.npmjs.org/lru-cache 3022ms (cache revalidated)
115 silly packumentCache full:https://registry.npmjs.org/lru-cache set size:397286 disposed:false
116 silly fetch manifest @img/sharp-libvips-linux-s390x@1.2.0
117 silly packumentCache full:https://registry.npmjs.org/@img%2fsharp-libvips-linux-s390x cache-miss
118 http fetch GET 200 https://registry.npmjs.org/@img%2fsharp-libvips-darwin-x64 406ms (cache revalidated)
119 silly packumentCache full:https://registry.npmjs.org/@img%2fsharp-libvips-darwin-x64 set size:37671 disposed:false
120 silly fetch manifest @img/sharp-libvips-linux-x64@1.2.0
121 silly packumentCache full:https://registry.npmjs.org/@img%2fsharp-libvips-linux-x64 cache-miss
122 http fetch GET 200 https://registry.npmjs.org/@img%2fsharp-libvips-darwin-arm64 473ms (cache revalidated)
123 silly packumentCache full:https://registry.npmjs.org/@img%2fsharp-libvips-darwin-arm64 set size:38106 disposed:false
124 silly fetch manifest @img/sharp-libvips-linuxmusl-arm64@1.2.0
125 silly packumentCache full:https://registry.npmjs.org/@img%2fsharp-libvips-linuxmusl-arm64 cache-miss
126 http fetch GET 200 https://registry.npmjs.org/@img%2fsharp-libvips-linux-arm 460ms (cache revalidated)
127 silly packumentCache full:https://registry.npmjs.org/@img%2fsharp-libvips-linux-arm set size:44014 disposed:false
128 silly fetch manifest @img/sharp-libvips-linuxmusl-x64@1.2.0
129 silly packumentCache full:https://registry.npmjs.org/@img%2fsharp-libvips-linuxmusl-x64 cache-miss
130 http fetch GET 200 https://registry.npmjs.org/@img%2fsharp-libvips-linux-arm64 478ms (cache revalidated)
131 silly packumentCache full:https://registry.npmjs.org/@img%2fsharp-libvips-linux-arm64 set size:40766 disposed:false
132 silly fetch manifest @img/sharp-linux-arm@0.34.3
133 silly packumentCache full:https://registry.npmjs.org/@img%2fsharp-linux-arm cache-miss
134 http fetch GET 200 https://registry.npmjs.org/@img%2fsharp-libvips-linux-ppc64 481ms (cache revalidated)
135 silly packumentCache full:https://registry.npmjs.org/@img%2fsharp-libvips-linux-ppc64 set size:28008 disposed:false
136 silly fetch manifest @img/sharp-linux-arm64@0.34.3
137 silly packumentCache full:https://registry.npmjs.org/@img%2fsharp-linux-arm64 cache-miss
138 http fetch GET 200 https://registry.npmjs.org/@img%2fsharp-libvips-linux-s390x 490ms (cache revalidated)
139 silly packumentCache full:https://registry.npmjs.org/@img%2fsharp-libvips-linux-s390x set size:37005 disposed:false
140 silly fetch manifest @img/sharp-linux-ppc64@0.34.3
141 silly packumentCache full:https://registry.npmjs.org/@img%2fsharp-linux-ppc64 cache-miss
142 http fetch GET 200 https://registry.npmjs.org/@img%2fsharp-libvips-linux-x64 488ms (cache revalidated)
143 silly packumentCache full:https://registry.npmjs.org/@img%2fsharp-libvips-linux-x64 set size:42118 disposed:false
144 silly fetch manifest @img/sharp-linux-s390x@0.34.3
145 silly packumentCache full:https://registry.npmjs.org/@img%2fsharp-linux-s390x cache-miss
146 http fetch GET 200 https://registry.npmjs.org/@img%2fsharp-linux-arm 372ms (cache revalidated)
147 silly packumentCache full:https://registry.npmjs.org/@img%2fsharp-linux-arm set size:52646 disposed:false
148 silly fetch manifest @img/sharp-linux-x64@0.34.3
149 silly packumentCache full:https://registry.npmjs.org/@img%2fsharp-linux-x64 cache-miss
150 http fetch GET 200 https://registry.npmjs.org/@img%2fsharp-libvips-linuxmusl-arm64 529ms (cache revalidated)
151 silly packumentCache full:https://registry.npmjs.org/@img%2fsharp-libvips-linuxmusl-arm64 set size:39407 disposed:false
152 silly fetch manifest @img/sharp-linuxmusl-arm64@0.34.3
153 silly packumentCache full:https://registry.npmjs.org/@img%2fsharp-linuxmusl-arm64 cache-miss
154 http fetch GET 200 https://registry.npmjs.org/@img%2fsharp-libvips-linuxmusl-x64 558ms (cache revalidated)
155 silly packumentCache full:https://registry.npmjs.org/@img%2fsharp-libvips-linuxmusl-x64 set size:38938 disposed:false
156 silly fetch manifest @img/sharp-linuxmusl-x64@0.34.3
157 silly packumentCache full:https://registry.npmjs.org/@img%2fsharp-linuxmusl-x64 cache-miss
158 http fetch GET 200 https://registry.npmjs.org/@img%2fsharp-linux-arm64 414ms (cache revalidated)
159 silly packumentCache full:https://registry.npmjs.org/@img%2fsharp-linux-arm64 set size:53085 disposed:false
160 silly fetch manifest @img/sharp-wasm32@0.34.3
161 silly packumentCache full:https://registry.npmjs.org/@img%2fsharp-wasm32 cache-miss
162 http fetch GET 200 https://registry.npmjs.org/@img%2fsharp-linux-ppc64 386ms (cache revalidated)
163 silly packumentCache full:https://registry.npmjs.org/@img%2fsharp-linux-ppc64 set size:17820 disposed:false
164 silly fetch manifest @img/sharp-win32-arm64@0.34.3
165 silly packumentCache full:https://registry.npmjs.org/@img%2fsharp-win32-arm64 cache-miss
166 http fetch GET 200 https://registry.npmjs.org/@img%2fsharp-linux-s390x 436ms (cache revalidated)
167 silly packumentCache full:https://registry.npmjs.org/@img%2fsharp-linux-s390x set size:51081 disposed:false
168 silly fetch manifest @img/sharp-win32-ia32@0.34.3
169 silly packumentCache full:https://registry.npmjs.org/@img%2fsharp-win32-ia32 cache-miss
170 http fetch GET 200 https://registry.npmjs.org/@img%2fsharp-linuxmusl-arm64 427ms (cache revalidated)
171 silly packumentCache full:https://registry.npmjs.org/@img%2fsharp-linuxmusl-arm64 set size:53947 disposed:false
172 silly fetch manifest @img/sharp-win32-x64@0.34.3
173 silly packumentCache full:https://registry.npmjs.org/@img%2fsharp-win32-x64 cache-miss
174 http fetch GET 200 https://registry.npmjs.org/@img%2fsharp-linux-x64 468ms (cache revalidated)
175 silly packumentCache full:https://registry.npmjs.org/@img%2fsharp-linux-x64 set size:52371 disposed:false
176 http fetch GET 200 https://registry.npmjs.org/@img%2fsharp-linuxmusl-x64 460ms (cache revalidated)
177 silly packumentCache full:https://registry.npmjs.org/@img%2fsharp-linuxmusl-x64 set size:53227 disposed:false
178 http fetch GET 200 https://registry.npmjs.org/@img%2fsharp-wasm32 391ms (cache revalidated)
179 silly packumentCache full:https://registry.npmjs.org/@img%2fsharp-wasm32 set size:50688 disposed:false
180 http fetch GET 200 https://registry.npmjs.org/@img%2fsharp-win32-arm64 399ms (cache revalidated)
181 silly packumentCache full:https://registry.npmjs.org/@img%2fsharp-win32-arm64 set size:14503 disposed:false
182 http fetch GET 200 https://registry.npmjs.org/@img%2fsharp-win32-ia32 498ms (cache revalidated)
183 silly packumentCache full:https://registry.npmjs.org/@img%2fsharp-win32-ia32 set size:55612 disposed:false
184 http fetch GET 200 https://registry.npmjs.org/@img%2fsharp-win32-x64 474ms (cache revalidated)
185 silly packumentCache full:https://registry.npmjs.org/@img%2fsharp-win32-x64 set size:55114 disposed:false
186 silly placeDep ROOT @hapi/hoek@11.0.7 OK for: @hapi/boom@10.0.1 want: ^11.0.2
187 silly fetch manifest bufferutil@^4.0.1
188 silly packumentCache full:https://registry.npmjs.org/bufferutil cache-miss
189 http fetch GET 200 https://registry.npmjs.org/bufferutil 348ms (cache revalidated)
190 silly packumentCache full:https://registry.npmjs.org/bufferutil set size:51033 disposed:false
191 silly fetch manifest utf-8-validate@>=5.0.2
192 silly packumentCache full:https://registry.npmjs.org/utf-8-validate cache-miss
193 http fetch GET 200 https://registry.npmjs.org/utf-8-validate 374ms (cache revalidated)
194 silly packumentCache full:https://registry.npmjs.org/utf-8-validate set size:75205 disposed:false
195 silly placeDep ROOT @cacheable/node-cache@1.7.0 OK for: @whiskeysockets/baileys@7.0.0-rc.2 want: ^1.4.0
196 silly placeDep node_modules/@whiskeysockets/baileys @hapi/boom@9.1.4 OK for: @whiskeysockets/baileys@7.0.0-rc.2 want: ^9.1.3
197 silly placeDep ROOT async-mutex@0.5.0 OK for: @whiskeysockets/baileys@7.0.0-rc.2 want: ^0.5.0
198 silly placeDep ROOT axios@1.11.0 OK for: @whiskeysockets/baileys@7.0.0-rc.2 want: ^1.6.0
199 silly placeDep ROOT libsignal@2.0.1 OK for: @whiskeysockets/baileys@7.0.0-rc.2 want: git+https://github.com/whiskeysockets/libsignal-node.git
200 silly placeDep ROOT lru-cache@11.2.1 OK for: @whiskeysockets/baileys@7.0.0-rc.2 want: ^11.1.0
201 silly placeDep ROOT music-metadata@11.8.3 OK for: @whiskeysockets/baileys@7.0.0-rc.2 want: ^11.7.0
202 silly placeDep ROOT pino@9.9.5 OK for: @whiskeysockets/baileys@7.0.0-rc.2 want: ^9.6
203 silly placeDep ROOT protobufjs@7.5.4 OK for: @whiskeysockets/baileys@7.0.0-rc.2 want: ^7.2.4
204 silly placeDep ROOT ws@8.18.3 OK for: @whiskeysockets/baileys@7.0.0-rc.2 want: ^8.13.0
205 silly fetch manifest hookified@^1.11.0
206 silly packumentCache full:https://registry.npmjs.org/hookified cache-miss
207 silly fetch manifest keyv@^5.5.0
208 silly packumentCache full:https://registry.npmjs.org/keyv cache-miss
209 silly fetch manifest cacheable@^1.10.4
210 silly packumentCache full:https://registry.npmjs.org/cacheable cache-miss
211 silly fetch manifest @hapi/hoek@9.x.x
212 silly packumentCache full:https://registry.npmjs.org/@hapi%2fhoek cache-hit
213 silly fetch manifest tslib@^2.4.0
214 silly packumentCache full:https://registry.npmjs.org/tslib cache-miss
215 silly fetch manifest form-data@^4.0.4
216 silly packumentCache full:https://registry.npmjs.org/form-data cache-miss
217 silly fetch manifest proxy-from-env@^1.1.0
218 silly packumentCache full:https://registry.npmjs.org/proxy-from-env cache-miss
219 silly fetch manifest follow-redirects@^1.15.6
220 silly packumentCache full:https://registry.npmjs.org/follow-redirects cache-miss
221 http fetch GET 200 https://registry.npmjs.org/proxy-from-env 440ms (cache revalidated)
222 silly packumentCache full:https://registry.npmjs.org/proxy-from-env set size:15831 disposed:false
223 silly fetch manifest curve25519-js@^0.0.4
224 silly packumentCache full:https://registry.npmjs.org/curve25519-js cache-miss
225 http fetch GET 200 https://registry.npmjs.org/tslib 461ms (cache revalidated)
226 silly packumentCache full:https://registry.npmjs.org/tslib set size:108820 disposed:false
227 silly fetch manifest protobufjs@6.8.8
228 silly packumentCache full:https://registry.npmjs.org/protobufjs cache-hit
229 silly fetch manifest debug@^4.4.1
230 silly packumentCache full:https://registry.npmjs.org/debug cache-miss
231 http fetch GET 200 https://registry.npmjs.org/keyv 488ms (cache revalidated)
232 silly packumentCache full:https://registry.npmjs.org/keyv set size:216699 disposed:false
233 silly fetch manifest strtok3@^10.3.4
234 silly packumentCache full:https://registry.npmjs.org/strtok3 cache-miss
235 http fetch GET 200 https://registry.npmjs.org/cacheable 505ms (cache revalidated)
236 silly packumentCache full:https://registry.npmjs.org/cacheable set size:111922 disposed:false
237 silly fetch manifest file-type@^21.0.0
238 silly packumentCache full:https://registry.npmjs.org/file-type cache-miss
239 http fetch GET 200 https://registry.npmjs.org/hookified 532ms (cache revalidated)
240 silly packumentCache full:https://registry.npmjs.org/hookified set size:81587 disposed:false
241 silly fetch manifest media-typer@^1.1.0
242 silly packumentCache full:https://registry.npmjs.org/media-typer cache-miss
243 http fetch GET 200 https://registry.npmjs.org/form-data 536ms (cache revalidated)
244 silly packumentCache full:https://registry.npmjs.org/form-data set size:137336 disposed:false
245 silly fetch manifest token-types@^6.1.1
246 silly packumentCache full:https://registry.npmjs.org/token-types cache-miss
247 http fetch GET 200 https://registry.npmjs.org/debug 485ms (cache revalidated)
248 silly packumentCache full:https://registry.npmjs.org/debug set size:170512 disposed:false
249 silly fetch manifest content-type@^1.0.5
250 silly packumentCache full:https://registry.npmjs.org/content-type cache-miss
251 http fetch GET 200 https://registry.npmjs.org/curve25519-js 525ms (cache revalidated)
252 silly packumentCache full:https://registry.npmjs.org/curve25519-js set size:15295 disposed:false
253 silly fetch manifest @tokenizer/token@^0.3.0
254 silly packumentCache full:https://registry.npmjs.org/@tokenizer%2ftoken cache-miss
255 http fetch GET 200 https://registry.npmjs.org/media-typer 470ms (cache revalidated)
256 silly packumentCache full:https://registry.npmjs.org/media-typer set size:20873 disposed:false
257 silly fetch manifest uint8array-extras@^1.4.1
258 silly packumentCache full:https://registry.npmjs.org/uint8array-extras cache-miss
259 http fetch GET 200 https://registry.npmjs.org/strtok3 518ms (cache revalidated)
260 silly packumentCache full:https://registry.npmjs.org/strtok3 set size:409207 disposed:false
261 silly fetch manifest @borewit/text-codec@^0.2.0
262 silly packumentCache full:https://registry.npmjs.org/@borewit%2ftext-codec cache-miss
263 http fetch GET 200 https://registry.npmjs.org/token-types 514ms (cache revalidated)
264 silly packumentCache full:https://registry.npmjs.org/token-types set size:152171 disposed:false
265 silly fetch manifest atomic-sleep@^1.0.0
266 silly packumentCache full:https://registry.npmjs.org/atomic-sleep cache-miss
267 http fetch GET 200 https://registry.npmjs.org/file-type 642ms (cache revalidated)
268 silly packumentCache full:https://registry.npmjs.org/file-type set size:521077 disposed:false
269 silly fetch manifest fast-redact@^3.1.1
270 silly packumentCache full:https://registry.npmjs.org/fast-redact cache-miss
271 http fetch GET 200 https://registry.npmjs.org/content-type 511ms (cache revalidated)
272 silly packumentCache full:https://registry.npmjs.org/content-type set size:17311 disposed:false
273 silly fetch manifest on-exit-leak-free@^2.1.0
274 silly packumentCache full:https://registry.npmjs.org/on-exit-leak-free cache-miss
275 http fetch GET 200 https://registry.npmjs.org/@tokenizer%2ftoken 511ms (cache revalidated)
276 silly packumentCache full:https://registry.npmjs.org/@tokenizer%2ftoken set size:11833 disposed:false
277 silly fetch manifest pino-abstract-transport@^2.0.0
278 silly packumentCache full:https://registry.npmjs.org/pino-abstract-transport cache-miss
279 http fetch GET 200 https://registry.npmjs.org/uint8array-extras 505ms (cache revalidated)
280 silly packumentCache full:https://registry.npmjs.org/uint8array-extras set size:36606 disposed:false
281 silly fetch manifest pino-std-serializers@^7.0.0
282 silly packumentCache full:https://registry.npmjs.org/pino-std-serializers cache-miss
283 http fetch GET 200 https://registry.npmjs.org/atomic-sleep 509ms (cache revalidated)
284 silly packumentCache full:https://registry.npmjs.org/atomic-sleep set size:5192 disposed:false
285 silly fetch manifest process-warning@^5.0.0
286 silly packumentCache full:https://registry.npmjs.org/process-warning cache-miss
287 http fetch GET 200 https://registry.npmjs.org/fast-redact 425ms (cache revalidated)
288 silly packumentCache full:https://registry.npmjs.org/fast-redact set size:114752 disposed:false
289 silly fetch manifest quick-format-unescaped@^4.0.3
290 silly packumentCache full:https://registry.npmjs.org/quick-format-unescaped cache-miss
291 http fetch GET 200 https://registry.npmjs.org/@borewit%2ftext-codec 592ms (cache revalidated)
292 silly packumentCache full:https://registry.npmjs.org/@borewit%2ftext-codec set size:11680 disposed:false
293 silly fetch manifest real-require@^0.2.0
294 silly packumentCache full:https://registry.npmjs.org/real-require cache-miss
295 http fetch GET 200 https://registry.npmjs.org/on-exit-leak-free 384ms (cache revalidated)
296 silly packumentCache full:https://registry.npmjs.org/on-exit-leak-free set size:18719 disposed:false
297 silly fetch manifest safe-stable-stringify@^2.3.1
298 silly packumentCache full:https://registry.npmjs.org/safe-stable-stringify cache-miss
299 http fetch GET 200 https://registry.npmjs.org/pino-std-serializers 386ms (cache revalidated)
300 silly packumentCache full:https://registry.npmjs.org/pino-std-serializers set size:94156 disposed:false
301 silly fetch manifest sonic-boom@^4.0.1
302 silly packumentCache full:https://registry.npmjs.org/sonic-boom cache-miss
303 http fetch GET 200 https://registry.npmjs.org/pino-abstract-transport 420ms (cache revalidated)
304 silly packumentCache full:https://registry.npmjs.org/pino-abstract-transport set size:26790 disposed:false
305 silly fetch manifest thread-stream@^3.0.0
306 silly packumentCache full:https://registry.npmjs.org/thread-stream cache-miss
307 http fetch GET 200 https://registry.npmjs.org/process-warning 403ms (cache revalidated)
308 silly packumentCache full:https://registry.npmjs.org/process-warning set size:32480 disposed:false
309 silly fetch manifest @protobufjs/aspromise@^1.1.2
310 silly packumentCache full:https://registry.npmjs.org/@protobufjs%2faspromise cache-miss
311 http fetch GET 200 https://registry.npmjs.org/quick-format-unescaped 437ms (cache revalidated)
312 silly packumentCache full:https://registry.npmjs.org/quick-format-unescaped set size:36121 disposed:false
313 silly fetch manifest @protobufjs/base64@^1.1.2
314 silly packumentCache full:https://registry.npmjs.org/@protobufjs%2fbase64 cache-miss
315 http fetch GET 200 https://registry.npmjs.org/real-require 437ms (cache revalidated)
316 silly packumentCache full:https://registry.npmjs.org/real-require set size:9152 disposed:false
317 silly fetch manifest @protobufjs/codegen@^2.0.4
318 silly packumentCache full:https://registry.npmjs.org/@protobufjs%2fcodegen cache-miss
319 http fetch GET 200 https://registry.npmjs.org/sonic-boom 347ms (cache revalidated)
320 silly packumentCache full:https://registry.npmjs.org/sonic-boom set size:166846 disposed:false
321 silly fetch manifest @protobufjs/eventemitter@^1.1.0
322 silly packumentCache full:https://registry.npmjs.org/@protobufjs%2feventemitter cache-miss
323 http fetch GET 200 https://registry.npmjs.org/safe-stable-stringify 429ms (cache revalidated)
324 silly packumentCache full:https://registry.npmjs.org/safe-stable-stringify set size:45091 disposed:false
325 silly fetch manifest @protobufjs/fetch@^1.1.0
326 silly packumentCache full:https://registry.npmjs.org/@protobufjs%2ffetch cache-miss
327 http fetch GET 200 https://registry.npmjs.org/thread-stream 412ms (cache revalidated)
328 silly packumentCache full:https://registry.npmjs.org/thread-stream set size:125389 disposed:false
329 silly fetch manifest @protobufjs/float@^1.0.2
330 silly packumentCache full:https://registry.npmjs.org/@protobufjs%2ffloat cache-miss
331 http fetch GET 200 https://registry.npmjs.org/@protobufjs%2fcodegen 378ms (cache revalidated)
332 silly packumentCache full:https://registry.npmjs.org/@protobufjs%2fcodegen set size:22005 disposed:false
333 silly fetch manifest @protobufjs/inquire@^1.1.0
334 silly packumentCache full:https://registry.npmjs.org/@protobufjs%2finquire cache-miss
335 http fetch GET 200 https://registry.npmjs.org/@protobufjs%2faspromise 478ms (cache revalidated)
336 silly packumentCache full:https://registry.npmjs.org/@protobufjs%2faspromise set size:11438 disposed:false
337 silly fetch manifest @protobufjs/path@^1.1.2
338 silly packumentCache full:https://registry.npmjs.org/@protobufjs%2fpath cache-miss
339 http fetch GET 200 https://registry.npmjs.org/@protobufjs%2fbase64 477ms (cache revalidated)
340 silly packumentCache full:https://registry.npmjs.org/@protobufjs%2fbase64 set size:14176 disposed:false
341 silly fetch manifest @protobufjs/pool@^1.1.0
342 silly packumentCache full:https://registry.npmjs.org/@protobufjs%2fpool cache-miss
343 http fetch GET 200 https://registry.npmjs.org/@protobufjs%2ffloat 352ms (cache revalidated)
344 silly packumentCache full:https://registry.npmjs.org/@protobufjs%2ffloat set size:9957 disposed:false
345 silly fetch manifest @protobufjs/utf8@^1.1.0
346 silly packumentCache full:https://registry.npmjs.org/@protobufjs%2futf8 cache-miss
347 http fetch GET 200 https://registry.npmjs.org/@protobufjs%2ffetch 410ms (cache revalidated)
348 silly packumentCache full:https://registry.npmjs.org/@protobufjs%2ffetch set size:10099 disposed:false
349 silly fetch manifest @types/node@>=13.7.0
350 silly packumentCache full:https://registry.npmjs.org/@types%2fnode cache-miss
351 http fetch GET 200 https://registry.npmjs.org/@protobufjs%2feventemitter 480ms (cache revalidated)
352 silly packumentCache full:https://registry.npmjs.org/@protobufjs%2feventemitter set size:11306 disposed:false
353 silly fetch manifest long@^5.0.0
354 silly packumentCache full:https://registry.npmjs.org/long cache-miss
355 http fetch GET 200 https://registry.npmjs.org/follow-redirects 2811ms (cache revalidated)
356 silly packumentCache full:https://registry.npmjs.org/follow-redirects set size:186700 disposed:false
357 http fetch GET 200 https://registry.npmjs.org/@protobufjs%2fpath 365ms (cache revalidated)
358 silly packumentCache full:https://registry.npmjs.org/@protobufjs%2fpath set size:10241 disposed:false
359 http fetch GET 200 https://registry.npmjs.org/@protobufjs%2finquire 422ms (cache revalidated)
360 silly packumentCache full:https://registry.npmjs.org/@protobufjs%2finquire set size:6983 disposed:false
361 http fetch GET 200 https://registry.npmjs.org/@protobufjs%2fpool 379ms (cache revalidated)
362 silly packumentCache full:https://registry.npmjs.org/@protobufjs%2fpool set size:10727 disposed:false
363 http fetch GET 200 https://registry.npmjs.org/@protobufjs%2futf8 392ms (cache revalidated)
364 silly packumentCache full:https://registry.npmjs.org/@protobufjs%2futf8 set size:13750 disposed:false
365 http fetch GET 200 https://registry.npmjs.org/@types%2fnode 527ms (cache revalidated)
366 silly packumentCache full:https://registry.npmjs.org/@types%2fnode set size:10512316 disposed:false
367 http fetch GET 200 https://registry.npmjs.org/long 1083ms (cache revalidated)
368 silly packumentCache full:https://registry.npmjs.org/long set size:80704 disposed:false
369 silly placeDep ROOT cacheable@1.10.4 OK for: @cacheable/node-cache@1.7.0 want: ^1.10.4
370 silly placeDep ROOT hookified@1.12.0 OK for: @cacheable/node-cache@1.7.0 want: ^1.11.0
371 silly placeDep ROOT keyv@5.5.1 OK for: @cacheable/node-cache@1.7.0 want: ^5.5.0
372 silly fetch manifest @keyv/serialize@^1.1.1
373 silly packumentCache full:https://registry.npmjs.org/@keyv%2fserialize cache-miss
374 http fetch GET 200 https://registry.npmjs.org/@keyv%2fserialize 471ms (cache revalidated)
375 silly packumentCache full:https://registry.npmjs.org/@keyv%2fserialize set size:19441 disposed:false
376 silly placeDep ROOT tslib@2.8.1 OK for: async-mutex@0.5.0 want: ^2.4.0
377 silly placeDep ROOT follow-redirects@1.15.11 OK for: axios@1.11.0 want: ^1.15.6
378 silly placeDep ROOT form-data@4.0.4 OK for: axios@1.11.0 want: ^4.0.4
379 silly placeDep ROOT proxy-from-env@1.1.0 OK for: axios@1.11.0 want: ^1.1.0
380 silly fetch manifest hasown@^2.0.2
381 silly packumentCache full:https://registry.npmjs.org/hasown cache-miss
382 silly fetch manifest asynckit@^0.4.0
383 silly packumentCache full:https://registry.npmjs.org/asynckit cache-miss
384 silly fetch manifest mime-types@^2.1.12
385 silly packumentCache full:https://registry.npmjs.org/mime-types cache-miss
386 silly fetch manifest combined-stream@^1.0.8
387 silly packumentCache full:https://registry.npmjs.org/combined-stream cache-miss
388 silly fetch manifest es-set-tostringtag@^2.1.0
389 silly packumentCache full:https://registry.npmjs.org/es-set-tostringtag cache-miss
390 http fetch GET 200 https://registry.npmjs.org/asynckit 427ms (cache revalidated)
391 silly packumentCache full:https://registry.npmjs.org/asynckit set size:17357 disposed:false
392 http fetch GET 200 https://registry.npmjs.org/hasown 437ms (cache revalidated)
393 silly packumentCache full:https://registry.npmjs.org/hasown set size:12476 disposed:false
394 http fetch GET 200 https://registry.npmjs.org/es-set-tostringtag 457ms (cache revalidated)
395 silly packumentCache full:https://registry.npmjs.org/es-set-tostringtag set size:22094 disposed:false
396 http fetch GET 200 https://registry.npmjs.org/combined-stream 469ms (cache revalidated)
397 silly packumentCache full:https://registry.npmjs.org/combined-stream set size:40337 disposed:false
398 http fetch GET 200 https://registry.npmjs.org/mime-types 484ms (cache revalidated)
399 silly packumentCache full:https://registry.npmjs.org/mime-types set size:136716 disposed:false
400 silly placeDep ROOT asynckit@0.4.0 OK for: form-data@4.0.4 want: ^0.4.0
401 silly placeDep ROOT combined-stream@1.0.8 OK for: form-data@4.0.4 want: ^1.0.8
402 silly placeDep ROOT es-set-tostringtag@2.1.0 OK for: form-data@4.0.4 want: ^2.1.0
403 silly placeDep ROOT hasown@2.0.2 OK for: form-data@4.0.4 want: ^2.0.2
404 silly placeDep ROOT mime-types@2.1.35 OK for: form-data@4.0.4 want: ^2.1.12
405 silly fetch manifest delayed-stream@~1.0.0
406 silly packumentCache full:https://registry.npmjs.org/delayed-stream cache-miss
407 silly fetch manifest es-errors@^1.3.0
408 silly packumentCache full:https://registry.npmjs.org/es-errors cache-miss
409 silly fetch manifest get-intrinsic@^1.2.6
410 silly packumentCache full:https://registry.npmjs.org/get-intrinsic cache-miss
411 silly fetch manifest has-tostringtag@^1.0.2
412 silly packumentCache full:https://registry.npmjs.org/has-tostringtag cache-miss
413 silly fetch manifest function-bind@^1.1.2
414 silly packumentCache full:https://registry.npmjs.org/function-bind cache-miss
415 silly fetch manifest mime-db@1.52.0
416 silly packumentCache full:https://registry.npmjs.org/mime-db cache-miss
417 http fetch GET 200 https://registry.npmjs.org/delayed-stream 449ms (cache revalidated)
418 silly packumentCache full:https://registry.npmjs.org/delayed-stream set size:15820 disposed:false
419 http fetch GET 200 https://registry.npmjs.org/has-tostringtag 503ms (cache revalidated)
420 silly packumentCache full:https://registry.npmjs.org/has-tostringtag set size:13945 disposed:false
421 http fetch GET 200 https://registry.npmjs.org/get-intrinsic 521ms (cache revalidated)
422 silly packumentCache full:https://registry.npmjs.org/get-intrinsic set size:57687 disposed:false
423 http fetch GET 200 https://registry.npmjs.org/es-errors 552ms (cache revalidated)
424 silly packumentCache full:https://registry.npmjs.org/es-errors set size:16918 disposed:false
425 http fetch GET 200 https://registry.npmjs.org/mime-db 535ms (cache revalidated)
426 silly packumentCache full:https://registry.npmjs.org/mime-db set size:164953 disposed:false
427 http fetch GET 200 https://registry.npmjs.org/function-bind 568ms (cache revalidated)
428 silly packumentCache full:https://registry.npmjs.org/function-bind set size:15733 disposed:false
429 silly placeDep ROOT delayed-stream@1.0.0 OK for: combined-stream@1.0.8 want: ~1.0.0
430 silly placeDep ROOT es-errors@1.3.0 OK for: es-set-tostringtag@2.1.0 want: ^1.3.0
431 silly placeDep ROOT get-intrinsic@1.3.0 OK for: es-set-tostringtag@2.1.0 want: ^1.2.6
432 silly placeDep ROOT has-tostringtag@1.0.2 OK for: es-set-tostringtag@2.1.0 want: ^1.0.2
433 silly fetch manifest call-bind-apply-helpers@^1.0.2
434 silly packumentCache full:https://registry.npmjs.org/call-bind-apply-helpers cache-miss
435 silly fetch manifest es-define-property@^1.0.1
436 silly packumentCache full:https://registry.npmjs.org/es-define-property cache-miss
437 silly fetch manifest es-object-atoms@^1.1.1
438 silly packumentCache full:https://registry.npmjs.org/es-object-atoms cache-miss
439 silly fetch manifest get-proto@^1.0.1
440 silly packumentCache full:https://registry.npmjs.org/get-proto cache-miss
441 silly fetch manifest gopd@^1.2.0
442 silly packumentCache full:https://registry.npmjs.org/gopd cache-miss
443 silly fetch manifest has-symbols@^1.1.0
444 silly packumentCache full:https://registry.npmjs.org/has-symbols cache-miss
445 silly fetch manifest math-intrinsics@^1.1.0
446 silly packumentCache full:https://registry.npmjs.org/math-intrinsics cache-miss
447 http fetch GET 200 https://registry.npmjs.org/es-object-atoms 435ms (cache revalidated)
448 silly packumentCache full:https://registry.npmjs.org/es-object-atoms set size:15304 disposed:false
449 silly fetch manifest has-symbols@^1.0.3
450 silly packumentCache full:https://registry.npmjs.org/has-symbols cache-miss
451 http fetch GET 200 https://registry.npmjs.org/call-bind-apply-helpers 503ms (cache revalidated)
452 silly packumentCache full:https://registry.npmjs.org/call-bind-apply-helpers set size:12744 disposed:false
453 http fetch GET 200 https://registry.npmjs.org/get-proto 520ms (cache revalidated)
454 silly packumentCache full:https://registry.npmjs.org/get-proto set size:8300 disposed:false
455 http fetch GET 200 https://registry.npmjs.org/gopd 528ms (cache revalidated)
456 silly packumentCache full:https://registry.npmjs.org/gopd set size:11458 disposed:false
457 http fetch GET 200 https://registry.npmjs.org/es-define-property 573ms (cache revalidated)
458 silly packumentCache full:https://registry.npmjs.org/es-define-property set size:8542 disposed:false
459 http fetch GET 200 https://registry.npmjs.org/math-intrinsics 527ms (cache revalidated)
460 silly packumentCache full:https://registry.npmjs.org/math-intrinsics set size:9265 disposed:false
461 http fetch GET 200 https://registry.npmjs.org/has-symbols 688ms (cache revalidated)
462 silly packumentCache full:https://registry.npmjs.org/has-symbols set size:21550 disposed:false
463 http fetch GET 200 https://registry.npmjs.org/has-symbols 424ms (cache revalidated)
464 silly packumentCache full:https://registry.npmjs.org/has-symbols set size:21550 disposed:false
465 silly packumentCache full:https://registry.npmjs.org/has-symbols dispose
466 silly placeDep ROOT call-bind-apply-helpers@1.0.2 OK for: get-intrinsic@1.3.0 want: ^1.0.2
467 silly placeDep ROOT es-define-property@1.0.1 OK for: get-intrinsic@1.3.0 want: ^1.0.1
468 silly placeDep ROOT es-object-atoms@1.1.1 OK for: get-intrinsic@1.3.0 want: ^1.1.1
469 silly placeDep ROOT function-bind@1.1.2 OK for: get-intrinsic@1.3.0 want: ^1.1.2
470 silly placeDep ROOT get-proto@1.0.1 OK for: get-intrinsic@1.3.0 want: ^1.0.1
471 silly placeDep ROOT gopd@1.2.0 OK for: get-intrinsic@1.3.0 want: ^1.2.0
472 silly placeDep ROOT has-symbols@1.1.0 OK for: get-intrinsic@1.3.0 want: ^1.1.0
473 silly placeDep ROOT math-intrinsics@1.1.0 OK for: get-intrinsic@1.3.0 want: ^1.1.0
474 silly fetch manifest dunder-proto@^1.0.1
475 silly packumentCache full:https://registry.npmjs.org/dunder-proto cache-miss
476 http fetch GET 200 https://registry.npmjs.org/dunder-proto 341ms (cache revalidated)
477 silly packumentCache full:https://registry.npmjs.org/dunder-proto set size:8256 disposed:false
478 silly placeDep ROOT dunder-proto@1.0.1 OK for: get-proto@1.0.1 want: ^1.0.1
479 silly placeDep ROOT @keyv/serialize@1.1.1 OK for: keyv@5.5.1 want: ^1.1.1
480 silly placeDep ROOT curve25519-js@0.0.4 OK for: @whiskeysockets/libsignal-node@2.0.1 want: ^0.0.4
481 silly placeDep node_modules/libsignal protobufjs@6.8.8 OK for: @whiskeysockets/libsignal-node@2.0.1 want: 6.8.8
482 silly fetch manifest long@^4.0.0
483 silly packumentCache full:https://registry.npmjs.org/long cache-hit
484 silly fetch manifest @types/long@^4.0.0
485 silly packumentCache full:https://registry.npmjs.org/@types%2flong cache-miss
486 silly fetch manifest @types/node@^10.1.0
487 silly packumentCache full:https://registry.npmjs.org/@types%2fnode cache-miss
488 http cache https://registry.npmjs.org/@types%2fnode 122ms (cache hit)
489 silly packumentCache full:https://registry.npmjs.org/@types%2fnode set size:10512316 disposed:false
490 http fetch GET 200 https://registry.npmjs.org/@types%2flong 1030ms (cache revalidated)
491 silly packumentCache full:https://registry.npmjs.org/@types%2flong set size:28711 disposed:false
492 silly placeDep ROOT mime-db@1.52.0 OK for: mime-types@2.1.35 want: 1.52.0
493 silly placeDep ROOT @borewit/text-codec@0.2.0 OK for: music-metadata@11.8.3 want: ^0.2.0
494 silly placeDep ROOT @tokenizer/token@0.3.0 OK for: music-metadata@11.8.3 want: ^0.3.0
495 silly placeDep ROOT content-type@1.0.5 OK for: music-metadata@11.8.3 want: ^1.0.5
496 silly placeDep ROOT debug@4.4.1 OK for: music-metadata@11.8.3 want: ^4.4.1
497 silly placeDep ROOT file-type@21.0.0 OK for: music-metadata@11.8.3 want: ^21.0.0
498 silly placeDep ROOT media-typer@1.1.0 OK for: music-metadata@11.8.3 want: ^1.1.0
499 silly placeDep ROOT strtok3@10.3.4 OK for: music-metadata@11.8.3 want: ^10.3.4
500 silly placeDep ROOT token-types@6.1.1 OK for: music-metadata@11.8.3 want: ^6.1.1
501 silly placeDep ROOT uint8array-extras@1.5.0 OK for: music-metadata@11.8.3 want: ^1.4.1
502 silly fetch manifest ms@^2.1.3
503 silly packumentCache full:https://registry.npmjs.org/ms cache-miss
504 silly fetch manifest @tokenizer/inflate@^0.2.7
505 silly packumentCache full:https://registry.npmjs.org/@tokenizer%2finflate cache-miss
506 silly fetch manifest strtok3@^10.2.2
507 silly packumentCache full:https://registry.npmjs.org/strtok3 cache-hit
508 silly fetch manifest token-types@^6.0.0
509 silly packumentCache full:https://registry.npmjs.org/token-types cache-hit
510 silly fetch manifest uint8array-extras@^1.4.0
511 silly packumentCache full:https://registry.npmjs.org/uint8array-extras cache-hit
512 silly fetch manifest @borewit/text-codec@^0.1.0
513 silly packumentCache full:https://registry.npmjs.org/@borewit%2ftext-codec cache-hit
514 silly fetch manifest ieee754@^1.2.1
515 silly packumentCache full:https://registry.npmjs.org/ieee754 cache-miss
516 http fetch GET 200 https://registry.npmjs.org/ieee754 389ms (cache revalidated)
517 silly packumentCache full:https://registry.npmjs.org/ieee754 set size:34910 disposed:false
518 http fetch GET 200 https://registry.npmjs.org/ms 458ms (cache revalidated)
519 silly packumentCache full:https://registry.npmjs.org/ms set size:92208 disposed:false
520 http fetch GET 200 https://registry.npmjs.org/@tokenizer%2finflate 597ms (cache revalidated)
521 silly packumentCache full:https://registry.npmjs.org/@tokenizer%2finflate set size:27439 disposed:false
522 silly placeDep ROOT ms@2.1.3 OK for: debug@4.4.1 want: ^2.1.3
523 silly placeDep ROOT @tokenizer/inflate@0.2.7 OK for: file-type@21.0.0 want: ^0.2.7
524 silly fetch manifest fflate@^0.8.2
525 silly packumentCache full:https://registry.npmjs.org/fflate cache-miss
526 http fetch GET 200 https://registry.npmjs.org/fflate 367ms (cache revalidated)
527 silly packumentCache full:https://registry.npmjs.org/fflate set size:230492 disposed:false
528 silly placeDep ROOT fflate@0.8.2 OK for: @tokenizer/inflate@0.2.7 want: ^0.8.2
529 silly placeDep ROOT atomic-sleep@1.0.0 OK for: pino@9.9.5 want: ^1.0.0
530 silly placeDep ROOT fast-redact@3.5.0 OK for: pino@9.9.5 want: ^3.1.1
531 silly placeDep ROOT on-exit-leak-free@2.1.2 OK for: pino@9.9.5 want: ^2.1.0
532 silly placeDep ROOT pino-abstract-transport@2.0.0 OK for: pino@9.9.5 want: ^2.0.0
533 silly placeDep ROOT pino-std-serializers@7.0.0 OK for: pino@9.9.5 want: ^7.0.0
534 silly placeDep ROOT process-warning@5.0.0 OK for: pino@9.9.5 want: ^5.0.0
535 silly placeDep ROOT quick-format-unescaped@4.0.4 OK for: pino@9.9.5 want: ^4.0.3
536 silly placeDep ROOT real-require@0.2.0 OK for: pino@9.9.5 want: ^0.2.0
537 silly placeDep ROOT safe-stable-stringify@2.5.0 OK for: pino@9.9.5 want: ^2.3.1
538 silly placeDep ROOT sonic-boom@4.2.0 OK for: pino@9.9.5 want: ^4.0.1
539 silly placeDep ROOT thread-stream@3.1.0 OK for: pino@9.9.5 want: ^3.0.0
540 silly fetch manifest split2@^4.0.0
541 silly packumentCache full:https://registry.npmjs.org/split2 cache-miss
542 http fetch GET 200 https://registry.npmjs.org/split2 329ms (cache revalidated)
543 silly packumentCache full:https://registry.npmjs.org/split2 set size:47438 disposed:false
544 silly placeDep ROOT split2@4.2.0 OK for: pino-abstract-transport@2.0.0 want: ^4.0.0
545 silly placeDep ROOT @protobufjs/aspromise@1.1.2 OK for: protobufjs@7.5.4 want: ^1.1.2
546 silly placeDep ROOT @protobufjs/base64@1.1.2 OK for: protobufjs@7.5.4 want: ^1.1.2
547 silly placeDep ROOT @protobufjs/codegen@2.0.4 OK for: protobufjs@7.5.4 want: ^2.0.4
548 silly placeDep ROOT @protobufjs/eventemitter@1.1.0 OK for: protobufjs@7.5.4 want: ^1.1.0
549 silly placeDep ROOT @protobufjs/fetch@1.1.0 OK for: protobufjs@7.5.4 want: ^1.1.0
550 silly placeDep ROOT @protobufjs/float@1.0.2 OK for: protobufjs@7.5.4 want: ^1.0.2
551 silly placeDep ROOT @protobufjs/inquire@1.1.0 OK for: protobufjs@7.5.4 want: ^1.1.0
552 silly placeDep ROOT @protobufjs/path@1.1.2 OK for: protobufjs@7.5.4 want: ^1.1.2
553 silly placeDep ROOT @protobufjs/pool@1.1.0 OK for: protobufjs@7.5.4 want: ^1.1.0
554 silly placeDep ROOT @protobufjs/utf8@1.1.0 OK for: protobufjs@7.5.4 want: ^1.1.0
555 silly placeDep ROOT @types/node@24.3.1 OK for: protobufjs@7.5.4 want: >=13.7.0
556 silly placeDep ROOT long@5.3.2 OK for: protobufjs@7.5.4 want: ^5.0.0
557 silly fetch manifest undici-types@~7.10.0
558 silly packumentCache full:https://registry.npmjs.org/undici-types cache-miss
559 http fetch GET 200 https://registry.npmjs.org/undici-types 364ms (cache revalidated)
560 silly packumentCache full:https://registry.npmjs.org/undici-types set size:148959 disposed:false
561 silly placeDep ROOT undici-types@7.10.0 OK for: @types/node@24.3.1 want: ~7.10.0
562 silly placeDep ROOT @img/sharp-darwin-arm64@0.34.3 OK for: sharp@0.34.3 want: 0.34.3
563 silly placeDep ROOT @img/sharp-darwin-x64@0.34.3 OK for: sharp@0.34.3 want: 0.34.3
564 silly placeDep ROOT @img/sharp-libvips-darwin-arm64@1.2.0 OK for: sharp@0.34.3 want: 1.2.0
565 silly placeDep ROOT @img/sharp-libvips-darwin-x64@1.2.0 OK for: sharp@0.34.3 want: 1.2.0
566 silly placeDep ROOT @img/sharp-libvips-linux-arm@1.2.0 OK for: sharp@0.34.3 want: 1.2.0
567 silly placeDep ROOT @img/sharp-libvips-linux-arm64@1.2.0 OK for: sharp@0.34.3 want: 1.2.0
568 silly placeDep ROOT @img/sharp-libvips-linux-ppc64@1.2.0 OK for: sharp@0.34.3 want: 1.2.0
569 silly placeDep ROOT @img/sharp-libvips-linux-s390x@1.2.0 OK for: sharp@0.34.3 want: 1.2.0
570 silly placeDep ROOT @img/sharp-libvips-linux-x64@1.2.0 OK for: sharp@0.34.3 want: 1.2.0
571 silly placeDep ROOT @img/sharp-libvips-linuxmusl-arm64@1.2.0 OK for: sharp@0.34.3 want: 1.2.0
572 silly placeDep ROOT @img/sharp-libvips-linuxmusl-x64@1.2.0 OK for: sharp@0.34.3 want: 1.2.0
573 silly placeDep ROOT @img/sharp-linux-arm@0.34.3 OK for: sharp@0.34.3 want: 0.34.3
574 silly placeDep ROOT @img/sharp-linux-arm64@0.34.3 OK for: sharp@0.34.3 want: 0.34.3
575 silly placeDep ROOT @img/sharp-linux-ppc64@0.34.3 OK for: sharp@0.34.3 want: 0.34.3
576 silly placeDep ROOT @img/sharp-linux-s390x@0.34.3 OK for: sharp@0.34.3 want: 0.34.3
577 silly placeDep ROOT @img/sharp-linux-x64@0.34.3 OK for: sharp@0.34.3 want: 0.34.3
578 silly placeDep ROOT @img/sharp-linuxmusl-arm64@0.34.3 OK for: sharp@0.34.3 want: 0.34.3
579 silly placeDep ROOT @img/sharp-linuxmusl-x64@0.34.3 OK for: sharp@0.34.3 want: 0.34.3
580 silly placeDep ROOT @img/sharp-wasm32@0.34.3 OK for: sharp@0.34.3 want: 0.34.3
581 silly placeDep ROOT @img/sharp-win32-arm64@0.34.3 OK for: sharp@0.34.3 want: 0.34.3
582 silly placeDep ROOT @img/sharp-win32-ia32@0.34.3 OK for: sharp@0.34.3 want: 0.34.3
583 silly placeDep ROOT @img/sharp-win32-x64@0.34.3 OK for: sharp@0.34.3 want: 0.34.3
584 silly placeDep ROOT color@4.2.3 OK for: sharp@0.34.3 want: ^4.2.3
585 silly placeDep ROOT detect-libc@2.0.4 OK for: sharp@0.34.3 want: ^2.0.4
586 silly placeDep ROOT semver@7.7.2 OK for: sharp@0.34.3 want: ^7.7.2
587 silly fetch manifest @emnapi/runtime@^1.4.4
588 silly packumentCache full:https://registry.npmjs.org/@emnapi%2fruntime cache-miss
589 silly fetch manifest color-string@^1.9.0
590 silly packumentCache full:https://registry.npmjs.org/color-string cache-miss
591 silly fetch manifest color-convert@^2.0.1
592 silly packumentCache full:https://registry.npmjs.org/color-convert cache-miss
593 http fetch GET 200 https://registry.npmjs.org/color-string 395ms (cache revalidated)
594 silly packumentCache full:https://registry.npmjs.org/color-string set size:76309 disposed:false
595 http fetch GET 200 https://registry.npmjs.org/color-convert 424ms (cache revalidated)
596 silly packumentCache full:https://registry.npmjs.org/color-convert set size:64701 disposed:false
597 http fetch GET 200 https://registry.npmjs.org/@emnapi%2fruntime 550ms (cache revalidated)
598 silly packumentCache full:https://registry.npmjs.org/@emnapi%2fruntime set size:88620 disposed:false
599 silly placeDep ROOT @emnapi/runtime@1.5.0 OK for: @img/sharp-wasm32@0.34.3 want: ^1.4.4
600 silly placeDep ROOT color-convert@2.0.1 OK for: color@4.2.3 want: ^2.0.1
601 silly placeDep ROOT color-string@1.9.1 OK for: color@4.2.3 want: ^1.9.0
602 silly fetch manifest color-name@~1.1.4
603 silly packumentCache full:https://registry.npmjs.org/color-name cache-miss
604 silly fetch manifest color-name@^1.0.0
605 silly packumentCache full:https://registry.npmjs.org/color-name cache-miss
606 silly fetch manifest simple-swizzle@^0.2.2
607 silly packumentCache full:https://registry.npmjs.org/simple-swizzle cache-miss
608 http fetch GET 200 https://registry.npmjs.org/color-name 351ms (cache revalidated)
609 silly packumentCache full:https://registry.npmjs.org/color-name set size:15968 disposed:false
610 http fetch GET 200 https://registry.npmjs.org/color-name 355ms (cache revalidated)
611 silly packumentCache full:https://registry.npmjs.org/color-name set size:15968 disposed:false
612 silly packumentCache full:https://registry.npmjs.org/color-name dispose
613 http fetch GET 200 https://registry.npmjs.org/simple-swizzle 392ms (cache revalidated)
614 silly packumentCache full:https://registry.npmjs.org/simple-swizzle set size:7196 disposed:false
615 silly placeDep ROOT color-name@1.1.4 OK for: color-convert@2.0.1 want: ~1.1.4
616 silly placeDep ROOT simple-swizzle@0.2.2 OK for: color-string@1.9.1 want: ^0.2.2
617 silly fetch manifest is-arrayish@^0.3.1
618 silly packumentCache full:https://registry.npmjs.org/is-arrayish cache-miss
619 http fetch GET 200 https://registry.npmjs.org/is-arrayish 354ms (cache revalidated)
620 silly packumentCache full:https://registry.npmjs.org/is-arrayish set size:12727 disposed:false
621 silly placeDep ROOT is-arrayish@0.3.2 OK for: simple-swizzle@0.2.2 want: ^0.3.1
622 silly placeDep node_modules/token-types @borewit/text-codec@0.1.1 OK for: token-types@6.1.1 want: ^0.1.0
623 silly placeDep ROOT ieee754@1.2.1 OK for: token-types@6.1.1 want: ^1.2.1
624 silly placeDep node_modules/@whiskeysockets/baileys @hapi/hoek@9.3.0 OK for: @hapi/boom@9.1.4 want: 9.x.x
625 silly placeDep ROOT @types/long@4.0.2 OK for: protobufjs@6.8.8 want: ^4.0.0
626 silly placeDep node_modules/libsignal @types/node@10.17.60 OK for: protobufjs@6.8.8 want: ^10.1.0
627 silly placeDep node_modules/libsignal long@4.0.0 OK for: protobufjs@6.8.8 want: ^4.0.0
628 silly reify moves {}
629 silly audit bulk request {
629 silly audit   '@hapi/boom': [ '10.0.1', '9.1.4' ],
629 silly audit   '@whiskeysockets/baileys': [ '7.0.0-rc.2' ],
629 silly audit   sharp: [ '0.34.3' ],
629 silly audit   'qrcode-terminal': [ '0.12.0' ],
629 silly audit   '@hapi/hoek': [ '11.0.7', '9.3.0' ],
629 silly audit   '@cacheable/node-cache': [ '1.7.0' ],
629 silly audit   'async-mutex': [ '0.5.0' ],
629 silly audit   axios: [ '1.11.0' ],
629 silly audit   '@whiskeysockets/libsignal-node': [ '2.0.1' ],
629 silly audit   'lru-cache': [ '11.2.1' ],
629 silly audit   'music-metadata': [ '11.8.3' ],
629 silly audit   pino: [ '9.9.5' ],
629 silly audit   protobufjs: [ '7.5.4', '6.8.8' ],
629 silly audit   ws: [ '8.18.3' ],
629 silly audit   cacheable: [ '1.10.4' ],
629 silly audit   hookified: [ '1.12.0' ],
629 silly audit   keyv: [ '5.5.1' ],
629 silly audit   tslib: [ '2.8.1' ],
629 silly audit   'follow-redirects': [ '1.15.11' ],
629 silly audit   'form-data': [ '4.0.4' ],
629 silly audit   'proxy-from-env': [ '1.1.0' ],
629 silly audit   asynckit: [ '0.4.0' ],
629 silly audit   'combined-stream': [ '1.0.8' ],
629 silly audit   'es-set-tostringtag': [ '2.1.0' ],
629 silly audit   hasown: [ '2.0.2' ],
629 silly audit   'mime-types': [ '2.1.35' ],
629 silly audit   'delayed-stream': [ '1.0.0' ],
629 silly audit   'es-errors': [ '1.3.0' ],
629 silly audit   'get-intrinsic': [ '1.3.0' ],
629 silly audit   'has-tostringtag': [ '1.0.2' ],
629 silly audit   'call-bind-apply-helpers': [ '1.0.2' ],
629 silly audit   'es-define-property': [ '1.0.1' ],
629 silly audit   'es-object-atoms': [ '1.1.1' ],
629 silly audit   'function-bind': [ '1.1.2' ],
629 silly audit   'get-proto': [ '1.0.1' ],
629 silly audit   gopd: [ '1.2.0' ],
629 silly audit   'has-symbols': [ '1.1.0' ],
629 silly audit   'math-intrinsics': [ '1.1.0' ],
629 silly audit   'dunder-proto': [ '1.0.1' ],
629 silly audit   '@keyv/serialize': [ '1.1.1' ],
629 silly audit   'curve25519-js': [ '0.0.4' ],
629 silly audit   'mime-db': [ '1.52.0' ],
629 silly audit   '@borewit/text-codec': [ '0.2.0', '0.1.1' ],
629 silly audit   '@tokenizer/token': [ '0.3.0' ],
629 silly audit   'content-type': [ '1.0.5' ],
629 silly audit   debug: [ '4.4.1' ],
629 silly audit   'file-type': [ '21.0.0' ],
629 silly audit   'media-typer': [ '1.1.0' ],
629 silly audit   strtok3: [ '10.3.4' ],
629 silly audit   'token-types': [ '6.1.1' ],
629 silly audit   'uint8array-extras': [ '1.5.0' ],
629 silly audit   ms: [ '2.1.3' ],
629 silly audit   '@tokenizer/inflate': [ '0.2.7' ],
629 silly audit   fflate: [ '0.8.2' ],
629 silly audit   'atomic-sleep': [ '1.0.0' ],
629 silly audit   'fast-redact': [ '3.5.0' ],
629 silly audit   'on-exit-leak-free': [ '2.1.2' ],
629 silly audit   'pino-abstract-transport': [ '2.0.0' ],
629 silly audit   'pino-std-serializers': [ '7.0.0' ],
629 silly audit   'process-warning': [ '5.0.0' ],
629 silly audit   'quick-format-unescaped': [ '4.0.4' ],
629 silly audit   'real-require': [ '0.2.0' ],
629 silly audit   'safe-stable-stringify': [ '2.5.0' ],
629 silly audit   'sonic-boom': [ '4.2.0' ],
629 silly audit   'thread-stream': [ '3.1.0' ],
629 silly audit   split2: [ '4.2.0' ],
629 silly audit   '@protobufjs/aspromise': [ '1.1.2' ],
629 silly audit   '@protobufjs/base64': [ '1.1.2' ],
629 silly audit   '@protobufjs/codegen': [ '2.0.4' ],
629 silly audit   '@protobufjs/eventemitter': [ '1.1.0' ],
629 silly audit   '@protobufjs/fetch': [ '1.1.0' ],
629 silly audit   '@protobufjs/float': [ '1.0.2' ],
629 silly audit   '@protobufjs/inquire': [ '1.1.0' ],
629 silly audit   '@protobufjs/path': [ '1.1.2' ],
629 silly audit   '@protobufjs/pool': [ '1.1.0' ],
629 silly audit   '@protobufjs/utf8': [ '1.1.0' ],
629 silly audit   '@types/node': [ '24.3.1', '10.17.60' ],
629 silly audit   long: [ '5.3.2', '4.0.0' ],
629 silly audit   'undici-types': [ '7.10.0' ],
629 silly audit   '@img/sharp-darwin-arm64': [ '0.34.3' ],
629 silly audit   '@img/sharp-darwin-x64': [ '0.34.3' ],
629 silly audit   '@img/sharp-libvips-darwin-arm64': [ '1.2.0' ],
629 silly audit   '@img/sharp-libvips-darwin-x64': [ '1.2.0' ],
629 silly audit   '@img/sharp-libvips-linux-arm': [ '1.2.0' ],
629 silly audit   '@img/sharp-libvips-linux-arm64': [ '1.2.0' ],
629 silly audit   '@img/sharp-libvips-linux-ppc64': [ '1.2.0' ],
629 silly audit   '@img/sharp-libvips-linux-s390x': [ '1.2.0' ],
629 silly audit   '@img/sharp-libvips-linux-x64': [ '1.2.0' ],
629 silly audit   '@img/sharp-libvips-linuxmusl-arm64': [ '1.2.0' ],
629 silly audit   '@img/sharp-libvips-linuxmusl-x64': [ '1.2.0' ],
629 silly audit   '@img/sharp-linux-arm': [ '0.34.3' ],
629 silly audit   '@img/sharp-linux-arm64': [ '0.34.3' ],
629 silly audit   '@img/sharp-linux-ppc64': [ '0.34.3' ],
629 silly audit   '@img/sharp-linux-s390x': [ '0.34.3' ],
629 silly audit   '@img/sharp-linux-x64': [ '0.34.3' ],
629 silly audit   '@img/sharp-linuxmusl-arm64': [ '0.34.3' ],
629 silly audit   '@img/sharp-linuxmusl-x64': [ '0.34.3' ],
629 silly audit   '@img/sharp-wasm32': [ '0.34.3' ],
629 silly audit   '@img/sharp-win32-arm64': [ '0.34.3' ],
629 silly audit   '@img/sharp-win32-ia32': [ '0.34.3' ],
629 silly audit   '@img/sharp-win32-x64': [ '0.34.3' ],
629 silly audit   color: [ '4.2.3' ],
629 silly audit   'detect-libc': [ '2.0.4' ],
629 silly audit   semver: [ '7.7.2' ],
629 silly audit   '@emnapi/runtime': [ '1.5.0' ],
629 silly audit   'color-convert': [ '2.0.1' ],
629 silly audit   'color-string': [ '1.9.1' ],
629 silly audit   'color-name': [ '1.1.4' ],
629 silly audit   'simple-swizzle': [ '0.2.2' ],
629 silly audit   'is-arrayish': [ '0.3.2' ],
629 silly audit   ieee754: [ '1.2.1' ],
629 silly audit   '@types/long': [ '4.0.2' ]
629 silly audit }
630 verbose reify failed optional dependency /data/data/com.termux/files/home/node_modules/@img/sharp-win32-x64
631 silly reify mark deleted [
631 silly reify   '/data/data/com.termux/files/home/node_modules/@img/sharp-win32-x64'
631 silly reify ]
632 verbose reify failed optional dependency /data/data/com.termux/files/home/node_modules/@img/sharp-win32-ia32
633 silly reify mark deleted [
633 silly reify   '/data/data/com.termux/files/home/node_modules/@img/sharp-win32-ia32'
633 silly reify ]
634 verbose reify failed optional dependency /data/data/com.termux/files/home/node_modules/@img/sharp-win32-arm64
635 silly reify mark deleted [
635 silly reify   '/data/data/com.termux/files/home/node_modules/@img/sharp-win32-arm64'
635 silly reify ]
636 verbose reify failed optional dependency /data/data/com.termux/files/home/node_modules/@img/sharp-wasm32
637 silly reify mark deleted [ '/data/data/com.termux/files/home/node_modules/@img/sharp-wasm32' ]
638 verbose reify failed optional dependency /data/data/com.termux/files/home/node_modules/@emnapi/runtime
639 silly reify mark deleted [ '/data/data/com.termux/files/home/node_modules/@emnapi/runtime' ]
640 verbose reify failed optional dependency /data/data/com.termux/files/home/node_modules/@img/sharp-linuxmusl-x64
641 silly reify mark deleted [
641 silly reify   '/data/data/com.termux/files/home/node_modules/@img/sharp-linuxmusl-x64'
641 silly reify ]
642 verbose reify failed optional dependency /data/data/com.termux/files/home/node_modules/@img/sharp-linuxmusl-arm64
643 silly reify mark deleted [
643 silly reify   '/data/data/com.termux/files/home/node_modules/@img/sharp-linuxmusl-arm64'
643 silly reify ]
644 verbose reify failed optional dependency /data/data/com.termux/files/home/node_modules/@img/sharp-linux-x64
645 silly reify mark deleted [
645 silly reify   '/data/data/com.termux/files/home/node_modules/@img/sharp-linux-x64'
645 silly reify ]
646 verbose reify failed optional dependency /data/data/com.termux/files/home/node_modules/@img/sharp-linux-s390x
647 silly reify mark deleted [
647 silly reify   '/data/data/com.termux/files/home/node_modules/@img/sharp-linux-s390x'
647 silly reify ]
648 verbose reify failed optional dependency /data/data/com.termux/files/home/node_modules/@img/sharp-linux-ppc64
649 silly reify mark deleted [
649 silly reify   '/data/data/com.termux/files/home/node_modules/@img/sharp-linux-ppc64'
649 silly reify ]
650 verbose reify failed optional dependency /data/data/com.termux/files/home/node_modules/@img/sharp-linux-arm64
651 silly reify mark deleted [
651 silly reify   '/data/data/com.termux/files/home/node_modules/@img/sharp-linux-arm64'
651 silly reify ]
652 verbose reify failed optional dependency /data/data/com.termux/files/home/node_modules/@img/sharp-linux-arm
653 silly reify mark deleted [
653 silly reify   '/data/data/com.termux/files/home/node_modules/@img/sharp-linux-arm'
653 silly reify ]
654 verbose reify failed optional dependency /data/data/com.termux/files/home/node_modules/@img/sharp-libvips-linuxmusl-x64
655 silly reify mark deleted [
655 silly reify   '/data/data/com.termux/files/home/node_modules/@img/sharp-libvips-linuxmusl-x64'
655 silly reify ]
656 verbose reify failed optional dependency /data/data/com.termux/files/home/node_modules/@img/sharp-libvips-linuxmusl-arm64
657 silly reify mark deleted [
657 silly reify   '/data/data/com.termux/files/home/node_modules/@img/sharp-libvips-linuxmusl-arm64'
657 silly reify ]
658 verbose reify failed optional dependency /data/data/com.termux/files/home/node_modules/@img/sharp-libvips-linux-x64
659 silly reify mark deleted [
659 silly reify   '/data/data/com.termux/files/home/node_modules/@img/sharp-libvips-linux-x64'
659 silly reify ]
660 verbose reify failed optional dependency /data/data/com.termux/files/home/node_modules/@img/sharp-libvips-linux-s390x
661 silly reify mark deleted [
661 silly reify   '/data/data/com.termux/files/home/node_modules/@img/sharp-libvips-linux-s390x'
661 silly reify ]
662 verbose reify failed optional dependency /data/data/com.termux/files/home/node_modules/@img/sharp-libvips-linux-ppc64
663 silly reify mark deleted [
663 silly reify   '/data/data/com.termux/files/home/node_modules/@img/sharp-libvips-linux-ppc64'
663 silly reify ]
664 verbose reify failed optional dependency /data/data/com.termux/files/home/node_modules/@img/sharp-libvips-linux-arm64
665 silly reify mark deleted [
665 silly reify   '/data/data/com.termux/files/home/node_modules/@img/sharp-libvips-linux-arm64'
665 silly reify ]
666 verbose reify failed optional dependency /data/data/com.termux/files/home/node_modules/@img/sharp-libvips-linux-arm
667 silly reify mark deleted [
667 silly reify   '/data/data/com.termux/files/home/node_modules/@img/sharp-libvips-linux-arm'
667 silly reify ]
668 verbose reify failed optional dependency /data/data/com.termux/files/home/node_modules/@img/sharp-libvips-darwin-x64
669 silly reify mark deleted [
669 silly reify   '/data/data/com.termux/files/home/node_modules/@img/sharp-libvips-darwin-x64'
669 silly reify ]
670 verbose reify failed optional dependency /data/data/com.termux/files/home/node_modules/@img/sharp-libvips-darwin-arm64
671 silly reify mark deleted [
671 silly reify   '/data/data/com.termux/files/home/node_modules/@img/sharp-libvips-darwin-arm64'
671 silly reify ]
672 verbose reify failed optional dependency /data/data/com.termux/files/home/node_modules/@img/sharp-darwin-x64
673 silly reify mark deleted [
673 silly reify   '/data/data/com.termux/files/home/node_modules/@img/sharp-darwin-x64'
673 silly reify ]
674 verbose reify failed optional dependency /data/data/com.termux/files/home/node_modules/@img/sharp-darwin-arm64
675 silly reify mark deleted [
675 silly reify   '/data/data/com.termux/files/home/node_modules/@img/sharp-darwin-arm64'
675 silly reify ]
676 http cache @types/long@https://registry.npmjs.org/@types/long/-/long-4.0.2.tgz 0ms (cache hit)
677 http cache ieee754@https://registry.npmjs.org/ieee754/-/ieee754-1.2.1.tgz 0ms (cache hit)
678 http cache is-arrayish@https://registry.npmjs.org/is-arrayish/-/is-arrayish-0.3.2.tgz 0ms (cache hit)
679 http cache simple-swizzle@https://registry.npmjs.org/simple-swizzle/-/simple-swizzle-0.2.2.tgz 0ms (cache hit)
680 http cache color-name@https://registry.npmjs.org/color-name/-/color-name-1.1.4.tgz 0ms (cache hit)
681 http cache color-string@https://registry.npmjs.org/color-string/-/color-string-1.9.1.tgz 0ms (cache hit)
682 http cache color-convert@https://registry.npmjs.org/color-convert/-/color-convert-2.0.1.tgz 0ms (cache hit)
683 http cache @emnapi/runtime@https://registry.npmjs.org/@emnapi/runtime/-/runtime-1.5.0.tgz 1ms (cache hit)
684 http cache semver@https://registry.npmjs.org/semver/-/semver-7.7.2.tgz 1ms (cache hit)
685 http cache detect-libc@https://registry.npmjs.org/detect-libc/-/detect-libc-2.0.4.tgz 0ms (cache hit)
686 http cache color@https://registry.npmjs.org/color/-/color-4.2.3.tgz 1ms (cache hit)
687 http cache undici-types@https://registry.npmjs.org/undici-types/-/undici-types-7.10.0.tgz 0ms (cache hit)
688 http cache @types/node@https://registry.npmjs.org/@types/node/-/node-24.3.1.tgz 0ms (cache hit)
689 http cache long@https://registry.npmjs.org/long/-/long-5.3.2.tgz 0ms (cache hit)
690 http cache @protobufjs/utf8@https://registry.npmjs.org/@protobufjs/utf8/-/utf8-1.1.0.tgz 0ms (cache hit)
691 http cache @protobufjs/pool@https://registry.npmjs.org/@protobufjs/pool/-/pool-1.1.0.tgz 0ms (cache hit)
692 http cache @protobufjs/path@https://registry.npmjs.org/@protobufjs/path/-/path-1.1.2.tgz 0ms (cache hit)
693 http cache @protobufjs/float@https://registry.npmjs.org/@protobufjs/float/-/float-1.0.2.tgz 0ms (cache hit)
694 http cache @protobufjs/inquire@https://registry.npmjs.org/@protobufjs/inquire/-/inquire-1.1.0.tgz 0ms (cache hit)
695 http cache @protobufjs/fetch@https://registry.npmjs.org/@protobufjs/fetch/-/fetch-1.1.0.tgz 0ms (cache hit)
696 http cache @protobufjs/eventemitter@https://registry.npmjs.org/@protobufjs/eventemitter/-/eventemitter-1.1.0.tgz 0ms (cache hit)
697 http cache @protobufjs/codegen@https://registry.npmjs.org/@protobufjs/codegen/-/codegen-2.0.4.tgz 0ms (cache hit)
698 http cache split2@https://registry.npmjs.org/split2/-/split2-4.2.0.tgz 0ms (cache hit)
699 http cache thread-stream@https://registry.npmjs.org/thread-stream/-/thread-stream-3.1.0.tgz 0ms (cache hit)
700 http cache @protobufjs/aspromise@https://registry.npmjs.org/@protobufjs/aspromise/-/aspromise-1.1.2.tgz 0ms (cache hit)
701 http cache sonic-boom@https://registry.npmjs.org/sonic-boom/-/sonic-boom-4.2.0.tgz 0ms (cache hit)
702 http cache safe-stable-stringify@https://registry.npmjs.org/safe-stable-stringify/-/safe-stable-stringify-2.5.0.tgz 1ms (cache hit)
703 http cache real-require@https://registry.npmjs.org/real-require/-/real-require-0.2.0.tgz 0ms (cache hit)
704 http cache quick-format-unescaped@https://registry.npmjs.org/quick-format-unescaped/-/quick-format-unescaped-4.0.4.tgz 0ms (cache hit)
705 http cache process-warning@https://registry.npmjs.org/process-warning/-/process-warning-5.0.0.tgz 0ms (cache hit)
706 http cache pino-std-serializers@https://registry.npmjs.org/pino-std-serializers/-/pino-std-serializers-7.0.0.tgz 0ms (cache hit)
707 http cache pino-abstract-transport@https://registry.npmjs.org/pino-abstract-transport/-/pino-abstract-transport-2.0.0.tgz 0ms (cache hit)
708 http cache on-exit-leak-free@https://registry.npmjs.org/on-exit-leak-free/-/on-exit-leak-free-2.1.2.tgz 1ms (cache hit)
709 http cache @protobufjs/base64@https://registry.npmjs.org/@protobufjs/base64/-/base64-1.1.2.tgz 0ms (cache hit)
710 http cache fast-redact@https://registry.npmjs.org/fast-redact/-/fast-redact-3.5.0.tgz 0ms (cache hit)
711 http cache atomic-sleep@https://registry.npmjs.org/atomic-sleep/-/atomic-sleep-1.0.0.tgz 0ms (cache hit)
712 http cache fflate@https://registry.npmjs.org/fflate/-/fflate-0.8.2.tgz 0ms (cache hit)
713 http cache ms@https://registry.npmjs.org/ms/-/ms-2.1.3.tgz 1ms (cache hit)
714 http cache uint8array-extras@https://registry.npmjs.org/uint8array-extras/-/uint8array-extras-1.5.0.tgz 1ms (cache hit)
715 http cache token-types@https://registry.npmjs.org/token-types/-/token-types-6.1.1.tgz 0ms (cache hit)
716 http cache strtok3@https://registry.npmjs.org/strtok3/-/strtok3-10.3.4.tgz 0ms (cache hit)
717 http cache media-typer@https://registry.npmjs.org/media-typer/-/media-typer-1.1.0.tgz 0ms (cache hit)
718 http cache @tokenizer/inflate@https://registry.npmjs.org/@tokenizer/inflate/-/inflate-0.2.7.tgz 0ms (cache hit)
719 http cache file-type@https://registry.npmjs.org/file-type/-/file-type-21.0.0.tgz 0ms (cache hit)
720 http cache debug@https://registry.npmjs.org/debug/-/debug-4.4.1.tgz 0ms (cache hit)
721 http cache content-type@https://registry.npmjs.org/content-type/-/content-type-1.0.5.tgz 0ms (cache hit)
722 http cache @tokenizer/token@https://registry.npmjs.org/@tokenizer/token/-/token-0.3.0.tgz 0ms (cache hit)
723 http cache curve25519-js@https://registry.npmjs.org/curve25519-js/-/curve25519-js-0.0.4.tgz 1ms (cache hit)
724 http cache mime-db@https://registry.npmjs.org/mime-db/-/mime-db-1.52.0.tgz 0ms (cache hit)
725 http cache @keyv/serialize@https://registry.npmjs.org/@keyv/serialize/-/serialize-1.1.1.tgz 1ms (cache hit)
726 http cache dunder-proto@https://registry.npmjs.org/dunder-proto/-/dunder-proto-1.0.1.tgz 0ms (cache hit)
727 http cache @borewit/text-codec@https://registry.npmjs.org/@borewit/text-codec/-/text-codec-0.2.0.tgz 0ms (cache hit)
728 http cache math-intrinsics@https://registry.npmjs.org/math-intrinsics/-/math-intrinsics-1.1.0.tgz 1ms (cache hit)
729 http cache has-symbols@https://registry.npmjs.org/has-symbols/-/has-symbols-1.1.0.tgz 0ms (cache hit)
730 http cache gopd@https://registry.npmjs.org/gopd/-/gopd-1.2.0.tgz 1ms (cache hit)
731 http cache get-proto@https://registry.npmjs.org/get-proto/-/get-proto-1.0.1.tgz 0ms (cache hit)
732 http cache function-bind@https://registry.npmjs.org/function-bind/-/function-bind-1.1.2.tgz 1ms (cache hit)
733 http cache es-define-property@https://registry.npmjs.org/es-define-property/-/es-define-property-1.0.1.tgz 0ms (cache hit)
734 http cache call-bind-apply-helpers@https://registry.npmjs.org/call-bind-apply-helpers/-/call-bind-apply-helpers-1.0.2.tgz 1ms (cache hit)
735 http cache has-tostringtag@https://registry.npmjs.org/has-tostringtag/-/has-tostringtag-1.0.2.tgz 0ms (cache hit)
736 http cache es-object-atoms@https://registry.npmjs.org/es-object-atoms/-/es-object-atoms-1.1.1.tgz 0ms (cache hit)
737 http cache get-intrinsic@https://registry.npmjs.org/get-intrinsic/-/get-intrinsic-1.3.0.tgz 0ms (cache hit)
738 http cache delayed-stream@https://registry.npmjs.org/delayed-stream/-/delayed-stream-1.0.0.tgz 0ms (cache hit)
739 http cache es-errors@https://registry.npmjs.org/es-errors/-/es-errors-1.3.0.tgz 0ms (cache hit)
740 http cache hasown@https://registry.npmjs.org/hasown/-/hasown-2.0.2.tgz 1ms (cache hit)
741 http cache es-set-tostringtag@https://registry.npmjs.org/es-set-tostringtag/-/es-set-tostringtag-2.1.0.tgz 1ms (cache hit)
742 http cache mime-types@https://registry.npmjs.org/mime-types/-/mime-types-2.1.35.tgz 0ms (cache hit)
743 http cache combined-stream@https://registry.npmjs.org/combined-stream/-/combined-stream-1.0.8.tgz 1ms (cache hit)
744 http cache asynckit@https://registry.npmjs.org/asynckit/-/asynckit-0.4.0.tgz 0ms (cache hit)
745 http cache proxy-from-env@https://registry.npmjs.org/proxy-from-env/-/proxy-from-env-1.1.0.tgz 0ms (cache hit)
746 http cache follow-redirects@https://registry.npmjs.org/follow-redirects/-/follow-redirects-1.15.11.tgz 0ms (cache hit)
747 http cache tslib@https://registry.npmjs.org/tslib/-/tslib-2.8.1.tgz 0ms (cache hit)
748 http cache keyv@https://registry.npmjs.org/keyv/-/keyv-5.5.1.tgz 0ms (cache hit)
749 http cache form-data@https://registry.npmjs.org/form-data/-/form-data-4.0.4.tgz 0ms (cache hit)
750 http cache hookified@https://registry.npmjs.org/hookified/-/hookified-1.12.0.tgz 0ms (cache hit)
751 http cache cacheable@https://registry.npmjs.org/cacheable/-/cacheable-1.10.4.tgz 0ms (cache hit)
752 http cache ws@https://registry.npmjs.org/ws/-/ws-8.18.3.tgz 0ms (cache hit)
753 http cache pino@https://registry.npmjs.org/pino/-/pino-9.9.5.tgz 0ms (cache hit)
754 http cache music-metadata@https://registry.npmjs.org/music-metadata/-/music-metadata-11.8.3.tgz 1ms (cache hit)
755 http cache lru-cache@https://registry.npmjs.org/lru-cache/-/lru-cache-11.2.1.tgz 0ms (cache hit)
756 http cache protobufjs@https://registry.npmjs.org/protobufjs/-/protobufjs-7.5.4.tgz 0ms (cache hit)
757 http cache axios@https://registry.npmjs.org/axios/-/axios-1.11.0.tgz 0ms (cache hit)
758 http cache async-mutex@https://registry.npmjs.org/async-mutex/-/async-mutex-0.5.0.tgz 0ms (cache hit)
759 http cache sharp@https://registry.npmjs.org/sharp/-/sharp-0.34.3.tgz 1ms (cache hit)
760 http cache qrcode-terminal@https://registry.npmjs.org/qrcode-terminal/-/qrcode-terminal-0.12.0.tgz 1ms (cache hit)
761 http cache @hapi/hoek@https://registry.npmjs.org/@hapi/hoek/-/hoek-11.0.7.tgz 0ms (cache hit)
762 http cache @cacheable/node-cache@https://registry.npmjs.org/@cacheable/node-cache/-/node-cache-1.7.0.tgz 0ms (cache hit)
763 http cache @whiskeysockets/baileys@https://registry.npmjs.org/@whiskeysockets/baileys/-/baileys-7.0.0-rc.2.tgz 1ms (cache hit)
764 http cache @hapi/boom@https://registry.npmjs.org/@hapi/boom/-/boom-10.0.1.tgz 0ms (cache hit)
765 http cache @borewit/text-codec@https://registry.npmjs.org/@borewit/text-codec/-/text-codec-0.1.1.tgz 0ms (cache hit)
766 http cache long@https://registry.npmjs.org/long/-/long-4.0.0.tgz 0ms (cache hit)
767 http cache @types/node@https://registry.npmjs.org/@types/node/-/node-10.17.60.tgz 0ms (cache hit)
768 http cache protobufjs@https://registry.npmjs.org/protobufjs/-/protobufjs-6.8.8.tgz 0ms (cache hit)
769 http cache @hapi/hoek@https://registry.npmjs.org/@hapi/hoek/-/hoek-9.3.0.tgz 0ms (cache hit)
770 http cache @hapi/boom@https://registry.npmjs.org/@hapi/boom/-/boom-9.1.4.tgz 0ms (cache hit)
771 http fetch POST 200 https://registry.npmjs.org/-/npm/v1/security/advisories/bulk 2086ms
772 silly audit report {}
773 http fetch GET 200 https://codeload.github.com/whiskeysockets/libsignal-node/tar.gz/4d08331a833727c338c1a90041d17b870210dfae 3231ms (cache revalidated)
774 silly packumentCache heap:828375040 maxSize:207093760 maxEntrySize:103546880
775 info run @whiskeysockets/baileys@7.0.0-rc.2 preinstall node_modules/@whiskeysockets/baileys node ./engine-requirements.js
776 info run @whiskeysockets/baileys@7.0.0-rc.2 preinstall { code: 0, signal: null }
777 info run sharp@0.34.3 install node_modules/sharp node install/check.js
778 info run sharp@0.34.3 install { code: 0, signal: null }
779 info run protobufjs@7.5.4 postinstall node_modules/protobufjs node scripts/postinstall
780 info run protobufjs@7.5.4 postinstall { code: 0, signal: null }
781 info run protobufjs@6.8.8 postinstall node_modules/libsignal/node_modules/protobufjs node scripts/postinstall
782 info run protobufjs@6.8.8 postinstall { code: 0, signal: null }
783 silly ADD node_modules/@types/long
784 silly ADD node_modules/ieee754
785 silly ADD node_modules/is-arrayish
786 silly ADD node_modules/simple-swizzle
787 silly ADD node_modules/color-name
788 silly ADD node_modules/color-string
789 silly ADD node_modules/color-convert
790 silly ADD node_modules/@emnapi/runtime
791 silly ADD node_modules/semver
792 silly ADD node_modules/detect-libc
793 silly ADD node_modules/color
794 silly ADD node_modules/@img/sharp-win32-x64
795 silly ADD node_modules/@img/sharp-win32-ia32
796 silly ADD node_modules/@img/sharp-win32-arm64
797 silly ADD node_modules/@img/sharp-wasm32
798 silly ADD node_modules/@img/sharp-linuxmusl-x64
799 silly ADD node_modules/@img/sharp-linuxmusl-arm64
800 silly ADD node_modules/@img/sharp-linux-x64
801 silly ADD node_modules/@img/sharp-linux-s390x
802 silly ADD node_modules/@img/sharp-linux-ppc64
803 silly ADD node_modules/@img/sharp-linux-arm64
804 silly ADD node_modules/@img/sharp-linux-arm
805 silly ADD node_modules/@img/sharp-libvips-linuxmusl-x64
806 silly ADD node_modules/@img/sharp-libvips-linuxmusl-arm64
807 silly ADD node_modules/@img/sharp-libvips-linux-x64
808 silly ADD node_modules/@img/sharp-libvips-linux-s390x
809 silly ADD node_modules/@img/sharp-libvips-linux-ppc64
810 silly ADD node_modules/@img/sharp-libvips-linux-arm64
811 silly ADD node_modules/@img/sharp-libvips-linux-arm
812 silly ADD node_modules/@img/sharp-libvips-darwin-x64
813 silly ADD node_modules/@img/sharp-libvips-darwin-arm64
814 silly ADD node_modules/@img/sharp-darwin-x64
815 silly ADD node_modules/@img/sharp-darwin-arm64
816 silly ADD node_modules/undici-types
817 silly ADD node_modules/long
818 silly ADD node_modules/@types/node
819 silly ADD node_modules/@protobufjs/utf8
820 silly ADD node_modules/@protobufjs/pool
821 silly ADD node_modules/@protobufjs/path
822 silly ADD node_modules/@protobufjs/inquire
823 silly ADD node_modules/@protobufjs/float
824 silly ADD node_modules/@protobufjs/fetch
825 silly ADD node_modules/@protobufjs/eventemitter
826 silly ADD node_modules/@protobufjs/codegen
827 silly ADD node_modules/@protobufjs/base64
828 silly ADD node_modules/@protobufjs/aspromise
829 silly ADD node_modules/split2
830 silly ADD node_modules/thread-stream
831 silly ADD node_modules/sonic-boom
832 silly ADD node_modules/safe-stable-stringify
833 silly ADD node_modules/real-require
834 silly ADD node_modules/quick-format-unescaped
835 silly ADD node_modules/process-warning
836 silly ADD node_modules/pino-std-serializers
837 silly ADD node_modules/pino-abstract-transport
838 silly ADD node_modules/on-exit-leak-free
839 silly ADD node_modules/fast-redact
840 silly ADD node_modules/atomic-sleep
841 silly ADD node_modules/fflate
842 silly ADD node_modules/@tokenizer/inflate
843 silly ADD node_modules/ms
844 silly ADD node_modules/uint8array-extras
845 silly ADD node_modules/token-types
846 silly ADD node_modules/token-types/node_modules/@borewit/text-codec
847 silly ADD node_modules/strtok3
848 silly ADD node_modules/media-typer
849 silly ADD node_modules/file-type
850 silly ADD node_modules/debug
851 silly ADD node_modules/content-type
852 silly ADD node_modules/@tokenizer/token
853 silly ADD node_modules/@borewit/text-codec
854 silly ADD node_modules/mime-db
855 silly ADD node_modules/curve25519-js
856 silly ADD node_modules/@keyv/serialize
857 silly ADD node_modules/dunder-proto
858 silly ADD node_modules/math-intrinsics
859 silly ADD node_modules/has-symbols
860 silly ADD node_modules/gopd
861 silly ADD node_modules/get-proto
862 silly ADD node_modules/function-bind
863 silly ADD node_modules/es-object-atoms
864 silly ADD node_modules/es-define-property
865 silly ADD node_modules/call-bind-apply-helpers
866 silly ADD node_modules/has-tostringtag
867 silly ADD node_modules/get-intrinsic
868 silly ADD node_modules/es-errors
869 silly ADD node_modules/delayed-stream
870 silly ADD node_modules/mime-types
871 silly ADD node_modules/hasown
872 silly ADD node_modules/es-set-tostringtag
873 silly ADD node_modules/combined-stream
874 silly ADD node_modules/asynckit
875 silly ADD node_modules/proxy-from-env
876 silly ADD node_modules/form-data
877 silly ADD node_modules/follow-redirects
878 silly ADD node_modules/tslib
879 silly ADD node_modules/keyv
880 silly ADD node_modules/hookified
881 silly ADD node_modules/cacheable
882 silly ADD node_modules/ws
883 silly ADD node_modules/protobufjs
884 silly ADD node_modules/pino
885 silly ADD node_modules/music-metadata
886 silly ADD node_modules/lru-cache
887 silly ADD node_modules/libsignal
888 silly ADD node_modules/libsignal/node_modules/long
889 silly ADD node_modules/libsignal/node_modules/@types/node
890 silly ADD node_modules/libsignal/node_modules/protobufjs
891 silly ADD node_modules/axios
892 silly ADD node_modules/async-mutex
893 silly ADD node_modules/@cacheable/node-cache
894 silly ADD node_modules/@hapi/hoek
895 silly ADD node_modules/qrcode-terminal
896 silly ADD node_modules/sharp
897 silly ADD node_modules/@whiskeysockets/baileys
898 silly ADD node_modules/@whiskeysockets/baileys/node_modules/@hapi/hoek
899 silly ADD node_modules/@whiskeysockets/baileys/node_modules/@hapi/boom
900 silly ADD node_modules/@hapi/boom
901 verbose cwd /data/data/com.termux/files/home
902 verbose os Linux 4.19.191-25991128-abA042FXXS6CWL1
903 verbose node v24.7.0
904 verbose npm  v11.5.1
905 verbose exit 0
906 info ok
