0 verbose cli /data/data/com.termux/files/usr/bin/node /data/data/com.termux/files/usr/bin/npm
1 info using npm@11.5.1
2 info using node@v24.7.0
3 silly config load:file:/data/data/com.termux/files/usr/lib/node_modules/npm/npmrc
4 silly config load:file:/data/data/com.termux/files/home/.npmrc
5 silly config load:file:/data/data/com.termux/files/usr/etc/npmrc
6 verbose title npm install
7 verbose argv "install"
8 verbose logfile logs-max:10 dir:/data/data/com.termux/files/home/.npm/_logs/2025-09-09T18_07_49_156Z-
9 verbose logfile /data/data/com.termux/files/home/.npm/_logs/2025-09-09T18_07_49_156Z-debug-0.log
10 silly logfile done cleaning log files
11 silly packumentCache heap:828375040 maxSize:207093760 maxEntrySize:103546880
12 silly idealTree buildDeps
13 silly fetch manifest @whiskeysockets/baileys@^7.0.0-rc.2
14 silly packumentCache full:https://registry.npmjs.org/@whiskeysockets%2fbaileys cache-miss
15 http cache https://registry.npmjs.org/@whiskeysockets%2fbaileys 249ms (cache hit)
16 silly packumentCache full:https://registry.npmjs.org/@whiskeysockets%2fbaileys set size:168923 disposed:false
17 silly fetch manifest audio-decode@^2.1.3
18 silly packumentCache full:https://registry.npmjs.org/audio-decode cache-miss
19 http cache https://registry.npmjs.org/audio-decode 37ms (cache hit)
20 silly packumentCache full:https://registry.npmjs.org/audio-decode set size:68555 disposed:false
21 silly fetch manifest jimp@^1.6.0
22 silly packumentCache full:https://registry.npmjs.org/jimp cache-miss
23 http cache https://registry.npmjs.org/jimp 56ms (cache hit)
24 silly packumentCache full:https://registry.npmjs.org/jimp set size:1192935 disposed:false
25 silly fetch manifest link-preview-js@^3.0.0
26 silly packumentCache full:https://registry.npmjs.org/link-preview-js cache-miss
27 http cache https://registry.npmjs.org/link-preview-js 59ms (cache hit)
28 silly packumentCache full:https://registry.npmjs.org/link-preview-js set size:140735 disposed:false
29 silly fetch manifest sharp@*
30 silly packumentCache full:https://registry.npmjs.org/sharp cache-miss
31 http cache https://registry.npmjs.org/sharp 67ms (cache hit)
32 silly packumentCache full:https://registry.npmjs.org/sharp set size:972854 disposed:false
33 silly fetch manifest qrcode-terminal@^0.12.0
34 silly packumentCache full:https://registry.npmjs.org/qrcode-terminal cache-miss
35 http fetch GET 200 https://registry.npmjs.org/qrcode-terminal 4635ms (cache revalidated)
36 silly packumentCache full:https://registry.npmjs.org/qrcode-terminal set size:29799 disposed:false
37 silly placeDep ROOT @whiskeysockets/baileys@7.0.0-rc.2 OK for:  want: ^7.0.0-rc.2
38 silly placeDep ROOT sharp@0.34.3 OK for: @whiskeysockets/baileys@7.0.0-rc.2 want: *
39 silly placeDep ROOT qrcode-terminal@0.12.0 OK for:  want: ^0.12.0
40 silly fetch manifest @cacheable/node-cache@^1.4.0
41 silly packumentCache full:https://registry.npmjs.org/@cacheable%2fnode-cache cache-miss
42 silly fetch manifest @hapi/boom@^9.1.3
43 silly packumentCache full:https://registry.npmjs.org/@hapi%2fboom cache-miss
44 silly fetch manifest async-mutex@^0.5.0
45 silly packumentCache full:https://registry.npmjs.org/async-mutex cache-miss
46 silly fetch manifest axios@^1.6.0
47 silly packumentCache full:https://registry.npmjs.org/axios cache-miss
48 silly fetch manifest libsignal@git+https://github.com/whiskeysockets/libsignal-node.git
49 silly fetch manifest lru-cache@^11.1.0
50 silly packumentCache full:https://registry.npmjs.org/lru-cache cache-miss
51 silly fetch manifest music-metadata@^11.7.0
52 silly packumentCache full:https://registry.npmjs.org/music-metadata cache-miss
53 http fetch GET 200 https://registry.npmjs.org/@hapi%2fboom 840ms (cache revalidated)
54 silly packumentCache full:https://registry.npmjs.org/@hapi%2fboom set size:55554 disposed:false
55 silly fetch manifest pino@^9.6
56 silly packumentCache full:https://registry.npmjs.org/pino cache-miss
57 http fetch GET 200 https://registry.npmjs.org/pino 1091ms (cache revalidated)
58 silly packumentCache full:https://registry.npmjs.org/pino set size:1203827 disposed:false
59 silly fetch manifest protobufjs@^7.2.4
60 silly packumentCache full:https://registry.npmjs.org/protobufjs cache-miss
61 http fetch GET 200 https://registry.npmjs.org/protobufjs 414ms (cache revalidated)
62 silly packumentCache full:https://registry.npmjs.org/protobufjs set size:630901 disposed:false
63 silly fetch manifest ws@^8.13.0
64 silly packumentCache full:https://registry.npmjs.org/ws cache-miss
65 http fetch GET 200 https://registry.npmjs.org/ws 424ms (cache revalidated)
66 silly packumentCache full:https://registry.npmjs.org/ws set size:410885 disposed:false
67 silly fetch manifest color@^4.2.3
68 silly packumentCache full:https://registry.npmjs.org/color cache-miss
69 http fetch GET 200 https://registry.npmjs.org/color 404ms (cache revalidated)
70 silly packumentCache full:https://registry.npmjs.org/color set size:86166 disposed:false
71 silly fetch manifest detect-libc@^2.0.4
72 silly packumentCache full:https://registry.npmjs.org/detect-libc cache-miss
73 http fetch GET 200 https://registry.npmjs.org/detect-libc 394ms (cache revalidated)
74 silly packumentCache full:https://registry.npmjs.org/detect-libc set size:38400 disposed:false
75 silly fetch manifest semver@^7.7.2
76 silly packumentCache full:https://registry.npmjs.org/semver cache-miss
77 http fetch GET 200 https://registry.npmjs.org/axios 4449ms (cache revalidated)
78 silly packumentCache full:https://registry.npmjs.org/axios set size:612921 disposed:false
79 silly fetch manifest @img/sharp-darwin-arm64@0.34.3
80 silly packumentCache full:https://registry.npmjs.org/@img%2fsharp-darwin-arm64 cache-miss
81 http fetch GET 200 https://registry.npmjs.org/@cacheable%2fnode-cache 4617ms (cache revalidated)
82 silly packumentCache full:https://registry.npmjs.org/@cacheable%2fnode-cache set size:67573 disposed:false
83 silly fetch manifest @img/sharp-darwin-x64@0.34.3
84 silly packumentCache full:https://registry.npmjs.org/@img%2fsharp-darwin-x64 cache-miss
85 http fetch GET 200 https://registry.npmjs.org/lru-cache 4598ms (cache revalidated)
86 silly packumentCache full:https://registry.npmjs.org/lru-cache set size:397286 disposed:false
87 silly fetch manifest @img/sharp-libvips-darwin-arm64@1.2.0
88 silly packumentCache full:https://registry.npmjs.org/@img%2fsharp-libvips-darwin-arm64 cache-miss
89 http fetch GET 200 https://registry.npmjs.org/semver 949ms (cache revalidated)
90 silly packumentCache full:https://registry.npmjs.org/semver set size:224186 disposed:false
91 silly fetch manifest @img/sharp-libvips-darwin-x64@1.2.0
92 silly packumentCache full:https://registry.npmjs.org/@img%2fsharp-libvips-darwin-x64 cache-miss
93 http fetch GET 200 https://registry.npmjs.org/music-metadata 4883ms (cache revalidated)
94 silly packumentCache full:https://registry.npmjs.org/music-metadata set size:1216951 disposed:false
95 silly fetch manifest @img/sharp-libvips-linux-arm@1.2.0
96 silly packumentCache full:https://registry.npmjs.org/@img%2fsharp-libvips-linux-arm cache-miss
97 http fetch GET 200 https://registry.npmjs.org/@img%2fsharp-darwin-arm64 496ms (cache revalidated)
98 silly packumentCache full:https://registry.npmjs.org/@img%2fsharp-darwin-arm64 set size:52294 disposed:false
99 silly fetch manifest @img/sharp-libvips-linux-arm64@1.2.0
100 silly packumentCache full:https://registry.npmjs.org/@img%2fsharp-libvips-linux-arm64 cache-miss
101 http fetch GET 200 https://registry.npmjs.org/@img%2fsharp-libvips-darwin-arm64 424ms (cache revalidated)
102 silly packumentCache full:https://registry.npmjs.org/@img%2fsharp-libvips-darwin-arm64 set size:38106 disposed:false
103 silly fetch manifest @img/sharp-libvips-linux-ppc64@1.2.0
104 silly packumentCache full:https://registry.npmjs.org/@img%2fsharp-libvips-linux-ppc64 cache-miss
105 http fetch GET 200 https://registry.npmjs.org/@img%2fsharp-darwin-x64 481ms (cache revalidated)
106 silly packumentCache full:https://registry.npmjs.org/@img%2fsharp-darwin-x64 set size:51571 disposed:false
107 silly fetch manifest @img/sharp-libvips-linux-s390x@1.2.0
108 silly packumentCache full:https://registry.npmjs.org/@img%2fsharp-libvips-linux-s390x cache-miss
109 http fetch GET 200 https://registry.npmjs.org/@img%2fsharp-libvips-linux-arm 516ms (cache revalidated)
110 silly packumentCache full:https://registry.npmjs.org/@img%2fsharp-libvips-linux-arm set size:44014 disposed:false
111 silly fetch manifest @img/sharp-libvips-linux-x64@1.2.0
112 silly packumentCache full:https://registry.npmjs.org/@img%2fsharp-libvips-linux-x64 cache-miss
113 http fetch GET 200 https://registry.npmjs.org/@img%2fsharp-libvips-linux-arm64 477ms (cache revalidated)
114 silly packumentCache full:https://registry.npmjs.org/@img%2fsharp-libvips-linux-arm64 set size:40766 disposed:false
115 silly fetch manifest @img/sharp-libvips-linuxmusl-arm64@1.2.0
116 silly packumentCache full:https://registry.npmjs.org/@img%2fsharp-libvips-linuxmusl-arm64 cache-miss
117 http fetch GET 200 https://registry.npmjs.org/@img%2fsharp-libvips-linux-ppc64 646ms (cache revalidated)
118 silly packumentCache full:https://registry.npmjs.org/@img%2fsharp-libvips-linux-ppc64 set size:28008 disposed:false
119 silly fetch manifest @img/sharp-libvips-linuxmusl-x64@1.2.0
120 silly packumentCache full:https://registry.npmjs.org/@img%2fsharp-libvips-linuxmusl-x64 cache-miss
121 http fetch GET 200 https://registry.npmjs.org/@img%2fsharp-libvips-linux-s390x 647ms (cache revalidated)
122 silly packumentCache full:https://registry.npmjs.org/@img%2fsharp-libvips-linux-s390x set size:37005 disposed:false
123 silly fetch manifest @img/sharp-linux-arm@0.34.3
124 silly packumentCache full:https://registry.npmjs.org/@img%2fsharp-linux-arm cache-miss
125 http fetch GET 200 https://registry.npmjs.org/@img%2fsharp-libvips-darwin-x64 997ms (cache revalidated)
126 silly packumentCache full:https://registry.npmjs.org/@img%2fsharp-libvips-darwin-x64 set size:37671 disposed:false
127 silly fetch manifest @img/sharp-linux-arm64@0.34.3
128 silly packumentCache full:https://registry.npmjs.org/@img%2fsharp-linux-arm64 cache-miss
129 http fetch GET 200 https://registry.npmjs.org/@img%2fsharp-libvips-linux-x64 515ms (cache revalidated)
130 silly packumentCache full:https://registry.npmjs.org/@img%2fsharp-libvips-linux-x64 set size:42118 disposed:false
131 silly fetch manifest @img/sharp-linux-ppc64@0.34.3
132 silly packumentCache full:https://registry.npmjs.org/@img%2fsharp-linux-ppc64 cache-miss
133 http fetch GET 200 https://registry.npmjs.org/@img%2fsharp-libvips-linuxmusl-arm64 588ms (cache revalidated)
134 silly packumentCache full:https://registry.npmjs.org/@img%2fsharp-libvips-linuxmusl-arm64 set size:39407 disposed:false
135 silly fetch manifest @img/sharp-linux-s390x@0.34.3
136 silly packumentCache full:https://registry.npmjs.org/@img%2fsharp-linux-s390x cache-miss
137 http fetch GET 200 https://registry.npmjs.org/async-mutex 6155ms (cache revalidated)
138 silly packumentCache full:https://registry.npmjs.org/async-mutex set size:76106 disposed:false
139 silly fetch manifest @img/sharp-linux-x64@0.34.3
140 silly packumentCache full:https://registry.npmjs.org/@img%2fsharp-linux-x64 cache-miss
141 http fetch GET 200 https://registry.npmjs.org/@img%2fsharp-libvips-linuxmusl-x64 448ms (cache revalidated)
142 silly packumentCache full:https://registry.npmjs.org/@img%2fsharp-libvips-linuxmusl-x64 set size:38938 disposed:false
143 silly fetch manifest @img/sharp-linuxmusl-arm64@0.34.3
144 silly packumentCache full:https://registry.npmjs.org/@img%2fsharp-linuxmusl-arm64 cache-miss
145 http fetch GET 200 https://registry.npmjs.org/@img%2fsharp-linux-arm 468ms (cache revalidated)
146 silly packumentCache full:https://registry.npmjs.org/@img%2fsharp-linux-arm set size:52646 disposed:false
147 silly fetch manifest @img/sharp-linuxmusl-x64@0.34.3
148 silly packumentCache full:https://registry.npmjs.org/@img%2fsharp-linuxmusl-x64 cache-miss
149 http fetch GET 200 https://registry.npmjs.org/@img%2fsharp-linux-arm64 654ms (cache revalidated)
150 silly packumentCache full:https://registry.npmjs.org/@img%2fsharp-linux-arm64 set size:53085 disposed:false
151 silly fetch manifest @img/sharp-wasm32@0.34.3
152 silly packumentCache full:https://registry.npmjs.org/@img%2fsharp-wasm32 cache-miss
153 http fetch GET 200 https://registry.npmjs.org/@img%2fsharp-linux-ppc64 528ms (cache revalidated)
154 silly packumentCache full:https://registry.npmjs.org/@img%2fsharp-linux-ppc64 set size:17820 disposed:false
155 silly fetch manifest @img/sharp-win32-arm64@0.34.3
156 silly packumentCache full:https://registry.npmjs.org/@img%2fsharp-win32-arm64 cache-miss
157 http fetch GET 200 https://registry.npmjs.org/@img%2fsharp-linux-s390x 622ms (cache revalidated)
158 silly packumentCache full:https://registry.npmjs.org/@img%2fsharp-linux-s390x set size:51081 disposed:false
159 silly fetch manifest @img/sharp-win32-ia32@0.34.3
160 silly packumentCache full:https://registry.npmjs.org/@img%2fsharp-win32-ia32 cache-miss
161 http fetch GET 200 https://registry.npmjs.org/@img%2fsharp-linuxmusl-arm64 607ms (cache revalidated)
162 silly packumentCache full:https://registry.npmjs.org/@img%2fsharp-linuxmusl-arm64 set size:53947 disposed:false
163 silly fetch manifest @img/sharp-win32-x64@0.34.3
164 silly packumentCache full:https://registry.npmjs.org/@img%2fsharp-win32-x64 cache-miss
165 http fetch GET 200 https://registry.npmjs.org/@img%2fsharp-win32-arm64 533ms (cache revalidated)
166 silly packumentCache full:https://registry.npmjs.org/@img%2fsharp-win32-arm64 set size:14503 disposed:false
167 http fetch GET 200 https://registry.npmjs.org/@img%2fsharp-wasm32 647ms (cache revalidated)
168 silly packumentCache full:https://registry.npmjs.org/@img%2fsharp-wasm32 set size:50688 disposed:false
169 http fetch GET 200 https://registry.npmjs.org/@img%2fsharp-win32-x64 388ms (cache revalidated)
170 silly packumentCache full:https://registry.npmjs.org/@img%2fsharp-win32-x64 set size:55114 disposed:false
171 http fetch GET 200 https://registry.npmjs.org/@img%2fsharp-linuxmusl-x64 1039ms (cache revalidated)
172 silly packumentCache full:https://registry.npmjs.org/@img%2fsharp-linuxmusl-x64 set size:53227 disposed:false
173 http fetch GET 200 https://registry.npmjs.org/@img%2fsharp-win32-ia32 597ms (cache revalidated)
174 silly packumentCache full:https://registry.npmjs.org/@img%2fsharp-win32-ia32 set size:55612 disposed:false
175 http fetch GET 200 https://registry.npmjs.org/@img%2fsharp-linux-x64 1859ms (cache revalidated)
176 silly packumentCache full:https://registry.npmjs.org/@img%2fsharp-linux-x64 set size:52371 disposed:false
177 silly fetch manifest bufferutil@^4.0.1
178 silly packumentCache full:https://registry.npmjs.org/bufferutil cache-miss
179 http fetch GET 200 https://registry.npmjs.org/bufferutil 511ms (cache revalidated)
180 silly packumentCache full:https://registry.npmjs.org/bufferutil set size:51033 disposed:false
181 silly fetch manifest utf-8-validate@>=5.0.2
182 silly packumentCache full:https://registry.npmjs.org/utf-8-validate cache-miss
183 http fetch GET 200 https://registry.npmjs.org/utf-8-validate 445ms (cache revalidated)
184 silly packumentCache full:https://registry.npmjs.org/utf-8-validate set size:75205 disposed:false
185 silly placeDep ROOT @cacheable/node-cache@1.7.0 OK for: @whiskeysockets/baileys@7.0.0-rc.2 want: ^1.4.0
186 silly placeDep ROOT @hapi/boom@9.1.4 OK for: @whiskeysockets/baileys@7.0.0-rc.2 want: ^9.1.3
187 silly placeDep ROOT async-mutex@0.5.0 OK for: @whiskeysockets/baileys@7.0.0-rc.2 want: ^0.5.0
188 silly placeDep ROOT axios@1.11.0 OK for: @whiskeysockets/baileys@7.0.0-rc.2 want: ^1.6.0
189 silly placeDep ROOT libsignal@2.0.1 OK for: @whiskeysockets/baileys@7.0.0-rc.2 want: git+https://github.com/whiskeysockets/libsignal-node.git
190 silly placeDep ROOT lru-cache@11.2.1 OK for: @whiskeysockets/baileys@7.0.0-rc.2 want: ^11.1.0
191 silly placeDep ROOT music-metadata@11.8.3 OK for: @whiskeysockets/baileys@7.0.0-rc.2 want: ^11.7.0
192 silly placeDep ROOT pino@9.9.4 OK for: @whiskeysockets/baileys@7.0.0-rc.2 want: ^9.6
193 silly placeDep ROOT protobufjs@7.5.4 OK for: @whiskeysockets/baileys@7.0.0-rc.2 want: ^7.2.4
194 silly placeDep ROOT ws@8.18.3 OK for: @whiskeysockets/baileys@7.0.0-rc.2 want: ^8.13.0
195 silly fetch manifest hookified@^1.11.0
196 silly packumentCache full:https://registry.npmjs.org/hookified cache-miss
197 silly fetch manifest keyv@^5.5.0
198 silly packumentCache full:https://registry.npmjs.org/keyv cache-miss
199 silly fetch manifest cacheable@^1.10.4
200 silly packumentCache full:https://registry.npmjs.org/cacheable cache-miss
201 silly fetch manifest @hapi/hoek@9.x.x
202 silly packumentCache full:https://registry.npmjs.org/@hapi%2fhoek cache-miss
203 silly fetch manifest tslib@^2.4.0
204 silly packumentCache full:https://registry.npmjs.org/tslib cache-miss
205 silly fetch manifest form-data@^4.0.4
206 silly packumentCache full:https://registry.npmjs.org/form-data cache-miss
207 silly fetch manifest proxy-from-env@^1.1.0
208 silly packumentCache full:https://registry.npmjs.org/proxy-from-env cache-miss
209 http fetch GET 200 https://registry.npmjs.org/hookified 494ms (cache revalidated)
210 silly packumentCache full:https://registry.npmjs.org/hookified set size:81587 disposed:false
211 silly fetch manifest follow-redirects@^1.15.6
212 silly packumentCache full:https://registry.npmjs.org/follow-redirects cache-miss
213 http fetch GET 200 https://registry.npmjs.org/tslib 487ms (cache revalidated)
214 silly packumentCache full:https://registry.npmjs.org/tslib set size:108820 disposed:false
215 silly fetch manifest curve25519-js@^0.0.4
216 silly packumentCache full:https://registry.npmjs.org/curve25519-js cache-miss
217 http fetch GET 200 https://registry.npmjs.org/form-data 574ms (cache revalidated)
218 silly packumentCache full:https://registry.npmjs.org/form-data set size:137336 disposed:false
219 silly fetch manifest protobufjs@6.8.8
220 silly packumentCache full:https://registry.npmjs.org/protobufjs cache-hit
221 silly fetch manifest debug@^4.4.1
222 silly packumentCache full:https://registry.npmjs.org/debug cache-miss
223 http fetch GET 200 https://registry.npmjs.org/cacheable 730ms (cache updated)
224 silly packumentCache full:https://registry.npmjs.org/cacheable set size:undefined disposed:false
225 silly fetch manifest strtok3@^10.3.4
226 silly packumentCache full:https://registry.npmjs.org/strtok3 cache-miss
227 http fetch GET 200 https://registry.npmjs.org/follow-redirects 412ms (cache revalidated)
228 silly packumentCache full:https://registry.npmjs.org/follow-redirects set size:186700 disposed:false
229 silly fetch manifest file-type@^21.0.0
230 silly packumentCache full:https://registry.npmjs.org/file-type cache-miss
231 http fetch GET 200 https://registry.npmjs.org/curve25519-js 425ms (cache revalidated)
232 silly packumentCache full:https://registry.npmjs.org/curve25519-js set size:15295 disposed:false
233 silly fetch manifest media-typer@^1.1.0
234 silly packumentCache full:https://registry.npmjs.org/media-typer cache-miss
235 http fetch GET 200 https://registry.npmjs.org/@hapi%2fhoek 1171ms (cache revalidated)
236 silly packumentCache full:https://registry.npmjs.org/@hapi%2fhoek set size:121527 disposed:false
237 silly fetch manifest token-types@^6.1.1
238 silly packumentCache full:https://registry.npmjs.org/token-types cache-miss
239 http fetch GET 200 https://registry.npmjs.org/strtok3 482ms (cache revalidated)
240 silly packumentCache full:https://registry.npmjs.org/strtok3 set size:409207 disposed:false
241 silly fetch manifest content-type@^1.0.5
242 silly packumentCache full:https://registry.npmjs.org/content-type cache-miss
243 http fetch GET 200 https://registry.npmjs.org/debug 677ms (cache revalidated)
244 silly packumentCache full:https://registry.npmjs.org/debug set size:170512 disposed:false
245 silly fetch manifest @tokenizer/token@^0.3.0
246 silly packumentCache full:https://registry.npmjs.org/@tokenizer%2ftoken cache-miss
247 http fetch GET 200 https://registry.npmjs.org/keyv 1386ms (cache revalidated)
248 silly packumentCache full:https://registry.npmjs.org/keyv set size:214031 disposed:false
249 silly fetch manifest uint8array-extras@^1.4.1
250 silly packumentCache full:https://registry.npmjs.org/uint8array-extras cache-miss
251 http fetch GET 200 https://registry.npmjs.org/token-types 512ms (cache revalidated)
252 silly packumentCache full:https://registry.npmjs.org/token-types set size:152171 disposed:false
253 silly fetch manifest @borewit/text-codec@^0.2.0
254 silly packumentCache full:https://registry.npmjs.org/@borewit%2ftext-codec cache-miss
255 http fetch GET 200 https://registry.npmjs.org/content-type 513ms (cache revalidated)
256 silly packumentCache full:https://registry.npmjs.org/content-type set size:17311 disposed:false
257 silly fetch manifest atomic-sleep@^1.0.0
258 silly packumentCache full:https://registry.npmjs.org/atomic-sleep cache-miss
259 http fetch GET 200 https://registry.npmjs.org/media-typer 920ms (cache revalidated)
260 silly packumentCache full:https://registry.npmjs.org/media-typer set size:20873 disposed:false
261 silly fetch manifest fast-redact@^3.1.1
262 silly packumentCache full:https://registry.npmjs.org/fast-redact cache-miss
263 http fetch GET 200 https://registry.npmjs.org/uint8array-extras 512ms (cache revalidated)
264 silly packumentCache full:https://registry.npmjs.org/uint8array-extras set size:36606 disposed:false
265 silly fetch manifest on-exit-leak-free@^2.1.0
266 silly packumentCache full:https://registry.npmjs.org/on-exit-leak-free cache-miss
267 http fetch GET 200 https://registry.npmjs.org/file-type 1018ms (cache revalidated)
268 silly packumentCache full:https://registry.npmjs.org/file-type set size:521077 disposed:false
269 silly fetch manifest pino-abstract-transport@^2.0.0
270 silly packumentCache full:https://registry.npmjs.org/pino-abstract-transport cache-miss
271 http fetch GET 200 https://registry.npmjs.org/atomic-sleep 424ms (cache revalidated)
272 silly packumentCache full:https://registry.npmjs.org/atomic-sleep set size:5192 disposed:false
273 silly fetch manifest pino-std-serializers@^7.0.0
274 silly packumentCache full:https://registry.npmjs.org/pino-std-serializers cache-miss
275 http fetch GET 200 https://registry.npmjs.org/fast-redact 374ms (cache revalidated)
276 silly packumentCache full:https://registry.npmjs.org/fast-redact set size:114752 disposed:false
277 silly fetch manifest process-warning@^5.0.0
278 silly packumentCache full:https://registry.npmjs.org/process-warning cache-miss
279 http fetch GET 200 https://registry.npmjs.org/@tokenizer%2ftoken 1029ms (cache revalidated)
280 silly packumentCache full:https://registry.npmjs.org/@tokenizer%2ftoken set size:11833 disposed:false
281 silly fetch manifest quick-format-unescaped@^4.0.3
282 silly packumentCache full:https://registry.npmjs.org/quick-format-unescaped cache-miss
283 http fetch GET 200 https://registry.npmjs.org/pino-abstract-transport 395ms (cache revalidated)
284 silly packumentCache full:https://registry.npmjs.org/pino-abstract-transport set size:26790 disposed:false
285 silly fetch manifest real-require@^0.2.0
286 silly packumentCache full:https://registry.npmjs.org/real-require cache-miss
287 http fetch GET 200 https://registry.npmjs.org/on-exit-leak-free 575ms (cache revalidated)
288 silly packumentCache full:https://registry.npmjs.org/on-exit-leak-free set size:18719 disposed:false
289 silly fetch manifest safe-stable-stringify@^2.3.1
290 silly packumentCache full:https://registry.npmjs.org/safe-stable-stringify cache-miss
291 http fetch GET 200 https://registry.npmjs.org/pino-std-serializers 368ms (cache revalidated)
292 silly packumentCache full:https://registry.npmjs.org/pino-std-serializers set size:94156 disposed:false
293 silly fetch manifest sonic-boom@^4.0.1
294 silly packumentCache full:https://registry.npmjs.org/sonic-boom cache-miss
295 http fetch GET 200 https://registry.npmjs.org/process-warning 362ms (cache revalidated)
296 silly packumentCache full:https://registry.npmjs.org/process-warning set size:32480 disposed:false
297 silly fetch manifest thread-stream@^3.0.0
298 silly packumentCache full:https://registry.npmjs.org/thread-stream cache-miss
299 http fetch GET 200 https://registry.npmjs.org/quick-format-unescaped 454ms (cache revalidated)
300 silly packumentCache full:https://registry.npmjs.org/quick-format-unescaped set size:36121 disposed:false
301 silly fetch manifest @protobufjs/aspromise@^1.1.2
302 silly packumentCache full:https://registry.npmjs.org/@protobufjs%2faspromise cache-miss
303 http fetch GET 200 https://registry.npmjs.org/real-require 441ms (cache revalidated)
304 silly packumentCache full:https://registry.npmjs.org/real-require set size:9152 disposed:false
305 silly fetch manifest @protobufjs/base64@^1.1.2
306 silly packumentCache full:https://registry.npmjs.org/@protobufjs%2fbase64 cache-miss
307 http fetch GET 200 https://registry.npmjs.org/@borewit%2ftext-codec 1089ms (cache revalidated)
308 silly packumentCache full:https://registry.npmjs.org/@borewit%2ftext-codec set size:11680 disposed:false
309 silly fetch manifest @protobufjs/codegen@^2.0.4
310 silly packumentCache full:https://registry.npmjs.org/@protobufjs%2fcodegen cache-miss
311 http fetch GET 200 https://registry.npmjs.org/sonic-boom 385ms (cache revalidated)
312 silly packumentCache full:https://registry.npmjs.org/sonic-boom set size:166846 disposed:false
313 silly fetch manifest @protobufjs/eventemitter@^1.1.0
314 silly packumentCache full:https://registry.npmjs.org/@protobufjs%2feventemitter cache-miss
315 http fetch GET 200 https://registry.npmjs.org/safe-stable-stringify 512ms (cache revalidated)
316 silly packumentCache full:https://registry.npmjs.org/safe-stable-stringify set size:45091 disposed:false
317 silly fetch manifest @protobufjs/fetch@^1.1.0
318 silly packumentCache full:https://registry.npmjs.org/@protobufjs%2ffetch cache-miss
319 http fetch GET 200 https://registry.npmjs.org/thread-stream 485ms (cache revalidated)
320 silly packumentCache full:https://registry.npmjs.org/thread-stream set size:125389 disposed:false
321 silly fetch manifest @protobufjs/float@^1.0.2
322 silly packumentCache full:https://registry.npmjs.org/@protobufjs%2ffloat cache-miss
323 http fetch GET 200 https://registry.npmjs.org/@protobufjs%2fbase64 416ms (cache revalidated)
324 silly packumentCache full:https://registry.npmjs.org/@protobufjs%2fbase64 set size:14176 disposed:false
325 silly fetch manifest @protobufjs/inquire@^1.1.0
326 silly packumentCache full:https://registry.npmjs.org/@protobufjs%2finquire cache-miss
327 http fetch GET 200 https://registry.npmjs.org/@protobufjs%2faspromise 441ms (cache revalidated)
328 silly packumentCache full:https://registry.npmjs.org/@protobufjs%2faspromise set size:11438 disposed:false
329 silly fetch manifest @protobufjs/path@^1.1.2
330 silly packumentCache full:https://registry.npmjs.org/@protobufjs%2fpath cache-miss
331 http fetch GET 200 https://registry.npmjs.org/@protobufjs%2fcodegen 432ms (cache revalidated)
332 silly packumentCache full:https://registry.npmjs.org/@protobufjs%2fcodegen set size:22005 disposed:false
333 silly fetch manifest @protobufjs/pool@^1.1.0
334 silly packumentCache full:https://registry.npmjs.org/@protobufjs%2fpool cache-miss
335 http fetch GET 200 https://registry.npmjs.org/@protobufjs%2feventemitter 389ms (cache revalidated)
336 silly packumentCache full:https://registry.npmjs.org/@protobufjs%2feventemitter set size:11306 disposed:false
337 silly fetch manifest @protobufjs/utf8@^1.1.0
338 silly packumentCache full:https://registry.npmjs.org/@protobufjs%2futf8 cache-miss
339 http fetch GET 200 https://registry.npmjs.org/@protobufjs%2ffloat 354ms (cache revalidated)
340 silly packumentCache full:https://registry.npmjs.org/@protobufjs%2ffloat set size:9957 disposed:false
341 silly fetch manifest @types/node@>=13.7.0
342 silly packumentCache full:https://registry.npmjs.org/@types%2fnode cache-miss
343 http fetch GET 200 https://registry.npmjs.org/@protobufjs%2ffetch 477ms (cache revalidated)
344 silly packumentCache full:https://registry.npmjs.org/@protobufjs%2ffetch set size:10099 disposed:false
345 silly fetch manifest long@^5.0.0
346 silly packumentCache full:https://registry.npmjs.org/long cache-miss
347 http fetch GET 200 https://registry.npmjs.org/@protobufjs%2fpath 422ms (cache revalidated)
348 silly packumentCache full:https://registry.npmjs.org/@protobufjs%2fpath set size:10241 disposed:false
349 http fetch GET 200 https://registry.npmjs.org/@protobufjs%2finquire 457ms (cache revalidated)
350 silly packumentCache full:https://registry.npmjs.org/@protobufjs%2finquire set size:6983 disposed:false
351 http fetch GET 200 https://registry.npmjs.org/@protobufjs%2fpool 437ms (cache revalidated)
352 silly packumentCache full:https://registry.npmjs.org/@protobufjs%2fpool set size:10727 disposed:false
353 http fetch GET 200 https://registry.npmjs.org/@protobufjs%2futf8 389ms (cache revalidated)
354 silly packumentCache full:https://registry.npmjs.org/@protobufjs%2futf8 set size:13750 disposed:false
355 http fetch GET 200 https://registry.npmjs.org/@types%2fnode 507ms (cache revalidated)
356 silly packumentCache full:https://registry.npmjs.org/@types%2fnode set size:10512316 disposed:false
357 http fetch GET 200 https://registry.npmjs.org/long 1069ms (cache revalidated)
358 silly packumentCache full:https://registry.npmjs.org/long set size:80704 disposed:false
359 http fetch GET 200 https://registry.npmjs.org/proxy-from-env 4587ms (cache revalidated)
360 silly packumentCache full:https://registry.npmjs.org/proxy-from-env set size:15831 disposed:false
361 silly placeDep ROOT cacheable@1.10.4 OK for: @cacheable/node-cache@1.7.0 want: ^1.10.4
362 silly placeDep ROOT hookified@1.12.0 OK for: @cacheable/node-cache@1.7.0 want: ^1.11.0
363 silly placeDep ROOT keyv@5.5.0 OK for: @cacheable/node-cache@1.7.0 want: ^5.5.0
364 silly fetch manifest @keyv/serialize@^1.1.0
365 silly packumentCache full:https://registry.npmjs.org/@keyv%2fserialize cache-miss
366 http fetch GET 200 https://registry.npmjs.org/@keyv%2fserialize 553ms (cache revalidated)
367 silly packumentCache full:https://registry.npmjs.org/@keyv%2fserialize set size:17190 disposed:false
368 silly placeDep ROOT @hapi/hoek@9.3.0 OK for: @hapi/boom@9.1.4 want: 9.x.x
369 silly placeDep ROOT tslib@2.8.1 OK for: async-mutex@0.5.0 want: ^2.4.0
370 silly placeDep ROOT follow-redirects@1.15.11 OK for: axios@1.11.0 want: ^1.15.6
371 silly placeDep ROOT form-data@4.0.4 OK for: axios@1.11.0 want: ^4.0.4
372 silly placeDep ROOT proxy-from-env@1.1.0 OK for: axios@1.11.0 want: ^1.1.0
373 silly fetch manifest hasown@^2.0.2
374 silly packumentCache full:https://registry.npmjs.org/hasown cache-miss
375 silly fetch manifest asynckit@^0.4.0
376 silly packumentCache full:https://registry.npmjs.org/asynckit cache-miss
377 silly fetch manifest mime-types@^2.1.12
378 silly packumentCache full:https://registry.npmjs.org/mime-types cache-miss
379 silly fetch manifest combined-stream@^1.0.8
380 silly packumentCache full:https://registry.npmjs.org/combined-stream cache-miss
381 silly fetch manifest es-set-tostringtag@^2.1.0
382 silly packumentCache full:https://registry.npmjs.org/es-set-tostringtag cache-miss
383 http fetch GET 200 https://registry.npmjs.org/asynckit 385ms (cache revalidated)
384 silly packumentCache full:https://registry.npmjs.org/asynckit set size:17357 disposed:false
385 http fetch GET 200 https://registry.npmjs.org/hasown 402ms (cache revalidated)
386 silly packumentCache full:https://registry.npmjs.org/hasown set size:12476 disposed:false
387 http fetch GET 200 https://registry.npmjs.org/mime-types 443ms (cache revalidated)
388 silly packumentCache full:https://registry.npmjs.org/mime-types set size:136716 disposed:false
389 http fetch GET 200 https://registry.npmjs.org/combined-stream 483ms (cache revalidated)
390 silly packumentCache full:https://registry.npmjs.org/combined-stream set size:40337 disposed:false
391 http fetch GET 200 https://registry.npmjs.org/es-set-tostringtag 510ms (cache revalidated)
392 silly packumentCache full:https://registry.npmjs.org/es-set-tostringtag set size:22094 disposed:false
393 silly placeDep ROOT asynckit@0.4.0 OK for: form-data@4.0.4 want: ^0.4.0
394 silly placeDep ROOT combined-stream@1.0.8 OK for: form-data@4.0.4 want: ^1.0.8
395 silly placeDep ROOT es-set-tostringtag@2.1.0 OK for: form-data@4.0.4 want: ^2.1.0
396 silly placeDep ROOT hasown@2.0.2 OK for: form-data@4.0.4 want: ^2.0.2
397 silly placeDep ROOT mime-types@2.1.35 OK for: form-data@4.0.4 want: ^2.1.12
398 silly fetch manifest delayed-stream@~1.0.0
399 silly packumentCache full:https://registry.npmjs.org/delayed-stream cache-miss
400 silly fetch manifest es-errors@^1.3.0
401 silly packumentCache full:https://registry.npmjs.org/es-errors cache-miss
402 silly fetch manifest get-intrinsic@^1.2.6
403 silly packumentCache full:https://registry.npmjs.org/get-intrinsic cache-miss
404 silly fetch manifest has-tostringtag@^1.0.2
405 silly packumentCache full:https://registry.npmjs.org/has-tostringtag cache-miss
406 silly fetch manifest function-bind@^1.1.2
407 silly packumentCache full:https://registry.npmjs.org/function-bind cache-miss
408 silly fetch manifest mime-db@1.52.0
409 silly packumentCache full:https://registry.npmjs.org/mime-db cache-miss
410 http fetch GET 200 https://registry.npmjs.org/function-bind 398ms (cache revalidated)
411 silly packumentCache full:https://registry.npmjs.org/function-bind set size:15733 disposed:false
412 http fetch GET 200 https://registry.npmjs.org/get-intrinsic 430ms (cache revalidated)
413 silly packumentCache full:https://registry.npmjs.org/get-intrinsic set size:57687 disposed:false
414 http fetch GET 200 https://registry.npmjs.org/mime-db 430ms (cache revalidated)
415 silly packumentCache full:https://registry.npmjs.org/mime-db set size:164953 disposed:false
416 http fetch GET 200 https://registry.npmjs.org/has-tostringtag 464ms (cache revalidated)
417 silly packumentCache full:https://registry.npmjs.org/has-tostringtag set size:13945 disposed:false
418 http fetch GET 200 https://registry.npmjs.org/es-errors 484ms (cache revalidated)
419 silly packumentCache full:https://registry.npmjs.org/es-errors set size:16918 disposed:false
420 http fetch GET 200 https://registry.npmjs.org/delayed-stream 882ms (cache revalidated)
421 silly packumentCache full:https://registry.npmjs.org/delayed-stream set size:15820 disposed:false
422 silly placeDep ROOT delayed-stream@1.0.0 OK for: combined-stream@1.0.8 want: ~1.0.0
423 silly placeDep ROOT es-errors@1.3.0 OK for: es-set-tostringtag@2.1.0 want: ^1.3.0
424 silly placeDep ROOT get-intrinsic@1.3.0 OK for: es-set-tostringtag@2.1.0 want: ^1.2.6
425 silly placeDep ROOT has-tostringtag@1.0.2 OK for: es-set-tostringtag@2.1.0 want: ^1.0.2
426 silly fetch manifest call-bind-apply-helpers@^1.0.2
427 silly packumentCache full:https://registry.npmjs.org/call-bind-apply-helpers cache-miss
428 silly fetch manifest es-define-property@^1.0.1
429 silly packumentCache full:https://registry.npmjs.org/es-define-property cache-miss
430 silly fetch manifest es-object-atoms@^1.1.1
431 silly packumentCache full:https://registry.npmjs.org/es-object-atoms cache-miss
432 silly fetch manifest get-proto@^1.0.1
433 silly packumentCache full:https://registry.npmjs.org/get-proto cache-miss
434 silly fetch manifest gopd@^1.2.0
435 silly packumentCache full:https://registry.npmjs.org/gopd cache-miss
436 silly fetch manifest has-symbols@^1.1.0
437 silly packumentCache full:https://registry.npmjs.org/has-symbols cache-miss
438 silly fetch manifest math-intrinsics@^1.1.0
439 silly packumentCache full:https://registry.npmjs.org/math-intrinsics cache-miss
440 http fetch GET 200 https://registry.npmjs.org/es-object-atoms 399ms (cache revalidated)
441 silly packumentCache full:https://registry.npmjs.org/es-object-atoms set size:15304 disposed:false
442 silly fetch manifest has-symbols@^1.0.3
443 silly packumentCache full:https://registry.npmjs.org/has-symbols cache-miss
444 http fetch GET 200 https://registry.npmjs.org/call-bind-apply-helpers 427ms (cache revalidated)
445 silly packumentCache full:https://registry.npmjs.org/call-bind-apply-helpers set size:12744 disposed:false
446 http fetch GET 200 https://registry.npmjs.org/has-symbols 417ms (cache revalidated)
447 silly packumentCache full:https://registry.npmjs.org/has-symbols set size:21550 disposed:false
448 http fetch GET 200 https://registry.npmjs.org/gopd 450ms (cache revalidated)
449 silly packumentCache full:https://registry.npmjs.org/gopd set size:11458 disposed:false
450 http fetch GET 200 https://registry.npmjs.org/es-define-property 518ms (cache revalidated)
451 silly packumentCache full:https://registry.npmjs.org/es-define-property set size:8542 disposed:false
452 http fetch GET 200 https://registry.npmjs.org/has-symbols 355ms (cache revalidated)
453 silly packumentCache full:https://registry.npmjs.org/has-symbols set size:21550 disposed:false
454 silly packumentCache full:https://registry.npmjs.org/has-symbols dispose
455 http fetch GET 200 https://registry.npmjs.org/get-proto 892ms (cache revalidated)
456 silly packumentCache full:https://registry.npmjs.org/get-proto set size:8300 disposed:false
457 http fetch GET 200 https://registry.npmjs.org/math-intrinsics 886ms (cache revalidated)
458 silly packumentCache full:https://registry.npmjs.org/math-intrinsics set size:9265 disposed:false
459 silly placeDep ROOT call-bind-apply-helpers@1.0.2 OK for: get-intrinsic@1.3.0 want: ^1.0.2
460 silly placeDep ROOT es-define-property@1.0.1 OK for: get-intrinsic@1.3.0 want: ^1.0.1
461 silly placeDep ROOT es-object-atoms@1.1.1 OK for: get-intrinsic@1.3.0 want: ^1.1.1
462 silly placeDep ROOT function-bind@1.1.2 OK for: get-intrinsic@1.3.0 want: ^1.1.2
463 silly placeDep ROOT get-proto@1.0.1 OK for: get-intrinsic@1.3.0 want: ^1.0.1
464 silly placeDep ROOT gopd@1.2.0 OK for: get-intrinsic@1.3.0 want: ^1.2.0
465 silly placeDep ROOT has-symbols@1.1.0 OK for: get-intrinsic@1.3.0 want: ^1.1.0
466 silly placeDep ROOT math-intrinsics@1.1.0 OK for: get-intrinsic@1.3.0 want: ^1.1.0
467 silly fetch manifest dunder-proto@^1.0.1
468 silly packumentCache full:https://registry.npmjs.org/dunder-proto cache-miss
469 http fetch GET 200 https://registry.npmjs.org/dunder-proto 335ms (cache revalidated)
470 silly packumentCache full:https://registry.npmjs.org/dunder-proto set size:8256 disposed:false
471 silly placeDep ROOT dunder-proto@1.0.1 OK for: get-proto@1.0.1 want: ^1.0.1
472 silly placeDep ROOT @keyv/serialize@1.1.0 OK for: keyv@5.5.0 want: ^1.1.0
473 silly placeDep ROOT curve25519-js@0.0.4 OK for: @whiskeysockets/libsignal-node@2.0.1 want: ^0.0.4
474 silly placeDep node_modules/libsignal protobufjs@6.8.8 OK for: @whiskeysockets/libsignal-node@2.0.1 want: 6.8.8
475 silly fetch manifest long@^4.0.0
476 silly packumentCache full:https://registry.npmjs.org/long cache-hit
477 silly fetch manifest @types/long@^4.0.0
478 silly packumentCache full:https://registry.npmjs.org/@types%2flong cache-miss
479 silly fetch manifest @types/node@^10.1.0
480 silly packumentCache full:https://registry.npmjs.org/@types%2fnode cache-miss
481 http cache https://registry.npmjs.org/@types%2fnode 116ms (cache hit)
482 silly packumentCache full:https://registry.npmjs.org/@types%2fnode set size:10512316 disposed:false
483 http fetch GET 200 https://registry.npmjs.org/@types%2flong 780ms (cache revalidated)
484 silly packumentCache full:https://registry.npmjs.org/@types%2flong set size:28711 disposed:false
485 silly placeDep ROOT mime-db@1.52.0 OK for: mime-types@2.1.35 want: 1.52.0
486 silly placeDep ROOT @borewit/text-codec@0.2.0 OK for: music-metadata@11.8.3 want: ^0.2.0
487 silly placeDep ROOT @tokenizer/token@0.3.0 OK for: music-metadata@11.8.3 want: ^0.3.0
488 silly placeDep ROOT content-type@1.0.5 OK for: music-metadata@11.8.3 want: ^1.0.5
489 silly placeDep ROOT debug@4.4.1 OK for: music-metadata@11.8.3 want: ^4.4.1
490 silly placeDep ROOT file-type@21.0.0 OK for: music-metadata@11.8.3 want: ^21.0.0
491 silly placeDep ROOT media-typer@1.1.0 OK for: music-metadata@11.8.3 want: ^1.1.0
492 silly placeDep ROOT strtok3@10.3.4 OK for: music-metadata@11.8.3 want: ^10.3.4
493 silly placeDep ROOT token-types@6.1.1 OK for: music-metadata@11.8.3 want: ^6.1.1
494 silly placeDep ROOT uint8array-extras@1.5.0 OK for: music-metadata@11.8.3 want: ^1.4.1
495 silly fetch manifest ms@^2.1.3
496 silly packumentCache full:https://registry.npmjs.org/ms cache-miss
497 silly fetch manifest @tokenizer/inflate@^0.2.7
498 silly packumentCache full:https://registry.npmjs.org/@tokenizer%2finflate cache-miss
499 silly fetch manifest strtok3@^10.2.2
500 silly packumentCache full:https://registry.npmjs.org/strtok3 cache-hit
501 silly fetch manifest token-types@^6.0.0
502 silly packumentCache full:https://registry.npmjs.org/token-types cache-hit
503 silly fetch manifest uint8array-extras@^1.4.0
504 silly packumentCache full:https://registry.npmjs.org/uint8array-extras cache-hit
505 silly fetch manifest @borewit/text-codec@^0.1.0
506 silly packumentCache full:https://registry.npmjs.org/@borewit%2ftext-codec cache-hit
507 silly fetch manifest ieee754@^1.2.1
508 silly packumentCache full:https://registry.npmjs.org/ieee754 cache-miss
509 http fetch GET 200 https://registry.npmjs.org/ms 400ms (cache revalidated)
510 silly packumentCache full:https://registry.npmjs.org/ms set size:92208 disposed:false
511 http fetch GET 200 https://registry.npmjs.org/ieee754 425ms (cache revalidated)
512 silly packumentCache full:https://registry.npmjs.org/ieee754 set size:34910 disposed:false
513 http fetch GET 200 https://registry.npmjs.org/@tokenizer%2finflate 541ms (cache revalidated)
514 silly packumentCache full:https://registry.npmjs.org/@tokenizer%2finflate set size:27439 disposed:false
515 silly placeDep ROOT ms@2.1.3 OK for: debug@4.4.1 want: ^2.1.3
516 silly placeDep ROOT @tokenizer/inflate@0.2.7 OK for: file-type@21.0.0 want: ^0.2.7
517 silly fetch manifest fflate@^0.8.2
518 silly packumentCache full:https://registry.npmjs.org/fflate cache-miss
519 http fetch GET 200 https://registry.npmjs.org/fflate 346ms (cache revalidated)
520 silly packumentCache full:https://registry.npmjs.org/fflate set size:230492 disposed:false
521 silly placeDep ROOT fflate@0.8.2 OK for: @tokenizer/inflate@0.2.7 want: ^0.8.2
522 silly placeDep ROOT atomic-sleep@1.0.0 OK for: pino@9.9.4 want: ^1.0.0
523 silly placeDep ROOT fast-redact@3.5.0 OK for: pino@9.9.4 want: ^3.1.1
524 silly placeDep ROOT on-exit-leak-free@2.1.2 OK for: pino@9.9.4 want: ^2.1.0
525 silly placeDep ROOT pino-abstract-transport@2.0.0 OK for: pino@9.9.4 want: ^2.0.0
526 silly placeDep ROOT pino-std-serializers@7.0.0 OK for: pino@9.9.4 want: ^7.0.0
527 silly placeDep ROOT process-warning@5.0.0 OK for: pino@9.9.4 want: ^5.0.0
528 silly placeDep ROOT quick-format-unescaped@4.0.4 OK for: pino@9.9.4 want: ^4.0.3
529 silly placeDep ROOT real-require@0.2.0 OK for: pino@9.9.4 want: ^0.2.0
530 silly placeDep ROOT safe-stable-stringify@2.5.0 OK for: pino@9.9.4 want: ^2.3.1
531 silly placeDep ROOT sonic-boom@4.2.0 OK for: pino@9.9.4 want: ^4.0.1
532 silly placeDep ROOT thread-stream@3.1.0 OK for: pino@9.9.4 want: ^3.0.0
533 silly fetch manifest split2@^4.0.0
534 silly packumentCache full:https://registry.npmjs.org/split2 cache-miss
535 http fetch GET 200 https://registry.npmjs.org/split2 543ms (cache revalidated)
536 silly packumentCache full:https://registry.npmjs.org/split2 set size:47438 disposed:false
537 silly placeDep ROOT split2@4.2.0 OK for: pino-abstract-transport@2.0.0 want: ^4.0.0
538 silly placeDep ROOT @protobufjs/aspromise@1.1.2 OK for: protobufjs@7.5.4 want: ^1.1.2
539 silly placeDep ROOT @protobufjs/base64@1.1.2 OK for: protobufjs@7.5.4 want: ^1.1.2
540 silly placeDep ROOT @protobufjs/codegen@2.0.4 OK for: protobufjs@7.5.4 want: ^2.0.4
541 silly placeDep ROOT @protobufjs/eventemitter@1.1.0 OK for: protobufjs@7.5.4 want: ^1.1.0
542 silly placeDep ROOT @protobufjs/fetch@1.1.0 OK for: protobufjs@7.5.4 want: ^1.1.0
543 silly placeDep ROOT @protobufjs/float@1.0.2 OK for: protobufjs@7.5.4 want: ^1.0.2
544 silly placeDep ROOT @protobufjs/inquire@1.1.0 OK for: protobufjs@7.5.4 want: ^1.1.0
545 silly placeDep ROOT @protobufjs/path@1.1.2 OK for: protobufjs@7.5.4 want: ^1.1.2
546 silly placeDep ROOT @protobufjs/pool@1.1.0 OK for: protobufjs@7.5.4 want: ^1.1.0
547 silly placeDep ROOT @protobufjs/utf8@1.1.0 OK for: protobufjs@7.5.4 want: ^1.1.0
548 silly placeDep ROOT @types/node@24.3.1 OK for: protobufjs@7.5.4 want: >=13.7.0
549 silly placeDep ROOT long@5.3.2 OK for: protobufjs@7.5.4 want: ^5.0.0
550 silly fetch manifest undici-types@~7.10.0
551 silly packumentCache full:https://registry.npmjs.org/undici-types cache-miss
552 http fetch GET 200 https://registry.npmjs.org/undici-types 956ms (cache revalidated)
553 silly packumentCache full:https://registry.npmjs.org/undici-types set size:148959 disposed:false
554 silly placeDep ROOT undici-types@7.10.0 OK for: @types/node@24.3.1 want: ~7.10.0
555 silly placeDep ROOT @img/sharp-darwin-arm64@0.34.3 OK for: sharp@0.34.3 want: 0.34.3
556 silly placeDep ROOT @img/sharp-darwin-x64@0.34.3 OK for: sharp@0.34.3 want: 0.34.3
557 silly placeDep ROOT @img/sharp-libvips-darwin-arm64@1.2.0 OK for: sharp@0.34.3 want: 1.2.0
558 silly placeDep ROOT @img/sharp-libvips-darwin-x64@1.2.0 OK for: sharp@0.34.3 want: 1.2.0
559 silly placeDep ROOT @img/sharp-libvips-linux-arm@1.2.0 OK for: sharp@0.34.3 want: 1.2.0
560 silly placeDep ROOT @img/sharp-libvips-linux-arm64@1.2.0 OK for: sharp@0.34.3 want: 1.2.0
561 silly placeDep ROOT @img/sharp-libvips-linux-ppc64@1.2.0 OK for: sharp@0.34.3 want: 1.2.0
562 silly placeDep ROOT @img/sharp-libvips-linux-s390x@1.2.0 OK for: sharp@0.34.3 want: 1.2.0
563 silly placeDep ROOT @img/sharp-libvips-linux-x64@1.2.0 OK for: sharp@0.34.3 want: 1.2.0
564 silly placeDep ROOT @img/sharp-libvips-linuxmusl-arm64@1.2.0 OK for: sharp@0.34.3 want: 1.2.0
565 silly placeDep ROOT @img/sharp-libvips-linuxmusl-x64@1.2.0 OK for: sharp@0.34.3 want: 1.2.0
566 silly placeDep ROOT @img/sharp-linux-arm@0.34.3 OK for: sharp@0.34.3 want: 0.34.3
567 silly placeDep ROOT @img/sharp-linux-arm64@0.34.3 OK for: sharp@0.34.3 want: 0.34.3
568 silly placeDep ROOT @img/sharp-linux-ppc64@0.34.3 OK for: sharp@0.34.3 want: 0.34.3
569 silly placeDep ROOT @img/sharp-linux-s390x@0.34.3 OK for: sharp@0.34.3 want: 0.34.3
570 silly placeDep ROOT @img/sharp-linux-x64@0.34.3 OK for: sharp@0.34.3 want: 0.34.3
571 silly placeDep ROOT @img/sharp-linuxmusl-arm64@0.34.3 OK for: sharp@0.34.3 want: 0.34.3
572 silly placeDep ROOT @img/sharp-linuxmusl-x64@0.34.3 OK for: sharp@0.34.3 want: 0.34.3
573 silly placeDep ROOT @img/sharp-wasm32@0.34.3 OK for: sharp@0.34.3 want: 0.34.3
574 silly placeDep ROOT @img/sharp-win32-arm64@0.34.3 OK for: sharp@0.34.3 want: 0.34.3
575 silly placeDep ROOT @img/sharp-win32-ia32@0.34.3 OK for: sharp@0.34.3 want: 0.34.3
576 silly placeDep ROOT @img/sharp-win32-x64@0.34.3 OK for: sharp@0.34.3 want: 0.34.3
577 silly placeDep ROOT color@4.2.3 OK for: sharp@0.34.3 want: ^4.2.3
578 silly placeDep ROOT detect-libc@2.0.4 OK for: sharp@0.34.3 want: ^2.0.4
579 silly placeDep ROOT semver@7.7.2 OK for: sharp@0.34.3 want: ^7.7.2
580 silly fetch manifest @emnapi/runtime@^1.4.4
581 silly packumentCache full:https://registry.npmjs.org/@emnapi%2fruntime cache-miss
582 silly fetch manifest color-string@^1.9.0
583 silly packumentCache full:https://registry.npmjs.org/color-string cache-miss
584 silly fetch manifest color-convert@^2.0.1
585 silly packumentCache full:https://registry.npmjs.org/color-convert cache-miss
586 http fetch GET 200 https://registry.npmjs.org/color-string 598ms (cache revalidated)
587 silly packumentCache full:https://registry.npmjs.org/color-string set size:76309 disposed:false
588 http fetch GET 200 https://registry.npmjs.org/color-convert 836ms (cache revalidated)
589 silly packumentCache full:https://registry.npmjs.org/color-convert set size:64701 disposed:false
590 http fetch GET 200 https://registry.npmjs.org/@emnapi%2fruntime 898ms (cache revalidated)
591 silly packumentCache full:https://registry.npmjs.org/@emnapi%2fruntime set size:88620 disposed:false
592 silly placeDep ROOT @emnapi/runtime@1.5.0 OK for: @img/sharp-wasm32@0.34.3 want: ^1.4.4
593 silly placeDep ROOT color-convert@2.0.1 OK for: color@4.2.3 want: ^2.0.1
594 silly placeDep ROOT color-string@1.9.1 OK for: color@4.2.3 want: ^1.9.0
595 silly fetch manifest color-name@~1.1.4
596 silly packumentCache full:https://registry.npmjs.org/color-name cache-miss
597 silly fetch manifest color-name@^1.0.0
598 silly packumentCache full:https://registry.npmjs.org/color-name cache-miss
599 silly fetch manifest simple-swizzle@^0.2.2
600 silly packumentCache full:https://registry.npmjs.org/simple-swizzle cache-miss
601 http fetch GET 200 https://registry.npmjs.org/color-name 462ms (cache revalidated)
602 silly packumentCache full:https://registry.npmjs.org/color-name set size:15968 disposed:false
603 http fetch GET 200 https://registry.npmjs.org/simple-swizzle 530ms (cache revalidated)
604 silly packumentCache full:https://registry.npmjs.org/simple-swizzle set size:7196 disposed:false
605 http fetch GET 200 https://registry.npmjs.org/color-name 864ms (cache revalidated)
606 silly packumentCache full:https://registry.npmjs.org/color-name set size:15968 disposed:false
607 silly packumentCache full:https://registry.npmjs.org/color-name dispose
608 silly placeDep ROOT color-name@1.1.4 OK for: color-convert@2.0.1 want: ~1.1.4
609 silly placeDep ROOT simple-swizzle@0.2.2 OK for: color-string@1.9.1 want: ^0.2.2
610 silly fetch manifest is-arrayish@^0.3.1
611 silly packumentCache full:https://registry.npmjs.org/is-arrayish cache-miss
612 http fetch GET 200 https://registry.npmjs.org/is-arrayish 4585ms (cache revalidated)
613 silly packumentCache full:https://registry.npmjs.org/is-arrayish set size:12727 disposed:false
614 silly placeDep ROOT is-arrayish@0.3.2 OK for: simple-swizzle@0.2.2 want: ^0.3.1
615 silly placeDep node_modules/token-types @borewit/text-codec@0.1.1 OK for: token-types@6.1.1 want: ^0.1.0
616 silly placeDep ROOT ieee754@1.2.1 OK for: token-types@6.1.1 want: ^1.2.1
617 silly placeDep ROOT @types/long@4.0.2 OK for: protobufjs@6.8.8 want: ^4.0.0
618 silly placeDep node_modules/libsignal @types/node@10.17.60 OK for: protobufjs@6.8.8 want: ^10.1.0
619 silly placeDep node_modules/libsignal long@4.0.0 OK for: protobufjs@6.8.8 want: ^4.0.0
620 silly reify moves {}
621 silly audit bulk request {
621 silly audit   '@whiskeysockets/baileys': [ '7.0.0-rc.2' ],
621 silly audit   sharp: [ '0.34.3' ],
621 silly audit   'qrcode-terminal': [ '0.12.0' ],
621 silly audit   '@cacheable/node-cache': [ '1.7.0' ],
621 silly audit   '@hapi/boom': [ '9.1.4' ],
621 silly audit   'async-mutex': [ '0.5.0' ],
621 silly audit   axios: [ '1.11.0' ],
621 silly audit   '@whiskeysockets/libsignal-node': [ '2.0.1' ],
621 silly audit   'lru-cache': [ '11.2.1' ],
621 silly audit   'music-metadata': [ '11.8.3' ],
621 silly audit   pino: [ '9.9.4' ],
621 silly audit   protobufjs: [ '7.5.4', '6.8.8' ],
621 silly audit   ws: [ '8.18.3' ],
621 silly audit   cacheable: [ '1.10.4' ],
621 silly audit   hookified: [ '1.12.0' ],
621 silly audit   keyv: [ '5.5.0' ],
621 silly audit   '@hapi/hoek': [ '9.3.0' ],
621 silly audit   tslib: [ '2.8.1' ],
621 silly audit   'follow-redirects': [ '1.15.11' ],
621 silly audit   'form-data': [ '4.0.4' ],
621 silly audit   'proxy-from-env': [ '1.1.0' ],
621 silly audit   asynckit: [ '0.4.0' ],
621 silly audit   'combined-stream': [ '1.0.8' ],
621 silly audit   'es-set-tostringtag': [ '2.1.0' ],
621 silly audit   hasown: [ '2.0.2' ],
621 silly audit   'mime-types': [ '2.1.35' ],
621 silly audit   'delayed-stream': [ '1.0.0' ],
621 silly audit   'es-errors': [ '1.3.0' ],
621 silly audit   'get-intrinsic': [ '1.3.0' ],
621 silly audit   'has-tostringtag': [ '1.0.2' ],
621 silly audit   'call-bind-apply-helpers': [ '1.0.2' ],
621 silly audit   'es-define-property': [ '1.0.1' ],
621 silly audit   'es-object-atoms': [ '1.1.1' ],
621 silly audit   'function-bind': [ '1.1.2' ],
621 silly audit   'get-proto': [ '1.0.1' ],
621 silly audit   gopd: [ '1.2.0' ],
621 silly audit   'has-symbols': [ '1.1.0' ],
621 silly audit   'math-intrinsics': [ '1.1.0' ],
621 silly audit   'dunder-proto': [ '1.0.1' ],
621 silly audit   '@keyv/serialize': [ '1.1.0' ],
621 silly audit   'curve25519-js': [ '0.0.4' ],
621 silly audit   'mime-db': [ '1.52.0' ],
621 silly audit   '@borewit/text-codec': [ '0.2.0', '0.1.1' ],
621 silly audit   '@tokenizer/token': [ '0.3.0' ],
621 silly audit   'content-type': [ '1.0.5' ],
621 silly audit   debug: [ '4.4.1' ],
621 silly audit   'file-type': [ '21.0.0' ],
621 silly audit   'media-typer': [ '1.1.0' ],
621 silly audit   strtok3: [ '10.3.4' ],
621 silly audit   'token-types': [ '6.1.1' ],
621 silly audit   'uint8array-extras': [ '1.5.0' ],
621 silly audit   ms: [ '2.1.3' ],
621 silly audit   '@tokenizer/inflate': [ '0.2.7' ],
621 silly audit   fflate: [ '0.8.2' ],
621 silly audit   'atomic-sleep': [ '1.0.0' ],
621 silly audit   'fast-redact': [ '3.5.0' ],
621 silly audit   'on-exit-leak-free': [ '2.1.2' ],
621 silly audit   'pino-abstract-transport': [ '2.0.0' ],
621 silly audit   'pino-std-serializers': [ '7.0.0' ],
621 silly audit   'process-warning': [ '5.0.0' ],
621 silly audit   'quick-format-unescaped': [ '4.0.4' ],
621 silly audit   'real-require': [ '0.2.0' ],
621 silly audit   'safe-stable-stringify': [ '2.5.0' ],
621 silly audit   'sonic-boom': [ '4.2.0' ],
621 silly audit   'thread-stream': [ '3.1.0' ],
621 silly audit   split2: [ '4.2.0' ],
621 silly audit   '@protobufjs/aspromise': [ '1.1.2' ],
621 silly audit   '@protobufjs/base64': [ '1.1.2' ],
621 silly audit   '@protobufjs/codegen': [ '2.0.4' ],
621 silly audit   '@protobufjs/eventemitter': [ '1.1.0' ],
621 silly audit   '@protobufjs/fetch': [ '1.1.0' ],
621 silly audit   '@protobufjs/float': [ '1.0.2' ],
621 silly audit   '@protobufjs/inquire': [ '1.1.0' ],
621 silly audit   '@protobufjs/path': [ '1.1.2' ],
621 silly audit   '@protobufjs/pool': [ '1.1.0' ],
621 silly audit   '@protobufjs/utf8': [ '1.1.0' ],
621 silly audit   '@types/node': [ '24.3.1', '10.17.60' ],
621 silly audit   long: [ '5.3.2', '4.0.0' ],
621 silly audit   'undici-types': [ '7.10.0' ],
621 silly audit   '@img/sharp-darwin-arm64': [ '0.34.3' ],
621 silly audit   '@img/sharp-darwin-x64': [ '0.34.3' ],
621 silly audit   '@img/sharp-libvips-darwin-arm64': [ '1.2.0' ],
621 silly audit   '@img/sharp-libvips-darwin-x64': [ '1.2.0' ],
621 silly audit   '@img/sharp-libvips-linux-arm': [ '1.2.0' ],
621 silly audit   '@img/sharp-libvips-linux-arm64': [ '1.2.0' ],
621 silly audit   '@img/sharp-libvips-linux-ppc64': [ '1.2.0' ],
621 silly audit   '@img/sharp-libvips-linux-s390x': [ '1.2.0' ],
621 silly audit   '@img/sharp-libvips-linux-x64': [ '1.2.0' ],
621 silly audit   '@img/sharp-libvips-linuxmusl-arm64': [ '1.2.0' ],
621 silly audit   '@img/sharp-libvips-linuxmusl-x64': [ '1.2.0' ],
621 silly audit   '@img/sharp-linux-arm': [ '0.34.3' ],
621 silly audit   '@img/sharp-linux-arm64': [ '0.34.3' ],
621 silly audit   '@img/sharp-linux-ppc64': [ '0.34.3' ],
621 silly audit   '@img/sharp-linux-s390x': [ '0.34.3' ],
621 silly audit   '@img/sharp-linux-x64': [ '0.34.3' ],
621 silly audit   '@img/sharp-linuxmusl-arm64': [ '0.34.3' ],
621 silly audit   '@img/sharp-linuxmusl-x64': [ '0.34.3' ],
621 silly audit   '@img/sharp-wasm32': [ '0.34.3' ],
621 silly audit   '@img/sharp-win32-arm64': [ '0.34.3' ],
621 silly audit   '@img/sharp-win32-ia32': [ '0.34.3' ],
621 silly audit   '@img/sharp-win32-x64': [ '0.34.3' ],
621 silly audit   color: [ '4.2.3' ],
621 silly audit   'detect-libc': [ '2.0.4' ],
621 silly audit   semver: [ '7.7.2' ],
621 silly audit   '@emnapi/runtime': [ '1.5.0' ],
621 silly audit   'color-convert': [ '2.0.1' ],
621 silly audit   'color-string': [ '1.9.1' ],
621 silly audit   'color-name': [ '1.1.4' ],
621 silly audit   'simple-swizzle': [ '0.2.2' ],
621 silly audit   'is-arrayish': [ '0.3.2' ],
621 silly audit   ieee754: [ '1.2.1' ],
621 silly audit   '@types/long': [ '4.0.2' ]
621 silly audit }
622 verbose reify failed optional dependency /data/data/com.termux/files/home/node_modules/@img/sharp-win32-x64
623 silly reify mark deleted [
623 silly reify   '/data/data/com.termux/files/home/node_modules/@img/sharp-win32-x64'
623 silly reify ]
624 verbose reify failed optional dependency /data/data/com.termux/files/home/node_modules/@img/sharp-win32-ia32
625 silly reify mark deleted [
625 silly reify   '/data/data/com.termux/files/home/node_modules/@img/sharp-win32-ia32'
625 silly reify ]
626 verbose reify failed optional dependency /data/data/com.termux/files/home/node_modules/@img/sharp-win32-arm64
627 silly reify mark deleted [
627 silly reify   '/data/data/com.termux/files/home/node_modules/@img/sharp-win32-arm64'
627 silly reify ]
628 verbose reify failed optional dependency /data/data/com.termux/files/home/node_modules/@img/sharp-wasm32
629 silly reify mark deleted [ '/data/data/com.termux/files/home/node_modules/@img/sharp-wasm32' ]
630 verbose reify failed optional dependency /data/data/com.termux/files/home/node_modules/@emnapi/runtime
631 silly reify mark deleted [ '/data/data/com.termux/files/home/node_modules/@emnapi/runtime' ]
632 verbose reify failed optional dependency /data/data/com.termux/files/home/node_modules/@img/sharp-linuxmusl-x64
633 silly reify mark deleted [
633 silly reify   '/data/data/com.termux/files/home/node_modules/@img/sharp-linuxmusl-x64'
633 silly reify ]
634 verbose reify failed optional dependency /data/data/com.termux/files/home/node_modules/@img/sharp-linuxmusl-arm64
635 silly reify mark deleted [
635 silly reify   '/data/data/com.termux/files/home/node_modules/@img/sharp-linuxmusl-arm64'
635 silly reify ]
636 verbose reify failed optional dependency /data/data/com.termux/files/home/node_modules/@img/sharp-linux-x64
637 silly reify mark deleted [
637 silly reify   '/data/data/com.termux/files/home/node_modules/@img/sharp-linux-x64'
637 silly reify ]
638 verbose reify failed optional dependency /data/data/com.termux/files/home/node_modules/@img/sharp-linux-s390x
639 silly reify mark deleted [
639 silly reify   '/data/data/com.termux/files/home/node_modules/@img/sharp-linux-s390x'
639 silly reify ]
640 verbose reify failed optional dependency /data/data/com.termux/files/home/node_modules/@img/sharp-linux-ppc64
641 silly reify mark deleted [
641 silly reify   '/data/data/com.termux/files/home/node_modules/@img/sharp-linux-ppc64'
641 silly reify ]
642 verbose reify failed optional dependency /data/data/com.termux/files/home/node_modules/@img/sharp-linux-arm64
643 silly reify mark deleted [
643 silly reify   '/data/data/com.termux/files/home/node_modules/@img/sharp-linux-arm64'
643 silly reify ]
644 verbose reify failed optional dependency /data/data/com.termux/files/home/node_modules/@img/sharp-linux-arm
645 silly reify mark deleted [
645 silly reify   '/data/data/com.termux/files/home/node_modules/@img/sharp-linux-arm'
645 silly reify ]
646 verbose reify failed optional dependency /data/data/com.termux/files/home/node_modules/@img/sharp-libvips-linuxmusl-x64
647 silly reify mark deleted [
647 silly reify   '/data/data/com.termux/files/home/node_modules/@img/sharp-libvips-linuxmusl-x64'
647 silly reify ]
648 verbose reify failed optional dependency /data/data/com.termux/files/home/node_modules/@img/sharp-libvips-linuxmusl-arm64
649 silly reify mark deleted [
649 silly reify   '/data/data/com.termux/files/home/node_modules/@img/sharp-libvips-linuxmusl-arm64'
649 silly reify ]
650 verbose reify failed optional dependency /data/data/com.termux/files/home/node_modules/@img/sharp-libvips-linux-x64
651 silly reify mark deleted [
651 silly reify   '/data/data/com.termux/files/home/node_modules/@img/sharp-libvips-linux-x64'
651 silly reify ]
652 verbose reify failed optional dependency /data/data/com.termux/files/home/node_modules/@img/sharp-libvips-linux-s390x
653 silly reify mark deleted [
653 silly reify   '/data/data/com.termux/files/home/node_modules/@img/sharp-libvips-linux-s390x'
653 silly reify ]
654 verbose reify failed optional dependency /data/data/com.termux/files/home/node_modules/@img/sharp-libvips-linux-ppc64
655 silly reify mark deleted [
655 silly reify   '/data/data/com.termux/files/home/node_modules/@img/sharp-libvips-linux-ppc64'
655 silly reify ]
656 verbose reify failed optional dependency /data/data/com.termux/files/home/node_modules/@img/sharp-libvips-linux-arm64
657 silly reify mark deleted [
657 silly reify   '/data/data/com.termux/files/home/node_modules/@img/sharp-libvips-linux-arm64'
657 silly reify ]
658 verbose reify failed optional dependency /data/data/com.termux/files/home/node_modules/@img/sharp-libvips-linux-arm
659 silly reify mark deleted [
659 silly reify   '/data/data/com.termux/files/home/node_modules/@img/sharp-libvips-linux-arm'
659 silly reify ]
660 verbose reify failed optional dependency /data/data/com.termux/files/home/node_modules/@img/sharp-libvips-darwin-x64
661 silly reify mark deleted [
661 silly reify   '/data/data/com.termux/files/home/node_modules/@img/sharp-libvips-darwin-x64'
661 silly reify ]
662 verbose reify failed optional dependency /data/data/com.termux/files/home/node_modules/@img/sharp-libvips-darwin-arm64
663 silly reify mark deleted [
663 silly reify   '/data/data/com.termux/files/home/node_modules/@img/sharp-libvips-darwin-arm64'
663 silly reify ]
664 verbose reify failed optional dependency /data/data/com.termux/files/home/node_modules/@img/sharp-darwin-x64
665 silly reify mark deleted [
665 silly reify   '/data/data/com.termux/files/home/node_modules/@img/sharp-darwin-x64'
665 silly reify ]
666 verbose reify failed optional dependency /data/data/com.termux/files/home/node_modules/@img/sharp-darwin-arm64
667 silly reify mark deleted [
667 silly reify   '/data/data/com.termux/files/home/node_modules/@img/sharp-darwin-arm64'
667 silly reify ]
668 http cache @types/long@https://registry.npmjs.org/@types/long/-/long-4.0.2.tgz 0ms (cache hit)
669 http cache ieee754@https://registry.npmjs.org/ieee754/-/ieee754-1.2.1.tgz 0ms (cache hit)
670 http cache is-arrayish@https://registry.npmjs.org/is-arrayish/-/is-arrayish-0.3.2.tgz 0ms (cache hit)
671 http cache simple-swizzle@https://registry.npmjs.org/simple-swizzle/-/simple-swizzle-0.2.2.tgz 0ms (cache hit)
672 http cache color-name@https://registry.npmjs.org/color-name/-/color-name-1.1.4.tgz 0ms (cache hit)
673 http cache color-string@https://registry.npmjs.org/color-string/-/color-string-1.9.1.tgz 0ms (cache hit)
674 http cache color-convert@https://registry.npmjs.org/color-convert/-/color-convert-2.0.1.tgz 0ms (cache hit)
675 http cache @emnapi/runtime@https://registry.npmjs.org/@emnapi/runtime/-/runtime-1.5.0.tgz 0ms (cache hit)
676 http cache semver@https://registry.npmjs.org/semver/-/semver-7.7.2.tgz 1ms (cache hit)
677 http cache detect-libc@https://registry.npmjs.org/detect-libc/-/detect-libc-2.0.4.tgz 0ms (cache hit)
678 http cache color@https://registry.npmjs.org/color/-/color-4.2.3.tgz 1ms (cache hit)
679 http cache undici-types@https://registry.npmjs.org/undici-types/-/undici-types-7.10.0.tgz 1ms (cache hit)
680 http cache long@https://registry.npmjs.org/long/-/long-5.3.2.tgz 0ms (cache hit)
681 http cache @protobufjs/pool@https://registry.npmjs.org/@protobufjs/pool/-/pool-1.1.0.tgz 1ms (cache hit)
682 http cache @types/node@https://registry.npmjs.org/@types/node/-/node-24.3.1.tgz 0ms (cache hit)
683 http cache @protobufjs/utf8@https://registry.npmjs.org/@protobufjs/utf8/-/utf8-1.1.0.tgz 0ms (cache hit)
684 http cache @protobufjs/path@https://registry.npmjs.org/@protobufjs/path/-/path-1.1.2.tgz 0ms (cache hit)
685 http cache @protobufjs/float@https://registry.npmjs.org/@protobufjs/float/-/float-1.0.2.tgz 0ms (cache hit)
686 http cache @protobufjs/fetch@https://registry.npmjs.org/@protobufjs/fetch/-/fetch-1.1.0.tgz 0ms (cache hit)
687 http cache @protobufjs/eventemitter@https://registry.npmjs.org/@protobufjs/eventemitter/-/eventemitter-1.1.0.tgz 1ms (cache hit)
688 http cache @protobufjs/codegen@https://registry.npmjs.org/@protobufjs/codegen/-/codegen-2.0.4.tgz 0ms (cache hit)
689 http cache @protobufjs/inquire@https://registry.npmjs.org/@protobufjs/inquire/-/inquire-1.1.0.tgz 0ms (cache hit)
690 http cache @protobufjs/base64@https://registry.npmjs.org/@protobufjs/base64/-/base64-1.1.2.tgz 0ms (cache hit)
691 http cache @protobufjs/aspromise@https://registry.npmjs.org/@protobufjs/aspromise/-/aspromise-1.1.2.tgz 1ms (cache hit)
692 http cache split2@https://registry.npmjs.org/split2/-/split2-4.2.0.tgz 0ms (cache hit)
693 http cache thread-stream@https://registry.npmjs.org/thread-stream/-/thread-stream-3.1.0.tgz 0ms (cache hit)
694 http cache sonic-boom@https://registry.npmjs.org/sonic-boom/-/sonic-boom-4.2.0.tgz 0ms (cache hit)
695 http cache safe-stable-stringify@https://registry.npmjs.org/safe-stable-stringify/-/safe-stable-stringify-2.5.0.tgz 0ms (cache hit)
696 http cache quick-format-unescaped@https://registry.npmjs.org/quick-format-unescaped/-/quick-format-unescaped-4.0.4.tgz 1ms (cache hit)
697 http cache process-warning@https://registry.npmjs.org/process-warning/-/process-warning-5.0.0.tgz 0ms (cache hit)
698 http cache pino-std-serializers@https://registry.npmjs.org/pino-std-serializers/-/pino-std-serializers-7.0.0.tgz 0ms (cache hit)
699 http cache real-require@https://registry.npmjs.org/real-require/-/real-require-0.2.0.tgz 0ms (cache hit)
700 http cache pino-abstract-transport@https://registry.npmjs.org/pino-abstract-transport/-/pino-abstract-transport-2.0.0.tgz 0ms (cache hit)
701 http cache on-exit-leak-free@https://registry.npmjs.org/on-exit-leak-free/-/on-exit-leak-free-2.1.2.tgz 0ms (cache hit)
702 http cache fast-redact@https://registry.npmjs.org/fast-redact/-/fast-redact-3.5.0.tgz 1ms (cache hit)
703 http cache atomic-sleep@https://registry.npmjs.org/atomic-sleep/-/atomic-sleep-1.0.0.tgz 0ms (cache hit)
704 http cache fflate@https://registry.npmjs.org/fflate/-/fflate-0.8.2.tgz 0ms (cache hit)
705 http cache @tokenizer/inflate@https://registry.npmjs.org/@tokenizer/inflate/-/inflate-0.2.7.tgz 0ms (cache hit)
706 http cache uint8array-extras@https://registry.npmjs.org/uint8array-extras/-/uint8array-extras-1.5.0.tgz 1ms (cache hit)
707 http cache token-types@https://registry.npmjs.org/token-types/-/token-types-6.1.1.tgz 1ms (cache hit)
708 http cache ms@https://registry.npmjs.org/ms/-/ms-2.1.3.tgz 0ms (cache hit)
709 http cache strtok3@https://registry.npmjs.org/strtok3/-/strtok3-10.3.4.tgz 0ms (cache hit)
710 http cache media-typer@https://registry.npmjs.org/media-typer/-/media-typer-1.1.0.tgz 0ms (cache hit)
711 http cache file-type@https://registry.npmjs.org/file-type/-/file-type-21.0.0.tgz 0ms (cache hit)
712 http cache debug@https://registry.npmjs.org/debug/-/debug-4.4.1.tgz 0ms (cache hit)
713 http cache content-type@https://registry.npmjs.org/content-type/-/content-type-1.0.5.tgz 0ms (cache hit)
714 http cache @tokenizer/token@https://registry.npmjs.org/@tokenizer/token/-/token-0.3.0.tgz 1ms (cache hit)
715 http cache mime-db@https://registry.npmjs.org/mime-db/-/mime-db-1.52.0.tgz 0ms (cache hit)
716 http cache @borewit/text-codec@https://registry.npmjs.org/@borewit/text-codec/-/text-codec-0.2.0.tgz 1ms (cache hit)
717 http cache @keyv/serialize@https://registry.npmjs.org/@keyv/serialize/-/serialize-1.1.0.tgz 0ms (cache hit)
718 http cache curve25519-js@https://registry.npmjs.org/curve25519-js/-/curve25519-js-0.0.4.tgz 1ms (cache hit)
719 http cache dunder-proto@https://registry.npmjs.org/dunder-proto/-/dunder-proto-1.0.1.tgz 0ms (cache hit)
720 http cache math-intrinsics@https://registry.npmjs.org/math-intrinsics/-/math-intrinsics-1.1.0.tgz 0ms (cache hit)
721 http cache has-symbols@https://registry.npmjs.org/has-symbols/-/has-symbols-1.1.0.tgz 0ms (cache hit)
722 http cache gopd@https://registry.npmjs.org/gopd/-/gopd-1.2.0.tgz 1ms (cache hit)
723 http cache get-proto@https://registry.npmjs.org/get-proto/-/get-proto-1.0.1.tgz 0ms (cache hit)
724 http cache function-bind@https://registry.npmjs.org/function-bind/-/function-bind-1.1.2.tgz 0ms (cache hit)
725 http cache es-object-atoms@https://registry.npmjs.org/es-object-atoms/-/es-object-atoms-1.1.1.tgz 0ms (cache hit)
726 http cache es-define-property@https://registry.npmjs.org/es-define-property/-/es-define-property-1.0.1.tgz 0ms (cache hit)
727 http cache call-bind-apply-helpers@https://registry.npmjs.org/call-bind-apply-helpers/-/call-bind-apply-helpers-1.0.2.tgz 0ms (cache hit)
728 http cache has-tostringtag@https://registry.npmjs.org/has-tostringtag/-/has-tostringtag-1.0.2.tgz 0ms (cache hit)
729 http cache get-intrinsic@https://registry.npmjs.org/get-intrinsic/-/get-intrinsic-1.3.0.tgz 0ms (cache hit)
730 http cache es-errors@https://registry.npmjs.org/es-errors/-/es-errors-1.3.0.tgz 0ms (cache hit)
731 http cache delayed-stream@https://registry.npmjs.org/delayed-stream/-/delayed-stream-1.0.0.tgz 0ms (cache hit)
732 http cache mime-types@https://registry.npmjs.org/mime-types/-/mime-types-2.1.35.tgz 0ms (cache hit)
733 http cache hasown@https://registry.npmjs.org/hasown/-/hasown-2.0.2.tgz 0ms (cache hit)
734 http cache es-set-tostringtag@https://registry.npmjs.org/es-set-tostringtag/-/es-set-tostringtag-2.1.0.tgz 0ms (cache hit)
735 http cache combined-stream@https://registry.npmjs.org/combined-stream/-/combined-stream-1.0.8.tgz 1ms (cache hit)
736 http cache asynckit@https://registry.npmjs.org/asynckit/-/asynckit-0.4.0.tgz 0ms (cache hit)
737 http cache proxy-from-env@https://registry.npmjs.org/proxy-from-env/-/proxy-from-env-1.1.0.tgz 0ms (cache hit)
738 http cache form-data@https://registry.npmjs.org/form-data/-/form-data-4.0.4.tgz 1ms (cache hit)
739 http cache follow-redirects@https://registry.npmjs.org/follow-redirects/-/follow-redirects-1.15.11.tgz 0ms (cache hit)
740 http cache tslib@https://registry.npmjs.org/tslib/-/tslib-2.8.1.tgz 1ms (cache hit)
741 http cache keyv@https://registry.npmjs.org/keyv/-/keyv-5.5.0.tgz 0ms (cache hit)
742 http cache @hapi/hoek@https://registry.npmjs.org/@hapi/hoek/-/hoek-9.3.0.tgz 0ms (cache hit)
743 http cache hookified@https://registry.npmjs.org/hookified/-/hookified-1.12.0.tgz 0ms (cache hit)
744 http cache cacheable@https://registry.npmjs.org/cacheable/-/cacheable-1.10.4.tgz 0ms (cache hit)
745 http cache ws@https://registry.npmjs.org/ws/-/ws-8.18.3.tgz 0ms (cache hit)
746 http cache protobufjs@https://registry.npmjs.org/protobufjs/-/protobufjs-7.5.4.tgz 0ms (cache hit)
747 http cache pino@https://registry.npmjs.org/pino/-/pino-9.9.4.tgz 0ms (cache hit)
748 http cache music-metadata@https://registry.npmjs.org/music-metadata/-/music-metadata-11.8.3.tgz 0ms (cache hit)
749 http cache lru-cache@https://registry.npmjs.org/lru-cache/-/lru-cache-11.2.1.tgz 0ms (cache hit)
750 http cache axios@https://registry.npmjs.org/axios/-/axios-1.11.0.tgz 0ms (cache hit)
751 http cache async-mutex@https://registry.npmjs.org/async-mutex/-/async-mutex-0.5.0.tgz 0ms (cache hit)
752 http cache @cacheable/node-cache@https://registry.npmjs.org/@cacheable/node-cache/-/node-cache-1.7.0.tgz 0ms (cache hit)
753 http cache qrcode-terminal@https://registry.npmjs.org/qrcode-terminal/-/qrcode-terminal-0.12.0.tgz 0ms (cache hit)
754 http cache @hapi/boom@https://registry.npmjs.org/@hapi/boom/-/boom-9.1.4.tgz 0ms (cache hit)
755 http cache sharp@https://registry.npmjs.org/sharp/-/sharp-0.34.3.tgz 0ms (cache hit)
756 http cache @whiskeysockets/baileys@https://registry.npmjs.org/@whiskeysockets/baileys/-/baileys-7.0.0-rc.2.tgz 1ms (cache hit)
757 http cache @borewit/text-codec@https://registry.npmjs.org/@borewit/text-codec/-/text-codec-0.1.1.tgz 0ms (cache hit)
758 http cache long@https://registry.npmjs.org/long/-/long-4.0.0.tgz 0ms (cache hit)
759 http cache @types/node@https://registry.npmjs.org/@types/node/-/node-10.17.60.tgz 0ms (cache hit)
760 http cache protobufjs@https://registry.npmjs.org/protobufjs/-/protobufjs-6.8.8.tgz 1ms (cache hit)
761 http fetch POST 200 https://registry.npmjs.org/-/npm/v1/security/advisories/bulk 2163ms
762 silly audit report {}
763 http fetch GET 200 https://codeload.github.com/whiskeysockets/libsignal-node/tar.gz/4d08331a833727c338c1a90041d17b870210dfae 4431ms (cache revalidated)
764 silly packumentCache heap:828375040 maxSize:207093760 maxEntrySize:103546880
765 info run @whiskeysockets/baileys@7.0.0-rc.2 preinstall node_modules/@whiskeysockets/baileys node ./engine-requirements.js
766 info run @whiskeysockets/baileys@7.0.0-rc.2 preinstall { code: 0, signal: null }
767 info run sharp@0.34.3 install node_modules/sharp node install/check.js
768 info run sharp@0.34.3 install { code: 0, signal: null }
769 info run protobufjs@7.5.4 postinstall node_modules/protobufjs node scripts/postinstall
770 info run protobufjs@7.5.4 postinstall { code: 0, signal: null }
771 info run protobufjs@6.8.8 postinstall node_modules/libsignal/node_modules/protobufjs node scripts/postinstall
772 info run protobufjs@6.8.8 postinstall { code: 0, signal: null }
773 silly ADD node_modules/@types/long
774 silly ADD node_modules/ieee754
775 silly ADD node_modules/is-arrayish
776 silly ADD node_modules/simple-swizzle
777 silly ADD node_modules/color-name
778 silly ADD node_modules/color-string
779 silly ADD node_modules/color-convert
780 silly ADD node_modules/@emnapi/runtime
781 silly ADD node_modules/semver
782 silly ADD node_modules/detect-libc
783 silly ADD node_modules/color
784 silly ADD node_modules/@img/sharp-win32-x64
785 silly ADD node_modules/@img/sharp-win32-ia32
786 silly ADD node_modules/@img/sharp-win32-arm64
787 silly ADD node_modules/@img/sharp-wasm32
788 silly ADD node_modules/@img/sharp-linuxmusl-x64
789 silly ADD node_modules/@img/sharp-linuxmusl-arm64
790 silly ADD node_modules/@img/sharp-linux-x64
791 silly ADD node_modules/@img/sharp-linux-s390x
792 silly ADD node_modules/@img/sharp-linux-ppc64
793 silly ADD node_modules/@img/sharp-linux-arm64
794 silly ADD node_modules/@img/sharp-linux-arm
795 silly ADD node_modules/@img/sharp-libvips-linuxmusl-x64
796 silly ADD node_modules/@img/sharp-libvips-linuxmusl-arm64
797 silly ADD node_modules/@img/sharp-libvips-linux-x64
798 silly ADD node_modules/@img/sharp-libvips-linux-s390x
799 silly ADD node_modules/@img/sharp-libvips-linux-ppc64
800 silly ADD node_modules/@img/sharp-libvips-linux-arm64
801 silly ADD node_modules/@img/sharp-libvips-linux-arm
802 silly ADD node_modules/@img/sharp-libvips-darwin-x64
803 silly ADD node_modules/@img/sharp-libvips-darwin-arm64
804 silly ADD node_modules/@img/sharp-darwin-x64
805 silly ADD node_modules/@img/sharp-darwin-arm64
806 silly ADD node_modules/undici-types
807 silly ADD node_modules/long
808 silly ADD node_modules/@types/node
809 silly ADD node_modules/@protobufjs/utf8
810 silly ADD node_modules/@protobufjs/pool
811 silly ADD node_modules/@protobufjs/path
812 silly ADD node_modules/@protobufjs/inquire
813 silly ADD node_modules/@protobufjs/float
814 silly ADD node_modules/@protobufjs/fetch
815 silly ADD node_modules/@protobufjs/eventemitter
816 silly ADD node_modules/@protobufjs/codegen
817 silly ADD node_modules/@protobufjs/base64
818 silly ADD node_modules/@protobufjs/aspromise
819 silly ADD node_modules/split2
820 silly ADD node_modules/thread-stream
821 silly ADD node_modules/sonic-boom
822 silly ADD node_modules/safe-stable-stringify
823 silly ADD node_modules/real-require
824 silly ADD node_modules/quick-format-unescaped
825 silly ADD node_modules/process-warning
826 silly ADD node_modules/pino-std-serializers
827 silly ADD node_modules/pino-abstract-transport
828 silly ADD node_modules/on-exit-leak-free
829 silly ADD node_modules/fast-redact
830 silly ADD node_modules/atomic-sleep
831 silly ADD node_modules/fflate
832 silly ADD node_modules/@tokenizer/inflate
833 silly ADD node_modules/ms
834 silly ADD node_modules/uint8array-extras
835 silly ADD node_modules/token-types
836 silly ADD node_modules/token-types/node_modules/@borewit/text-codec
837 silly ADD node_modules/strtok3
838 silly ADD node_modules/media-typer
839 silly ADD node_modules/file-type
840 silly ADD node_modules/debug
841 silly ADD node_modules/content-type
842 silly ADD node_modules/@tokenizer/token
843 silly ADD node_modules/@borewit/text-codec
844 silly ADD node_modules/mime-db
845 silly ADD node_modules/curve25519-js
846 silly ADD node_modules/@keyv/serialize
847 silly ADD node_modules/dunder-proto
848 silly ADD node_modules/math-intrinsics
849 silly ADD node_modules/has-symbols
850 silly ADD node_modules/gopd
851 silly ADD node_modules/get-proto
852 silly ADD node_modules/function-bind
853 silly ADD node_modules/es-object-atoms
854 silly ADD node_modules/es-define-property
855 silly ADD node_modules/call-bind-apply-helpers
856 silly ADD node_modules/has-tostringtag
857 silly ADD node_modules/get-intrinsic
858 silly ADD node_modules/es-errors
859 silly ADD node_modules/delayed-stream
860 silly ADD node_modules/mime-types
861 silly ADD node_modules/hasown
862 silly ADD node_modules/es-set-tostringtag
863 silly ADD node_modules/combined-stream
864 silly ADD node_modules/asynckit
865 silly ADD node_modules/proxy-from-env
866 silly ADD node_modules/form-data
867 silly ADD node_modules/follow-redirects
868 silly ADD node_modules/tslib
869 silly ADD node_modules/@hapi/hoek
870 silly ADD node_modules/keyv
871 silly ADD node_modules/hookified
872 silly ADD node_modules/cacheable
873 silly ADD node_modules/ws
874 silly ADD node_modules/protobufjs
875 silly ADD node_modules/pino
876 silly ADD node_modules/music-metadata
877 silly ADD node_modules/lru-cache
878 silly ADD node_modules/libsignal
879 silly ADD node_modules/libsignal/node_modules/long
880 silly ADD node_modules/libsignal/node_modules/@types/node
881 silly ADD node_modules/libsignal/node_modules/protobufjs
882 silly ADD node_modules/axios
883 silly ADD node_modules/async-mutex
884 silly ADD node_modules/@hapi/boom
885 silly ADD node_modules/@cacheable/node-cache
886 silly ADD node_modules/qrcode-terminal
887 silly ADD node_modules/sharp
888 silly ADD node_modules/@whiskeysockets/baileys
889 verbose cwd /data/data/com.termux/files/home
890 verbose os Linux 4.19.191-25991128-abA042FXXS6CWL1
891 verbose node v24.7.0
892 verbose npm  v11.5.1
893 verbose exit 0
894 info ok
